#
# A fatal error has been detected by the Java Runtime Environment:
#
#  SIGSEGV (0xb) at pc=0x00007658f905fb11, pid=490, tid=506
#
# JRE version: OpenJDK Runtime Environment (11.0.27+6) (build 11.0.27+6-post-Ubuntu-0ubuntu124.04)
# Java VM: OpenJDK 64-Bit Server VM (11.0.27+6-post-Ubuntu-0ubuntu124.04, mixed mode, sharing, tiered, compressed oops, g1 gc, linux-amd64)
# Problematic frame:
# V  [libjvm.so+0x684b11]  DebugInformationRecorder::create_scope_values(GrowableArray<ScopeValue*>*)+0x71
#
# Core dump will be written. Default location: Core dumps may be processed with "/usr/lib/systemd/systemd-coredump %P %u %g %s %t 9223372036854775808 %h %d" (or dumping to /work/src/ontology/core.490)
#
# If you would like to submit a bug report, please visit:
#   https://bugs.launchpad.net/ubuntu/+source/openjdk-lts
#

---------------  S U M M A R Y ------------

Command Line: -Xmx6G /tools/robot.jar --catalog catalog-v001.xml annotate --input mirror/chmo.owl --remove-annotations extract --term-file imports/chmo_terms.txt --force true --copy-ontology-annotations true --individuals exclude --method SUBSET remove --term rdfs:label --term IAO:0000115 --term OMO:0002000 --term-file imports/chmo_terms.txt --select complement --select annotation-properties annotate --ontology-iri http://purl.obolibrary.org/obo/tfsco/imports/chmo_import.owl annotate -V http://purl.obolibrary.org/obo/tfsco/releases/2026-01-12/imports/chmo_import.owl --annotation owl:versionInfo 2026-01-12 convert -f ofn --output imports/chmo_import.owl.tmp.owl

Host: AMD Ryzen 3 4300U with Radeon Graphics, 4 cores, 6G, Ubuntu 24.04.2 LTS
Time: Mon Jan 12 12:31:00 2026 UTC elapsed time: 2.862386 seconds (0d 0h 0m 2s)

---------------  T H R E A D  ---------------

Current thread (0x00007658f41fc800):  JavaThread "C1 CompilerThread0" daemon [_thread_in_native, id=506, stack(0x00007658c8800000,0x00007658c8900000)]


Current CompileTask:
C1:   2862 3071       3       org.geneontology.whelk.Bridge$::convertAxiom (6034 bytes)

Stack: [0x00007658c8800000,0x00007658c8900000],  sp=0x00007658c88fe250,  free space=1016k
Native frames: (J=compiled Java code, A=aot compiled Java code, j=interpreted, Vv=VM code, C=native code)
V  [libjvm.so+0x684b11]  DebugInformationRecorder::create_scope_values(GrowableArray<ScopeValue*>*)+0x71
V  [libjvm.so+0x4c64ce]  CodeEmitInfo::record_debug_info(DebugInformationRecorder*, int)+0x35e
V  [libjvm.so+0x4d5f45]  LIR_Assembler::add_call_info(int, CodeEmitInfo*)+0x45
V  [libjvm.so+0x49c6aa]  CounterOverflowStub::emit_code(LIR_Assembler*)+0xba
V  [libjvm.so+0x4d5c6b]  LIR_Assembler::emit_slow_case_stubs()+0x4b
V  [libjvm.so+0x4a0f4c]  Compilation::emit_code_body()+0x20c
V  [libjvm.so+0x4a1309]  Compilation::compile_java_method()+0x2f9
V  [libjvm.so+0x4a1502]  Compilation::compile_method()+0x112
V  [libjvm.so+0x4a196c]  Compilation::Compilation(AbstractCompiler*, ciEnv*, ciMethod*, int, BufferBlob*, DirectiveSet*)+0x20c
V  [libjvm.so+0x4a2268]  Compiler::compile_method(ciEnv*, ciMethod*, int, DirectiveSet*)+0xa8
V  [libjvm.so+0x62ce4a]  CompileBroker::invoke_compiler_on_method(CompileTask*)+0x47a
V  [libjvm.so+0x62e1b8]  CompileBroker::compiler_thread_loop()+0x438
V  [libjvm.so+0xe58b6e]  JavaThread::thread_main_inner()+0x23e
V  [libjvm.so+0xe54fdd]  Thread::call_run()+0x14d
V  [libjvm.so+0xc08a3e]  thread_native_entry(Thread*)+0xee
C  [libc.so.6+0x9caa4]


siginfo: si_signo: 11 (SIGSEGV), si_code: 1 (SEGV_MAPERR), si_addr: 0x00005a52d062dee0

Register to memory mapping:

RAX=0x000076589c862720 points into unknown readable memory: 0x000076589c063220 | 20 32 06 9c 58 76 00 00
RBX=0x000000000000007d is an unknown value
RCX=0x000000000002012d is an unknown value
RDX=0x000076589cc28040 points into unknown readable memory: 0x000025c20000ebff | ff eb 00 00 c2 25 00 00
RSP=0x00007658c88fe250 is pointing into the stack for thread: 0x00007658f41fc800
RBP=0x00007658c88fe270 is pointing into the stack for thread: 0x00007658f41fc800
RSI=0x000076589872e900 points into unknown readable memory: 0x000076589cc28040 | 40 80 c2 9c 58 76 00 00
RDI=0x00005a52d062dee0 is an unknown value
R8 =0x00007658c88fe200 is pointing into the stack for thread: 0x00007658f41fc800
R9 =0x000076589ccbc6a0 points into unknown readable memory: 0x000076589c8621c0 | c0 21 86 9c 58 76 00 00
R10=0x000076589c862e80 points into unknown readable memory: 0x0000765898731c00 | 00 1c 73 98 58 76 00 00
R11=0x000076589c862ee0 points into unknown readable memory: 0x000076588c8aa830 | 30 a8 8a 8c 58 76 00 00
R12=0x000076589c8621e0 points into unknown readable memory: 0x000000eb000000eb | eb 00 00 00 eb 00 00 00
R13=0x00007658f41fd120 points into unknown readable memory: 0x0000765898731aa0 | a0 1a 73 98 58 76 00 00
R14=0x000000000002002d is an unknown value
R15=0x000076589c862ff0 points into unknown readable memory: 0x000076588c8ac270 | 70 c2 8a 8c 58 76 00 00


Registers:
RAX=0x000076589c862720, RBX=0x000000000000007d, RCX=0x000000000002012d, RDX=0x000076589cc28040
RSP=0x00007658c88fe250, RBP=0x00007658c88fe270, RSI=0x000076589872e900, RDI=0x00005a52d062dee0
R8 =0x00007658c88fe200, R9 =0x000076589ccbc6a0, R10=0x000076589c862e80, R11=0x000076589c862ee0
R12=0x000076589c8621e0, R13=0x00007658f41fd120, R14=0x000000000002002d, R15=0x000076589c862ff0
RIP=0x00007658f905fb11, EFLAGS=0x0000000000010206, CSGSFS=0x002b000000000033, ERR=0x0000000000000004
  TRAPNO=0x000000000000000e

Top of Stack: (sp=0x00007658c88fe250)
0x00007658c88fe250:   00007658f41fd120 000076589c863080
0x00007658c88fe260:   000000000004b0ba 00007658c88fe2d0
0x00007658c88fe270:   00007658c88fe310 00007658f8ea14ce
0x00007658c88fe280:   0000000000000000 000076589cb800f0 

Instructions: (pc=0x00007658f905fb11)
0x00007658f905fa11:   53 c7 8e 00 be 5b 01 00 00 48 8d 3d 9f be 8f 00
0x00007658f905fa21:   48 8b 00 c6 00 58 31 c0 e8 92 b2 ff ff e8 ed c3
0x00007658f905fa31:   57 00 49 63 44 24 44 e9 62 ff ff ff 90 66 90 f3
0x00007658f905fa41:   0f 1e fa 48 63 47 44 83 f8 01 7e 06 80 7f 08 00
0x00007658f905fa51:   75 0d 84 d2 74 03 89 77 48 c3 0f 1f 44 00 00 4c
0x00007658f905fa61:   8b 47 38 48 c1 e0 04 49 8d 4c 00 e0 44 8b 09 44
0x00007658f905fa71:   39 4f 48 7d dd 49 8d 44 00 f0 44 8b 50 04 44 39
0x00007658f905fa81:   51 04 75 ce 44 8b 58 08 44 39 59 08 75 c4 8b 40
0x00007658f905fa91:   0c 39 41 0c 75 bc 89 31 83 6f 44 01 eb b4 90 f3
0x00007658f905faa1:   0f 1e fa 48 85 f6 0f 84 bb 00 00 00 55 31 c0 48
0x00007658f905fab1:   89 e5 41 56 41 55 41 54 49 89 f4 53 8b 36 85 f6
0x00007658f905fac1:   75 0d 5b 41 5c 41 5d 41 5e 5d c3 0f 1f 40 00 49
0x00007658f905fad1:   89 fd 48 8b 7f 10 44 8b 77 08 81 fe bf 00 00 00
0x00007658f905fae1:   77 06 44 3b 77 0c 7c 67 e8 32 bc fb ff 41 8b 04
0x00007658f905faf1:   24 31 db 85 c0 7e 25 0f 1f 84 00 00 00 00 00 49
0x00007658f905fb01:   8b 44 24 18 49 8b 75 10 48 8b 3c d8 48 83 c3 01
0x00007658f905fb11:   48 8b 07 ff 50 38 41 39 1c 24 7f e3 44 89 f6 4c
0x00007658f905fb21:   89 ef e8 28 f6 ff ff 85 c0 74 14 49 8b 55 10 48
0x00007658f905fb31:   98 44 89 72 08 5b 41 5c 41 5d 41 5e 5d c3 90 5b
0x00007658f905fb41:   49 63 c6 41 5c 41 5d 41 5e 5d c3 0f 1f 40 00 41
0x00007658f905fb51:   8d 46 01 48 8b 17 89 47 08 49 63 c6 40 88 34 02
0x00007658f905fb61:   eb 8b 0f 1f 44 00 00 31 c0 c3 90 0f 1f 40 00 f3
0x00007658f905fb71:   0f 1e fa 48 85 f6 0f 84 bb 00 00 00 55 31 c0 48
0x00007658f905fb81:   89 e5 41 56 41 55 41 54 49 89 f4 53 8b 36 85 f6
0x00007658f905fb91:   75 0d 5b 41 5c 41 5d 41 5e 5d c3 0f 1f 40 00 49
0x00007658f905fba1:   89 fd 48 8b 7f 10 44 8b 77 08 81 fe bf 00 00 00
0x00007658f905fbb1:   77 06 44 3b 77 0c 7c 67 e8 62 bb fb ff 41 8b 04
0x00007658f905fbc1:   24 31 db 85 c0 7e 24 0f 1f 84 00 00 00 00 00 49
0x00007658f905fbd1:   8b 44 24 18 49 8b 75 10 48 8b 3c d8 48 83 c3 01
0x00007658f905fbe1:   e8 3a ea ff ff 41 39 1c 24 7f e4 44 89 f6 4c 89
0x00007658f905fbf1:   ef e8 59 f5 ff ff 85 c0 74 15 49 8b 55 10 48 98
0x00007658f905fc01:   44 89 72 08 5b 41 5c 41 5d 41 5e 5d c3 66 90 5b 


Stack slot to memory mapping:
stack at sp + 0 slots: 0x00007658f41fd120 points into unknown readable memory: 0x0000765898731aa0 | a0 1a 73 98 58 76 00 00
stack at sp + 1 slots: 0x000076589c863080 points into unknown readable memory: 0x000076588c8ae9d0 | d0 e9 8a 8c 58 76 00 00
stack at sp + 2 slots: 0x000000000004b0ba is an unknown value
stack at sp + 3 slots: 0x00007658c88fe2d0 is pointing into the stack for thread: 0x00007658f41fc800
stack at sp + 4 slots: 0x00007658c88fe310 is pointing into the stack for thread: 0x00007658f41fc800
stack at sp + 5 slots: 0x00007658f8ea14ce: <offset 0x00000000004c64ce> in /usr/lib/jvm/java-11-openjdk-amd64/lib/server/libjvm.so at 0x00007658f89db000
stack at sp + 6 slots: 0x0 is NULL
stack at sp + 7 slots: 0x000076589cb800f0 points into unknown readable memory: 0x00007658f9c07740 | 40 77 c0 f9 58 76 00 00


---------------  P R O C E S S  ---------------

Threads class SMR info:
_java_thread_list=0x00007658f4818cc0, length=13, elements={
0x00007658f4015800, 0x00007658f41ed000, 0x00007658f41ef000, 0x00007658f41f6000,
0x00007658f41f8000, 0x00007658f41fa800, 0x00007658f41fc800, 0x00007658f41fe800,
0x00007658f4259800, 0x0000765898065800, 0x00007658f4637800, 0x00007658f487d800,
0x00007658f48fe800
}

Java Threads: ( => current thread )
  0x00007658f4015800 JavaThread "main" [_thread_in_Java, id=494, stack(0x00007658f8546000,0x00007658f8646000)]
  0x00007658f41ed000 JavaThread "Reference Handler" daemon [_thread_blocked, id=501, stack(0x00007658c8d00000,0x00007658c8e00000)]
  0x00007658f41ef000 JavaThread "Finalizer" daemon [_thread_blocked, id=502, stack(0x00007658c8c00000,0x00007658c8d00000)]
  0x00007658f41f6000 JavaThread "Signal Dispatcher" daemon [_thread_blocked, id=503, stack(0x00007658c8b00000,0x00007658c8c00000)]
  0x00007658f41f8000 JavaThread "Service Thread" daemon [_thread_blocked, id=504, stack(0x00007658c8a00000,0x00007658c8b00000)]
  0x00007658f41fa800 JavaThread "C2 CompilerThread0" daemon [_thread_blocked, id=505, stack(0x00007658c8900000,0x00007658c8a00000)]
=>0x00007658f41fc800 JavaThread "C1 CompilerThread0" daemon [_thread_in_native, id=506, stack(0x00007658c8800000,0x00007658c8900000)]
  0x00007658f41fe800 JavaThread "Sweeper thread" daemon [_thread_blocked, id=507, stack(0x00007658c8700000,0x00007658c8800000)]
  0x00007658f4259800 JavaThread "Common-Cleaner" daemon [_thread_blocked, id=509, stack(0x00007658c84ff000,0x00007658c85ff000)]
  0x0000765898065800 JavaThread "C2 CompilerThread1" daemon [_thread_blocked, id=510, stack(0x00007658c83ff000,0x00007658c84ff000)]
  0x00007658f4637800 JavaThread "ForkJoinPool.commonPool-worker-3" daemon [_thread_blocked, id=512, stack(0x00007658c81fe000,0x00007658c82fe000)]
  0x00007658f487d800 JavaThread "ForkJoinPool.commonPool-worker-5" daemon [_thread_blocked, id=513, stack(0x00007658c80fe000,0x00007658c81fe000)]
  0x00007658f48fe800 JavaThread "ForkJoinPool.commonPool-worker-7" daemon [_thread_blocked, id=514, stack(0x00007658c1700000,0x00007658c1800000)]

Other Threads:
  0x00007658f41ea000 VMThread "VM Thread" [stack: 0x00007658c967b000,0x00007658c977b000] [id=500]
  0x00007658f4257800 WatcherThread [stack: 0x00007658c8600000,0x00007658c8700000] [id=508]
  0x00007658f402e800 GCTaskThread "GC Thread#0" [stack: 0x00007658f8204000,0x00007658f8304000] [id=495]
  0x00007658b4001000 GCTaskThread "GC Thread#1" [stack: 0x00007658c82ff000,0x00007658c83ff000] [id=511]
  0x00007658b40ce000 GCTaskThread "GC Thread#2" [stack: 0x00007658c0ffd000,0x00007658c10fd000] [id=518]
  0x00007658f40bc000 ConcurrentGCThread "G1 Main Marker" [stack: 0x00007658dc332000,0x00007658dc432000] [id=496]
  0x00007658f40be000 ConcurrentGCThread "G1 Conc#0" [stack: 0x00007658dc231000,0x00007658dc331000] [id=497]
  0x00007658f413b000 ConcurrentGCThread "G1 Refine#0" [stack: 0x00007658c98fe000,0x00007658c99fe000] [id=498]
  0x00007658b8001000 ConcurrentGCThread "G1 Refine#1" [stack: 0x00007658c1300000,0x00007658c1400000] [id=515]
  0x0000765870001000 ConcurrentGCThread "G1 Refine#2" [stack: 0x00007658c11ff000,0x00007658c12ff000] [id=516]
  0x0000765874001000 ConcurrentGCThread "G1 Refine#3" [stack: 0x00007658c10fe000,0x00007658c11fe000] [id=517]
  0x00007658f413c800 ConcurrentGCThread "G1 Young RemSet Sampling" [stack: 0x00007658c97fd000,0x00007658c98fd000] [id=499]

Threads with active compile tasks:
C1 CompilerThread0     2875 3071       3       org.geneontology.whelk.Bridge$::convertAxiom (6034 bytes)

VM state:not at safepoint (normal execution)

VM Mutex/Monitor currently owned by a thread: None

Heap address: 0x0000000680000000, size: 6144 MB, Compressed Oops mode: Zero based, Oop shift amount: 3
Narrow klass base: 0x0000000800000000, Narrow klass shift: 3
Compressed class space size: 1073741824 Address: 0x0000000840000000

Heap:
 garbage-first heap   total 160768K, used 72002K [0x0000000680000000, 0x0000000800000000)
  region size 1024K, 39 young (39936K), 5 survivors (5120K)
 Metaspace       used 31754K, capacity 32556K, committed 32816K, reserved 1077248K
  class space    used 4824K, capacity 5121K, committed 5248K, reserved 1048576K
Heap Regions: E=young(eden), S=young(survivor), O=old, HS=humongous(starts), HC=humongous(continues), CS=collection set, F=free, A=archive, TAMS=top-at-mark-start (previous, next)
|   0|0x0000000680000000, 0x0000000680100000, 0x0000000680100000|100%| O|  |TAMS 0x0000000680100000, 0x0000000680000000| Untracked 
|   1|0x0000000680100000, 0x0000000680200000, 0x0000000680200000|100%| O|  |TAMS 0x0000000680200000, 0x0000000680100000| Complete 
|   2|0x0000000680200000, 0x0000000680300000, 0x0000000680300000|100%| O|  |TAMS 0x0000000680300000, 0x0000000680200000| Complete 
|   3|0x0000000680300000, 0x0000000680400000, 0x0000000680400000|100%| O|  |TAMS 0x0000000680400000, 0x0000000680300000| Complete 
|   4|0x0000000680400000, 0x0000000680500000, 0x0000000680500000|100%| O|  |TAMS 0x0000000680500000, 0x0000000680400000| Complete 
|   5|0x0000000680500000, 0x0000000680600000, 0x0000000680600000|100%| O|  |TAMS 0x0000000680600000, 0x0000000680500000| Complete 
|   6|0x0000000680600000, 0x0000000680700000, 0x0000000680700000|100%| O|  |TAMS 0x0000000680700000, 0x0000000680600000| Complete 
|   7|0x0000000680700000, 0x0000000680800000, 0x0000000680800000|100%|HS|  |TAMS 0x0000000680800000, 0x0000000680700000| Complete 
|   8|0x0000000680800000, 0x0000000680900000, 0x0000000680900000|100%|HC|  |TAMS 0x0000000680900000, 0x0000000680800000| Complete 
|   9|0x0000000680900000, 0x0000000680a00000, 0x0000000680a00000|100%|HC|  |TAMS 0x0000000680a00000, 0x0000000680900000| Complete 
|  10|0x0000000680a00000, 0x0000000680b00000, 0x0000000680b00000|100%|HC|  |TAMS 0x0000000680b00000, 0x0000000680a00000| Complete 
|  11|0x0000000680b00000, 0x0000000680c00000, 0x0000000680c00000|100%|HC|  |TAMS 0x0000000680c00000, 0x0000000680b00000| Complete 
|  12|0x0000000680c00000, 0x0000000680d00000, 0x0000000680d00000|100%|HC|  |TAMS 0x0000000680d00000, 0x0000000680c00000| Complete 
|  13|0x0000000680d00000, 0x0000000680e00000, 0x0000000680e00000|100%|HS|  |TAMS 0x0000000680e00000, 0x0000000680d00000| Complete 
|  14|0x0000000680e00000, 0x0000000680f00000, 0x0000000680f00000|100%| O|  |TAMS 0x0000000680f00000, 0x0000000680e00000| Untracked 
|  15|0x0000000680f00000, 0x0000000681000000, 0x0000000681000000|100%| O|  |TAMS 0x0000000681000000, 0x0000000680f00000| Untracked 
|  16|0x0000000681000000, 0x0000000681100000, 0x0000000681100000|100%| O|  |TAMS 0x0000000681100000, 0x0000000681000000| Untracked 
|  17|0x0000000681100000, 0x0000000681200000, 0x0000000681200000|100%| O|  |TAMS 0x0000000681200000, 0x0000000681100000| Complete 
|  18|0x0000000681200000, 0x0000000681300000, 0x0000000681300000|100%| O|  |TAMS 0x0000000681300000, 0x0000000681200000| Complete 
|  19|0x0000000681300000, 0x0000000681400000, 0x0000000681400000|100%| O|  |TAMS 0x0000000681400000, 0x0000000681300000| Complete 
|  20|0x0000000681400000, 0x0000000681500000, 0x0000000681500000|100%| O|  |TAMS 0x0000000681500000, 0x0000000681400000| Complete 
|  21|0x0000000681500000, 0x0000000681500000, 0x0000000681600000|  0%| F|  |TAMS 0x0000000681500000, 0x0000000681500000| Untracked 
|  22|0x0000000681600000, 0x0000000681700000, 0x0000000681700000|100%| O|  |TAMS 0x0000000681700000, 0x0000000681600000| Complete 
|  23|0x0000000681700000, 0x0000000681800000, 0x0000000681800000|100%| O|  |TAMS 0x0000000681800000, 0x0000000681700000| Complete 
|  24|0x0000000681800000, 0x0000000681900000, 0x0000000681900000|100%| O|  |TAMS 0x0000000681900000, 0x0000000681800000| Complete 
|  25|0x0000000681900000, 0x0000000681a00000, 0x0000000681a00000|100%| O|  |TAMS 0x0000000681a00000, 0x0000000681900000| Complete 
|  26|0x0000000681a00000, 0x0000000681b00000, 0x0000000681b00000|100%| O|  |TAMS 0x0000000681b00000, 0x0000000681a00000| Complete 
|  27|0x0000000681b00000, 0x0000000681c00000, 0x0000000681c00000|100%| O|  |TAMS 0x0000000681c00000, 0x0000000681b00000| Complete 
|  28|0x0000000681c00000, 0x0000000681d00000, 0x0000000681d00000|100%| O|  |TAMS 0x0000000681d00000, 0x0000000681c00000| Complete 
|  29|0x0000000681d00000, 0x0000000681e00000, 0x0000000681e00000|100%| O|  |TAMS 0x0000000681e00000, 0x0000000681d00000| Complete 
|  30|0x0000000681e00000, 0x0000000681f00000, 0x0000000681f00000|100%| O|  |TAMS 0x0000000681f00000, 0x0000000681e00000| Complete 
|  31|0x0000000681f00000, 0x0000000682000000, 0x0000000682000000|100%| O|  |TAMS 0x0000000682000000, 0x0000000681f00000| Complete 
|  32|0x0000000682000000, 0x000000068209ca00, 0x0000000682100000| 61%| O|  |TAMS 0x000000068209ca00, 0x0000000682000000| Untracked 
|  33|0x0000000682100000, 0x0000000682100000, 0x0000000682200000|  0%| F|  |TAMS 0x0000000682100000, 0x0000000682100000| Untracked 
|  34|0x0000000682200000, 0x0000000682200000, 0x0000000682300000|  0%| F|  |TAMS 0x0000000682200000, 0x0000000682200000| Untracked 
|  35|0x0000000682300000, 0x0000000682300000, 0x0000000682400000|  0%| F|  |TAMS 0x0000000682300000, 0x0000000682300000| Untracked 
|  36|0x0000000682400000, 0x0000000682400000, 0x0000000682500000|  0%| F|  |TAMS 0x0000000682400000, 0x0000000682400000| Untracked 
|  37|0x0000000682500000, 0x0000000682500000, 0x0000000682600000|  0%| F|  |TAMS 0x0000000682500000, 0x0000000682500000| Untracked 
|  38|0x0000000682600000, 0x0000000682600000, 0x0000000682700000|  0%| F|  |TAMS 0x0000000682600000, 0x0000000682600000| Untracked 
|  39|0x0000000682700000, 0x0000000682700000, 0x0000000682800000|  0%| F|  |TAMS 0x0000000682700000, 0x0000000682700000| Untracked 
|  40|0x0000000682800000, 0x0000000682800000, 0x0000000682900000|  0%| F|  |TAMS 0x0000000682800000, 0x0000000682800000| Untracked 
|  41|0x0000000682900000, 0x0000000682900000, 0x0000000682a00000|  0%| F|  |TAMS 0x0000000682900000, 0x0000000682900000| Untracked 
|  42|0x0000000682a00000, 0x0000000682a00000, 0x0000000682b00000|  0%| F|  |TAMS 0x0000000682a00000, 0x0000000682a00000| Untracked 
|  43|0x0000000682b00000, 0x0000000682b00000, 0x0000000682c00000|  0%| F|  |TAMS 0x0000000682b00000, 0x0000000682b00000| Untracked 
|  44|0x0000000682c00000, 0x0000000682c00000, 0x0000000682d00000|  0%| F|  |TAMS 0x0000000682c00000, 0x0000000682c00000| Untracked 
|  45|0x0000000682d00000, 0x0000000682d00000, 0x0000000682e00000|  0%| F|  |TAMS 0x0000000682d00000, 0x0000000682d00000| Untracked 
|  46|0x0000000682e00000, 0x0000000682e00000, 0x0000000682f00000|  0%| F|  |TAMS 0x0000000682e00000, 0x0000000682e00000| Untracked 
|  47|0x0000000682f00000, 0x0000000682f00000, 0x0000000683000000|  0%| F|  |TAMS 0x0000000682f00000, 0x0000000682f00000| Untracked 
|  48|0x0000000683000000, 0x0000000683000000, 0x0000000683100000|  0%| F|  |TAMS 0x0000000683000000, 0x0000000683000000| Untracked 
|  49|0x0000000683100000, 0x0000000683100000, 0x0000000683200000|  0%| F|  |TAMS 0x0000000683100000, 0x0000000683100000| Untracked 
|  50|0x0000000683200000, 0x0000000683200000, 0x0000000683300000|  0%| F|  |TAMS 0x0000000683200000, 0x0000000683200000| Untracked 
|  51|0x0000000683300000, 0x0000000683300000, 0x0000000683400000|  0%| F|  |TAMS 0x0000000683300000, 0x0000000683300000| Untracked 
|  52|0x0000000683400000, 0x0000000683400000, 0x0000000683500000|  0%| F|  |TAMS 0x0000000683400000, 0x0000000683400000| Untracked 
|  53|0x0000000683500000, 0x0000000683500000, 0x0000000683600000|  0%| F|  |TAMS 0x0000000683500000, 0x0000000683500000| Untracked 
|  54|0x0000000683600000, 0x0000000683600000, 0x0000000683700000|  0%| F|  |TAMS 0x0000000683600000, 0x0000000683600000| Untracked 
|  55|0x0000000683700000, 0x0000000683700000, 0x0000000683800000|  0%| F|  |TAMS 0x0000000683700000, 0x0000000683700000| Untracked 
|  56|0x0000000683800000, 0x0000000683800000, 0x0000000683900000|  0%| F|  |TAMS 0x0000000683800000, 0x0000000683800000| Untracked 
|  57|0x0000000683900000, 0x0000000683900000, 0x0000000683a00000|  0%| F|  |TAMS 0x0000000683900000, 0x0000000683900000| Untracked 
|  58|0x0000000683a00000, 0x0000000683a00000, 0x0000000683b00000|  0%| F|  |TAMS 0x0000000683a00000, 0x0000000683a00000| Untracked 
|  59|0x0000000683b00000, 0x0000000683b00000, 0x0000000683c00000|  0%| F|  |TAMS 0x0000000683b00000, 0x0000000683b00000| Untracked 
|  60|0x0000000683c00000, 0x0000000683c00000, 0x0000000683d00000|  0%| F|  |TAMS 0x0000000683c00000, 0x0000000683c00000| Untracked 
|  61|0x0000000683d00000, 0x0000000683d00000, 0x0000000683e00000|  0%| F|  |TAMS 0x0000000683d00000, 0x0000000683d00000| Untracked 
|  62|0x0000000683e00000, 0x0000000683e00000, 0x0000000683f00000|  0%| F|  |TAMS 0x0000000683e00000, 0x0000000683e00000| Untracked 
|  63|0x0000000683f00000, 0x0000000683f00000, 0x0000000684000000|  0%| F|  |TAMS 0x0000000683f00000, 0x0000000683f00000| Untracked 
|  64|0x0000000684000000, 0x0000000684000000, 0x0000000684100000|  0%| F|  |TAMS 0x0000000684000000, 0x0000000684000000| Untracked 
|  65|0x0000000684100000, 0x0000000684100000, 0x0000000684200000|  0%| F|  |TAMS 0x0000000684100000, 0x0000000684100000| Untracked 
|  66|0x0000000684200000, 0x0000000684200000, 0x0000000684300000|  0%| F|  |TAMS 0x0000000684200000, 0x0000000684200000| Untracked 
|  67|0x0000000684300000, 0x0000000684300000, 0x0000000684400000|  0%| F|  |TAMS 0x0000000684300000, 0x0000000684300000| Untracked 
|  68|0x0000000684400000, 0x0000000684400000, 0x0000000684500000|  0%| F|  |TAMS 0x0000000684400000, 0x0000000684400000| Untracked 
|  69|0x0000000684500000, 0x0000000684500000, 0x0000000684600000|  0%| F|  |TAMS 0x0000000684500000, 0x0000000684500000| Untracked 
|  70|0x0000000684600000, 0x0000000684600000, 0x0000000684700000|  0%| F|  |TAMS 0x0000000684600000, 0x0000000684600000| Untracked 
|  71|0x0000000684700000, 0x0000000684700000, 0x0000000684800000|  0%| F|  |TAMS 0x0000000684700000, 0x0000000684700000| Untracked 
|  72|0x0000000684800000, 0x0000000684800000, 0x0000000684900000|  0%| F|  |TAMS 0x0000000684800000, 0x0000000684800000| Untracked 
|  73|0x0000000684900000, 0x0000000684900000, 0x0000000684a00000|  0%| F|  |TAMS 0x0000000684900000, 0x0000000684900000| Untracked 
|  74|0x0000000684a00000, 0x0000000684a00000, 0x0000000684b00000|  0%| F|  |TAMS 0x0000000684a00000, 0x0000000684a00000| Untracked 
|  75|0x0000000684b00000, 0x0000000684b00000, 0x0000000684c00000|  0%| F|  |TAMS 0x0000000684b00000, 0x0000000684b00000| Untracked 
|  76|0x0000000684c00000, 0x0000000684c00000, 0x0000000684d00000|  0%| F|  |TAMS 0x0000000684c00000, 0x0000000684c00000| Untracked 
|  77|0x0000000684d00000, 0x0000000684d00000, 0x0000000684e00000|  0%| F|  |TAMS 0x0000000684d00000, 0x0000000684d00000| Untracked 
|  78|0x0000000684e00000, 0x0000000684e00000, 0x0000000684f00000|  0%| F|  |TAMS 0x0000000684e00000, 0x0000000684e00000| Untracked 
|  79|0x0000000684f00000, 0x0000000684f00000, 0x0000000685000000|  0%| F|  |TAMS 0x0000000684f00000, 0x0000000684f00000| Untracked 
|  80|0x0000000685000000, 0x0000000685000000, 0x0000000685100000|  0%| F|  |TAMS 0x0000000685000000, 0x0000000685000000| Untracked 
|  81|0x0000000685100000, 0x0000000685100000, 0x0000000685200000|  0%| F|  |TAMS 0x0000000685100000, 0x0000000685100000| Untracked 
|  82|0x0000000685200000, 0x0000000685200000, 0x0000000685300000|  0%| F|  |TAMS 0x0000000685200000, 0x0000000685200000| Untracked 
|  83|0x0000000685300000, 0x0000000685300000, 0x0000000685400000|  0%| F|  |TAMS 0x0000000685300000, 0x0000000685300000| Untracked 
|  84|0x0000000685400000, 0x0000000685400000, 0x0000000685500000|  0%| F|  |TAMS 0x0000000685400000, 0x0000000685400000| Untracked 
|  85|0x0000000685500000, 0x0000000685500000, 0x0000000685600000|  0%| F|  |TAMS 0x0000000685500000, 0x0000000685500000| Untracked 
|  86|0x0000000685600000, 0x0000000685600000, 0x0000000685700000|  0%| F|  |TAMS 0x0000000685600000, 0x0000000685600000| Untracked 
|  87|0x0000000685700000, 0x0000000685700000, 0x0000000685800000|  0%| F|  |TAMS 0x0000000685700000, 0x0000000685700000| Untracked 
|  88|0x0000000685800000, 0x0000000685800000, 0x0000000685900000|  0%| F|  |TAMS 0x0000000685800000, 0x0000000685800000| Untracked 
|  89|0x0000000685900000, 0x0000000685900000, 0x0000000685a00000|  0%| F|  |TAMS 0x0000000685900000, 0x0000000685900000| Untracked 
|  90|0x0000000685a00000, 0x0000000685a00000, 0x0000000685b00000|  0%| F|  |TAMS 0x0000000685a00000, 0x0000000685a00000| Untracked 
|  91|0x0000000685b00000, 0x0000000685b00000, 0x0000000685c00000|  0%| F|  |TAMS 0x0000000685b00000, 0x0000000685b00000| Untracked 
|  92|0x0000000685c00000, 0x0000000685c00000, 0x0000000685d00000|  0%| F|  |TAMS 0x0000000685c00000, 0x0000000685c00000| Untracked 
|  93|0x0000000685d00000, 0x0000000685d00000, 0x0000000685e00000|  0%| F|  |TAMS 0x0000000685d00000, 0x0000000685d00000| Untracked 
|  94|0x0000000685e00000, 0x0000000685e00000, 0x0000000685f00000|  0%| F|  |TAMS 0x0000000685e00000, 0x0000000685e00000| Untracked 
|  95|0x0000000685f00000, 0x0000000685f00000, 0x0000000686000000|  0%| F|  |TAMS 0x0000000685f00000, 0x0000000685f00000| Untracked 
|  96|0x0000000686000000, 0x0000000686000000, 0x0000000686100000|  0%| F|  |TAMS 0x0000000686000000, 0x0000000686000000| Untracked 
|  97|0x0000000686100000, 0x0000000686100000, 0x0000000686200000|  0%| F|  |TAMS 0x0000000686100000, 0x0000000686100000| Untracked 
|  98|0x0000000686200000, 0x0000000686200000, 0x0000000686300000|  0%| F|  |TAMS 0x0000000686200000, 0x0000000686200000| Untracked 
|  99|0x0000000686300000, 0x0000000686300000, 0x0000000686400000|  0%| F|  |TAMS 0x0000000686300000, 0x0000000686300000| Untracked 
| 100|0x0000000686400000, 0x0000000686400000, 0x0000000686500000|  0%| F|  |TAMS 0x0000000686400000, 0x0000000686400000| Untracked 
| 101|0x0000000686500000, 0x0000000686500000, 0x0000000686600000|  0%| F|  |TAMS 0x0000000686500000, 0x0000000686500000| Untracked 
| 102|0x0000000686600000, 0x0000000686600000, 0x0000000686700000|  0%| F|  |TAMS 0x0000000686600000, 0x0000000686600000| Untracked 
| 103|0x0000000686700000, 0x0000000686700000, 0x0000000686800000|  0%| F|  |TAMS 0x0000000686700000, 0x0000000686700000| Untracked 
| 104|0x0000000686800000, 0x0000000686800000, 0x0000000686900000|  0%| F|  |TAMS 0x0000000686800000, 0x0000000686800000| Untracked 
| 105|0x0000000686900000, 0x0000000686900000, 0x0000000686a00000|  0%| F|  |TAMS 0x0000000686900000, 0x0000000686900000| Untracked 
| 106|0x0000000686a00000, 0x0000000686a00000, 0x0000000686b00000|  0%| F|  |TAMS 0x0000000686a00000, 0x0000000686a00000| Untracked 
| 107|0x0000000686b00000, 0x0000000686b00000, 0x0000000686c00000|  0%| F|  |TAMS 0x0000000686b00000, 0x0000000686b00000| Untracked 
| 108|0x0000000686c00000, 0x0000000686c00000, 0x0000000686d00000|  0%| F|  |TAMS 0x0000000686c00000, 0x0000000686c00000| Untracked 
| 109|0x0000000686d00000, 0x0000000686d00000, 0x0000000686e00000|  0%| F|  |TAMS 0x0000000686d00000, 0x0000000686d00000| Untracked 
| 110|0x0000000686e00000, 0x0000000686e00000, 0x0000000686f00000|  0%| F|  |TAMS 0x0000000686e00000, 0x0000000686e00000| Untracked 
| 111|0x0000000686f00000, 0x0000000686f00000, 0x0000000687000000|  0%| F|  |TAMS 0x0000000686f00000, 0x0000000686f00000| Untracked 
| 112|0x0000000687000000, 0x0000000687000000, 0x0000000687100000|  0%| F|  |TAMS 0x0000000687000000, 0x0000000687000000| Untracked 
| 113|0x0000000687100000, 0x0000000687100000, 0x0000000687200000|  0%| F|  |TAMS 0x0000000687100000, 0x0000000687100000| Untracked 
| 114|0x0000000687200000, 0x0000000687200000, 0x0000000687300000|  0%| F|  |TAMS 0x0000000687200000, 0x0000000687200000| Untracked 
| 115|0x0000000687300000, 0x0000000687300000, 0x0000000687400000|  0%| F|  |TAMS 0x0000000687300000, 0x0000000687300000| Untracked 
| 116|0x0000000687400000, 0x0000000687500000, 0x0000000687500000|100%| E|  |TAMS 0x0000000687400000, 0x0000000687400000| Complete 
| 117|0x0000000687500000, 0x0000000687600000, 0x0000000687600000|100%| E|CS|TAMS 0x0000000687500000, 0x0000000687500000| Complete 
| 118|0x0000000687600000, 0x0000000687700000, 0x0000000687700000|100%| E|CS|TAMS 0x0000000687600000, 0x0000000687600000| Complete 
| 119|0x0000000687700000, 0x0000000687800000, 0x0000000687800000|100%| E|CS|TAMS 0x0000000687700000, 0x0000000687700000| Complete 
| 120|0x0000000687800000, 0x0000000687900000, 0x0000000687900000|100%| E|CS|TAMS 0x0000000687800000, 0x0000000687800000| Complete 
| 121|0x0000000687900000, 0x0000000687a00000, 0x0000000687a00000|100%| E|CS|TAMS 0x0000000687900000, 0x0000000687900000| Complete 
| 122|0x0000000687a00000, 0x0000000687b00000, 0x0000000687b00000|100%| E|CS|TAMS 0x0000000687a00000, 0x0000000687a00000| Complete 
| 123|0x0000000687b00000, 0x0000000687c00000, 0x0000000687c00000|100%| E|CS|TAMS 0x0000000687b00000, 0x0000000687b00000| Complete 
| 124|0x0000000687c00000, 0x0000000687d00000, 0x0000000687d00000|100%| E|CS|TAMS 0x0000000687c00000, 0x0000000687c00000| Complete 
| 125|0x0000000687d00000, 0x0000000687e00000, 0x0000000687e00000|100%| E|CS|TAMS 0x0000000687d00000, 0x0000000687d00000| Complete 
| 126|0x0000000687e00000, 0x0000000687f00000, 0x0000000687f00000|100%| E|CS|TAMS 0x0000000687e00000, 0x0000000687e00000| Complete 
| 127|0x0000000687f00000, 0x0000000688000000, 0x0000000688000000|100%| S|CS|TAMS 0x0000000687f00000, 0x0000000687f00000| Complete 
| 128|0x0000000688000000, 0x0000000688100000, 0x0000000688100000|100%| S|CS|TAMS 0x0000000688000000, 0x0000000688000000| Complete 
| 129|0x0000000688100000, 0x0000000688200000, 0x0000000688200000|100%| S|CS|TAMS 0x0000000688100000, 0x0000000688100000| Complete 
| 130|0x0000000688200000, 0x0000000688300000, 0x0000000688300000|100%| S|CS|TAMS 0x0000000688200000, 0x0000000688200000| Complete 
| 131|0x0000000688300000, 0x0000000688400000, 0x0000000688400000|100%| S|CS|TAMS 0x0000000688300000, 0x0000000688300000| Complete 
| 132|0x0000000688400000, 0x0000000688500000, 0x0000000688500000|100%| E|CS|TAMS 0x0000000688400000, 0x0000000688400000| Complete 
| 133|0x0000000688500000, 0x0000000688600000, 0x0000000688600000|100%| E|CS|TAMS 0x0000000688500000, 0x0000000688500000| Complete 
| 134|0x0000000688600000, 0x0000000688700000, 0x0000000688700000|100%| E|CS|TAMS 0x0000000688600000, 0x0000000688600000| Complete 
| 135|0x0000000688700000, 0x0000000688800000, 0x0000000688800000|100%| E|CS|TAMS 0x0000000688700000, 0x0000000688700000| Complete 
| 136|0x0000000688800000, 0x0000000688900000, 0x0000000688900000|100%| E|CS|TAMS 0x0000000688800000, 0x0000000688800000| Complete 
| 137|0x0000000688900000, 0x0000000688a00000, 0x0000000688a00000|100%| E|CS|TAMS 0x0000000688900000, 0x0000000688900000| Complete 
| 138|0x0000000688a00000, 0x0000000688b00000, 0x0000000688b00000|100%| E|CS|TAMS 0x0000000688a00000, 0x0000000688a00000| Complete 
| 139|0x0000000688b00000, 0x0000000688c00000, 0x0000000688c00000|100%| E|CS|TAMS 0x0000000688b00000, 0x0000000688b00000| Complete 
| 140|0x0000000688c00000, 0x0000000688d00000, 0x0000000688d00000|100%| E|CS|TAMS 0x0000000688c00000, 0x0000000688c00000| Complete 
| 141|0x0000000688d00000, 0x0000000688e00000, 0x0000000688e00000|100%| E|CS|TAMS 0x0000000688d00000, 0x0000000688d00000| Complete 
| 142|0x0000000688e00000, 0x0000000688f00000, 0x0000000688f00000|100%| E|CS|TAMS 0x0000000688e00000, 0x0000000688e00000| Complete 
| 143|0x0000000688f00000, 0x0000000689000000, 0x0000000689000000|100%| E|CS|TAMS 0x0000000688f00000, 0x0000000688f00000| Complete 
| 144|0x0000000689000000, 0x0000000689100000, 0x0000000689100000|100%| E|CS|TAMS 0x0000000689000000, 0x0000000689000000| Complete 
| 145|0x0000000689100000, 0x0000000689200000, 0x0000000689200000|100%| E|CS|TAMS 0x0000000689100000, 0x0000000689100000| Complete 
| 146|0x0000000689200000, 0x0000000689300000, 0x0000000689300000|100%| E|CS|TAMS 0x0000000689200000, 0x0000000689200000| Complete 
| 147|0x0000000689300000, 0x0000000689400000, 0x0000000689400000|100%| E|CS|TAMS 0x0000000689300000, 0x0000000689300000| Complete 
| 148|0x0000000689400000, 0x0000000689500000, 0x0000000689500000|100%| E|CS|TAMS 0x0000000689400000, 0x0000000689400000| Complete 
| 149|0x0000000689500000, 0x0000000689600000, 0x0000000689600000|100%| E|CS|TAMS 0x0000000689500000, 0x0000000689500000| Complete 
| 150|0x0000000689600000, 0x0000000689700000, 0x0000000689700000|100%| E|CS|TAMS 0x0000000689600000, 0x0000000689600000| Complete 
| 151|0x0000000689700000, 0x0000000689800000, 0x0000000689800000|100%| E|CS|TAMS 0x0000000689700000, 0x0000000689700000| Complete 
| 152|0x0000000689800000, 0x0000000689900000, 0x0000000689900000|100%| E|CS|TAMS 0x0000000689800000, 0x0000000689800000| Complete 
| 153|0x0000000689900000, 0x0000000689a00000, 0x0000000689a00000|100%| E|CS|TAMS 0x0000000689900000, 0x0000000689900000| Complete 
| 154|0x0000000689a00000, 0x0000000689b00000, 0x0000000689b00000|100%| E|CS|TAMS 0x0000000689a00000, 0x0000000689a00000| Complete 
|5112|0x00000007bf800000, 0x00000007bf848000, 0x00000007bf900000| 28%|OA|  |TAMS 0x00000007bf848000, 0x00000007bf800000| Untracked 
|5116|0x00000007bfc00000, 0x00000007bfc6c000, 0x00000007bfd00000| 42%|CA|  |TAMS 0x00000007bfc6c000, 0x00000007bfc00000| Untracked 

Card table byte_map: [0x00007658d6800000,0x00007658d7400000] _byte_map_base: 0x00007658d3400000

Marking Bits (Prev, Next): (CMBitMap*) 0x00007658f40a3560, (CMBitMap*) 0x00007658f40a3528
 Prev Bits: [0x00007658c9c00000, 0x00007658cfc00000)
 Next Bits: [0x00007658cfc00000, 0x00007658d5c00000)

Polling page: 0x00007658f9f07000

Metaspace:

Usage:
  Non-class:     26.79 MB capacity,    26.30 MB ( 98%) used,   427.94 KB (  2%) free+waste,    77.25 KB ( <1%) overhead. 
      Class:      5.00 MB capacity,     4.71 MB ( 94%) used,   254.84 KB (  5%) free+waste,    41.25 KB ( <1%) overhead. 
       Both:     31.79 MB capacity,    31.01 MB ( 98%) used,   682.78 KB (  2%) free+waste,   118.50 KB ( <1%) overhead. 

Virtual space:
  Non-class space:       28.00 MB reserved,      26.92 MB ( 96%) committed 
      Class space:        1.00 GB reserved,       5.12 MB ( <1%) committed 
             Both:        1.03 GB reserved,      32.05 MB (  3%) committed 

Chunk freelists:
   Non-Class:  5.00 KB
       Class:  1.00 KB
        Both:  6.00 KB

MaxMetaspaceSize: unlimited
CompressedClassSpaceSize: 1.00 GB
Initial GC threshold: 20.80 MB
Current GC threshold: 36.29 MB
CDS: on

CodeHeap 'non-profiled nmethods': size=120032Kb used=1535Kb max_used=1535Kb free=118497Kb
 bounds [0x00007658e40c8000, 0x00007658e4338000, 0x00007658eb600000]
CodeHeap 'profiled nmethods': size=120032Kb used=5804Kb max_used=5804Kb free=114227Kb
 bounds [0x00007658dcb90000, 0x00007658dd140000, 0x00007658e40c8000]
CodeHeap 'non-nmethods': size=5696Kb used=1261Kb max_used=1305Kb free=4434Kb
 bounds [0x00007658dc600000, 0x00007658dc870000, 0x00007658dcb90000]
 total_blobs=3606 nmethods=3052 adapters=466
 compilation: enabled
              stopped_count=0, restarted_count=0
 full_count=0

Compilation events (20 events):
Event: 2.783 Thread 0x0000765898065800 3128       4       scala.collection.convert.JavaCollectionWrappers$JIteratorWrapper::hasNext (10 bytes)
Event: 2.784 Thread 0x0000765898065800 nmethod 3128 0x00007658e4243b90 code [0x00007658e4243d20, 0x00007658e4243dd8]
Event: 2.785 Thread 0x00007658f41fa800 3133       4       scala.collection.mutable.Builder::sizeHint$ (7 bytes)
Event: 2.785 Thread 0x0000765898065800 3134       4       scala.collection.convert.JavaCollectionWrappers$JIteratorWrapper::next (10 bytes)
Event: 2.787 Thread 0x00007658f41fa800 nmethod 3133 0x00007658e4243e90 code [0x00007658e4244040, 0x00007658e42441f8]
Event: 2.787 Thread 0x00007658f41fa800 3135       4       scala.collection.mutable.HashSet::tableSizeFor (47 bytes)
Event: 2.788 Thread 0x00007658f41fa800 nmethod 3135 0x00007658e4244410 code [0x00007658e42445a0, 0x00007658e4244638]
Event: 2.788 Thread 0x00007658f41fa800 3138       4       java.lang.invoke.Invokers$Holder::linkToTargetMethod (9 bytes)
Event: 2.789 Thread 0x00007658f41fa800 nmethod 3138 0x00007658e4244710 code [0x00007658e42448c0, 0x00007658e4244978]
Event: 2.789 Thread 0x00007658f41fa800 3136       4       java.lang.invoke.DirectMethodHandle$Holder::invokeStatic (14 bytes)
Event: 2.790 Thread 0x00007658f41fa800 nmethod 3136 0x00007658e4244a90 code [0x00007658e4244c40, 0x00007658e4244ce8]
Event: 2.794 Thread 0x0000765898065800 nmethod 3134 0x00007658e4244e10 code [0x00007658e4244fc0, 0x00007658e4245418]
Event: 2.795 Thread 0x00007658f41fa800 3146       4       scala.runtime.Statics::anyHash (26 bytes)
Event: 2.795 Thread 0x0000765898065800 3147       4       org.geneontology.whelk.Bridge$$$Lambda$264/0x000000084048f040::apply (8 bytes)
Event: 2.796 Thread 0x00007658f41fa800 nmethod 3146 0x00007658e4245610 code [0x00007658e42457a0, 0x00007658e4245878]
Event: 2.797 Thread 0x0000765898065800 nmethod 3147 0x00007658e4245d90 code [0x00007658e4245f40, 0x00007658e4246048]
Event: 2.799 Thread 0x00007658f41fa800 3151       4       scala.Some::<init> (10 bytes)
Event: 2.801 Thread 0x00007658f41fa800 nmethod 3151 0x00007658e4246190 code [0x00007658e4246320, 0x00007658e4246458]
Event: 2.821 Thread 0x00007658f41fa800 3161       4       jdk.internal.org.objectweb.asm.ClassWriter::newStringishItem (68 bytes)
Event: 2.839 Thread 0x00007658f41fa800 nmethod 3161 0x00007658e4246510 code [0x00007658e4246700, 0x00007658e4247030]

GC Heap History (16 events):
Event: 0.490 GC heap before
{Heap before GC invocations=0 (full 0):
 garbage-first heap   total 116736K, used 29392K [0x0000000680000000, 0x0000000800000000)
  region size 1024K, 14 young (14336K), 0 survivors (0K)
 Metaspace       used 7569K, capacity 7961K, committed 8064K, reserved 1056768K
  class space    used 914K, capacity 1069K, committed 1152K, reserved 1048576K
}
Event: 0.498 GC heap after
{Heap after GC invocations=1 (full 0):
 garbage-first heap   total 116736K, used 10248K [0x0000000680000000, 0x0000000800000000)
  region size 1024K, 2 young (2048K), 2 survivors (2048K)
 Metaspace       used 7569K, capacity 7961K, committed 8064K, reserved 1056768K
  class space    used 914K, capacity 1069K, committed 1152K, reserved 1048576K
}
Event: 0.656 GC heap before
{Heap before GC invocations=1 (full 0):
 garbage-first heap   total 116736K, used 21512K [0x0000000680000000, 0x0000000800000000)
  region size 1024K, 13 young (13312K), 2 survivors (2048K)
 Metaspace       used 11702K, capacity 12192K, committed 12416K, reserved 1058816K
  class space    used 2138K, capacity 2312K, committed 2432K, reserved 1048576K
}
Event: 0.665 GC heap after
{Heap after GC invocations=2 (full 0):
 garbage-first heap   total 116736K, used 11426K [0x0000000680000000, 0x0000000800000000)
  region size 1024K, 2 young (2048K), 2 survivors (2048K)
 Metaspace       used 11702K, capacity 12192K, committed 12416K, reserved 1058816K
  class space    used 2138K, capacity 2312K, committed 2432K, reserved 1048576K
}
Event: 0.941 GC heap before
{Heap before GC invocations=2 (full 0):
 garbage-first heap   total 116736K, used 31906K [0x0000000680000000, 0x0000000800000000)
  region size 1024K, 23 young (23552K), 2 survivors (2048K)
 Metaspace       used 18372K, capacity 18971K, committed 19072K, reserved 1064960K
  class space    used 2954K, capacity 3182K, committed 3200K, reserved 1048576K
}
Event: 0.948 GC heap after
{Heap after GC invocations=3 (full 0):
 garbage-first heap   total 116736K, used 12869K [0x0000000680000000, 0x0000000800000000)
  region size 1024K, 3 young (3072K), 3 survivors (3072K)
 Metaspace       used 18372K, capacity 18971K, committed 19072K, reserved 1064960K
  class space    used 2954K, capacity 3182K, committed 3200K, reserved 1048576K
}
Event: 1.521 GC heap before
{Heap before GC invocations=3 (full 0):
 garbage-first heap   total 116736K, used 69189K [0x0000000680000000, 0x0000000800000000)
  region size 1024K, 58 young (59392K), 3 survivors (3072K)
 Metaspace       used 19375K, capacity 20026K, committed 20224K, reserved 1067008K
  class space    used 3024K, capacity 3251K, committed 3328K, reserved 1048576K
}
Event: 1.538 GC heap after
{Heap after GC invocations=4 (full 0):
 garbage-first heap   total 116736K, used 24022K [0x0000000680000000, 0x0000000800000000)
  region size 1024K, 8 young (8192K), 8 survivors (8192K)
 Metaspace       used 19375K, capacity 20026K, committed 20224K, reserved 1067008K
  class space    used 3024K, capacity 3251K, committed 3328K, reserved 1048576K
}
Event: 1.812 GC heap before
{Heap before GC invocations=4 (full 0):
 garbage-first heap   total 116736K, used 70102K [0x0000000680000000, 0x0000000800000000)
  region size 1024K, 53 young (54272K), 8 survivors (8192K)
 Metaspace       used 19698K, capacity 20364K, committed 20480K, reserved 1067008K
  class space    used 3090K, capacity 3322K, committed 3328K, reserved 1048576K
}
Event: 1.834 GC heap after
{Heap after GC invocations=5 (full 0):
 garbage-first heap   total 160768K, used 32292K [0x0000000680000000, 0x0000000800000000)
  region size 1024K, 7 young (7168K), 7 survivors (7168K)
 Metaspace       used 19698K, capacity 20364K, committed 20480K, reserved 1067008K
  class space    used 3090K, capacity 3322K, committed 3328K, reserved 1048576K
}
Event: 1.863 GC heap before
{Heap before GC invocations=5 (full 0):
 garbage-first heap   total 160768K, used 42532K [0x0000000680000000, 0x0000000800000000)
  region size 1024K, 17 young (17408K), 7 survivors (7168K)
 Metaspace       used 19698K, capacity 20364K, committed 20480K, reserved 1067008K
  class space    used 3090K, capacity 3322K, committed 3328K, reserved 1048576K
}
Event: 1.871 GC heap after
{Heap after GC invocations=6 (full 0):
 garbage-first heap   total 160768K, used 33488K [0x0000000680000000, 0x0000000800000000)
  region size 1024K, 1 young (1024K), 1 survivors (1024K)
 Metaspace       used 19698K, capacity 20364K, committed 20480K, reserved 1067008K
  class space    used 3090K, capacity 3322K, committed 3328K, reserved 1048576K
}
Event: 2.049 GC heap before
{Heap before GC invocations=6 (full 0):
 garbage-first heap   total 160768K, used 72400K [0x0000000680000000, 0x0000000800000000)
  region size 1024K, 39 young (39936K), 1 survivors (1024K)
 Metaspace       used 20009K, capacity 20707K, committed 20864K, reserved 1067008K
  class space    used 3154K, capacity 3394K, committed 3456K, reserved 1048576K
}
Event: 2.059 GC heap after
{Heap after GC invocations=7 (full 0):
 garbage-first heap   total 160768K, used 35536K [0x0000000680000000, 0x0000000800000000)
  region size 1024K, 3 young (3072K), 3 survivors (3072K)
 Metaspace       used 20009K, capacity 20707K, committed 20864K, reserved 1067008K
  class space    used 3154K, capacity 3394K, committed 3456K, reserved 1048576K
}
Event: 2.257 GC heap before
{Heap before GC invocations=7 (full 0):
 garbage-first heap   total 160768K, used 58064K [0x0000000680000000, 0x0000000800000000)
  region size 1024K, 26 young (26624K), 3 survivors (3072K)
 Metaspace       used 20547K, capacity 21170K, committed 21296K, reserved 1067008K
  class space    used 3201K, capacity 3421K, committed 3456K, reserved 1048576K
}
Event: 2.264 GC heap after
{Heap after GC invocations=8 (full 0):
 garbage-first heap   total 160768K, used 39234K [0x0000000680000000, 0x0000000800000000)
  region size 1024K, 5 young (5120K), 5 survivors (5120K)
 Metaspace       used 20547K, capacity 21170K, committed 21296K, reserved 1067008K
  class space    used 3201K, capacity 3421K, committed 3456K, reserved 1048576K
}

Deoptimization events (20 events):
Event: 2.625 Thread 0x00007658f4015800 DEOPT PACKING pc=0x00007658e41f8b10 sp=0x00007658f86437f0
Event: 2.625 Thread 0x00007658f4015800 DEOPT UNPACKING pc=0x00007658dc649ea5 sp=0x00007658f86437d0 mode 2
Event: 2.652 Thread 0x00007658f4015800 Uncommon trap: trap_request=0xffffffde fr.pc=0x00007658e41f8b10 relative=0x0000000000000b70
Event: 2.652 Thread 0x00007658f4015800 Uncommon trap: reason=class_check action=maybe_recompile pc=0x00007658e41f8b10 method=java.util.AbstractCollection.toArray([Ljava/lang/Object;)[Ljava/lang/Object; @ 1 c2
Event: 2.652 Thread 0x00007658f4015800 DEOPT PACKING pc=0x00007658e41f8b10 sp=0x00007658f86436b0
Event: 2.652 Thread 0x00007658f4015800 DEOPT UNPACKING pc=0x00007658dc649ea5 sp=0x00007658f8643690 mode 2
Event: 2.663 Thread 0x00007658f4015800 Uncommon trap: trap_request=0xffffffde fr.pc=0x00007658e419c3d4 relative=0x00000000000006b4
Event: 2.663 Thread 0x00007658f4015800 Uncommon trap: reason=class_check action=maybe_recompile pc=0x00007658e419c3d4 method=org.semanticweb.owlapi.model.parameters.ConfigurationOptions.getValue(Ljava/lang/Class;Ljava/util/Map;)Ljava/lang/Object; @ 2 c2
Event: 2.663 Thread 0x00007658f4015800 DEOPT PACKING pc=0x00007658e419c3d4 sp=0x00007658f8642e40
Event: 2.663 Thread 0x00007658f4015800 DEOPT UNPACKING pc=0x00007658dc649ea5 sp=0x00007658f8642e00 mode 2
Event: 2.664 Thread 0x00007658f4015800 Uncommon trap: trap_request=0xffffffde fr.pc=0x00007658e419c3d4 relative=0x00000000000006b4
Event: 2.664 Thread 0x00007658f4015800 Uncommon trap: reason=class_check action=maybe_recompile pc=0x00007658e419c3d4 method=org.semanticweb.owlapi.model.parameters.ConfigurationOptions.getValue(Ljava/lang/Class;Ljava/util/Map;)Ljava/lang/Object; @ 2 c2
Event: 2.664 Thread 0x00007658f4015800 DEOPT PACKING pc=0x00007658e419c3d4 sp=0x00007658f8642e40
Event: 2.664 Thread 0x00007658f4015800 DEOPT UNPACKING pc=0x00007658dc649ea5 sp=0x00007658f8642e00 mode 2
Event: 2.664 Thread 0x00007658f4015800 Uncommon trap: trap_request=0xffffffde fr.pc=0x00007658e419c3d4 relative=0x00000000000006b4
Event: 2.664 Thread 0x00007658f4015800 Uncommon trap: reason=class_check action=maybe_recompile pc=0x00007658e419c3d4 method=org.semanticweb.owlapi.model.parameters.ConfigurationOptions.getValue(Ljava/lang/Class;Ljava/util/Map;)Ljava/lang/Object; @ 2 c2
Event: 2.664 Thread 0x00007658f4015800 DEOPT PACKING pc=0x00007658e419c3d4 sp=0x00007658f8642e40
Event: 2.664 Thread 0x00007658f4015800 DEOPT UNPACKING pc=0x00007658dc649ea5 sp=0x00007658f8642e00 mode 2
Event: 2.727 Thread 0x00007658f4015800 DEOPT PACKING pc=0x00007658dcc79359 sp=0x00007658f8642bc0
Event: 2.727 Thread 0x00007658f4015800 DEOPT UNPACKING pc=0x00007658dc64a64a sp=0x00007658f8642058 mode 0

Classes redefined (0 events):
No events

Internal exceptions (20 events):
Event: 0.405 Thread 0x00007658f4015800 Exception <a 'java/lang/NoSuchMethodError'{0x00000006864bcf38}: 'java.lang.Object java.lang.invoke.DirectMethodHandle$Holder.invokeStatic(java.lang.Object, java.lang.Object, java.lang.Object, java.lang.Object, java.lang.Object, java.lang.Object, java.lang.Object, java.lang.Object, java.lang.Object, java.lang.Object, java.lang.Object, java.lang.Object, java.lang.Object, int)'> (0x00000006864bcf38) thrown at [./src/hotspot/share/interpreter/linkResolver.cpp, line 772]
Event: 0.406 Thread 0x00007658f4015800 Exception <a 'java/lang/NoSuchMethodError'{0x00000006864c9478}: 'java.lang.Object java.lang.invoke.DirectMethodHandle$Holder.invokeStatic(java.lang.Object, java.lang.Object, java.lang.Object, java.lang.Object, java.lang.Object, java.lang.Object, java.lang.Object, java.lang.Object, java.lang.Object, java.lang.Object, java.lang.Object, java.lang.Object, java.lang.Object, int, int)'> (0x00000006864c9478) thrown at [./src/hotspot/share/interpreter/linkResolver.cpp, line 772]
Event: 0.407 Thread 0x00007658f4015800 Exception <a 'java/lang/NoSuchMethodError'{0x00000006864d5be8}: 'java.lang.Object java.lang.invoke.DirectMethodHandle$Holder.invokeStatic(java.lang.Object, java.lang.Object, java.lang.Object, java.lang.Object, java.lang.Object, java.lang.Object, java.lang.Object, java.lang.Object, java.lang.Object, java.lang.Object, java.lang.Object, java.lang.Object, java.lang.Object, int, int, java.lang.Object)'> (0x00000006864d5be8) thrown at [./src/hotspot/share/interpreter/linkResolver.cpp, line 772]
Event: 0.428 Thread 0x00007658f4015800 Exception <a 'java/lang/NoSuchMethodError'{0x00000006863d1f70}: 'void java.lang.invoke.DirectMethodHandle$Holder.invokeStaticInit(java.lang.Object, java.lang.Object, java.lang.Object)'> (0x00000006863d1f70) thrown at [./src/hotspot/share/interpreter/linkResolver.cpp, line 772]
Event: 0.621 Thread 0x00007658f4015800 Exception <a 'java/lang/NoSuchMethodError'{0x00000006867883f0}: 'int java.lang.invoke.DirectMethodHandle$Holder.invokeSpecialIFC(java.lang.Object, java.lang.Object, int)'> (0x00000006867883f0) thrown at [./src/hotspot/share/interpreter/linkResolver.cpp, line 772]
Event: 0.875 Thread 0x00007658f4015800 Exception <a 'java/lang/NoSuchMethodError'{0x0000000685db7f08}: 'void java.lang.invoke.DirectMethodHandle$Holder.invokeStatic(java.lang.Object, java.lang.Object, java.lang.Object, java.lang.Object, java.lang.Object)'> (0x0000000685db7f08) thrown at [./src/hotspot/share/interpreter/linkResolver.cpp, line 772]
Event: 0.890 Thread 0x00007658f4015800 Exception <a 'java/lang/NoSuchMethodError'{0x0000000685cd9118}: 'int java.lang.invoke.DirectMethodHandle$Holder.invokeInterface(java.lang.Object, java.lang.Object)'> (0x0000000685cd9118) thrown at [./src/hotspot/share/interpreter/linkResolver.cpp, line 772]
Event: 0.932 Thread 0x00007658f4015800 Exception <a 'java/lang/NoSuchMethodError'{0x00000006859a2cd8}: 'int java.lang.invoke.DirectMethodHandle$Holder.invokeVirtual(java.lang.Object, java.lang.Object)'> (0x00000006859a2cd8) thrown at [./src/hotspot/share/interpreter/linkResolver.cpp, line 772]
Event: 1.744 Thread 0x00007658f4015800 Exception <a 'java/lang/NoSuchMethodError'{0x0000000684d05100}: 'void java.lang.invoke.DirectMethodHandle$Holder.invokeStaticInit(java.lang.Object, java.lang.Object)'> (0x0000000684d05100) thrown at [./src/hotspot/share/interpreter/linkResolver.cpp, line 772]
Event: 1.749 Thread 0x00007658f4015800 Exception <a 'java/lang/NoSuchMethodError'{0x0000000684d3dbe8}: 'void java.lang.invoke.DirectMethodHandle$Holder.invokeSpecial(java.lang.Object, java.lang.Object, java.lang.Object, java.lang.Object, java.lang.Object)'> (0x0000000684d3dbe8) thrown at [./src/hotspot/share/interpreter/linkResolver.cpp, line 772]
Event: 2.199 Thread 0x00007658f4015800 Exception <a 'java/lang/NoSuchMethodError'{0x00000006888523b0}: 'void java.lang.invoke.DirectMethodHandle$Holder.invokeVirtual(java.lang.Object, java.lang.Object)'> (0x00000006888523b0) thrown at [./src/hotspot/share/interpreter/linkResolver.cpp, line 772]
Event: 2.249 Thread 0x00007658f4015800 Exception <a 'java/lang/NoSuchMethodError'{0x0000000688441350}: 'int java.lang.invoke.DirectMethodHandle$Holder.invokeSpecial(java.lang.Object, java.lang.Object, java.lang.Object, java.lang.Object)'> (0x0000000688441350) thrown at [./src/hotspot/share/interpreter/linkResolver.cpp, line 772]
Event: 2.250 Thread 0x00007658f4015800 Exception <a 'java/lang/NoSuchMethodError'{0x00000006884489e8}: 'void java.lang.invoke.DirectMethodHandle$Holder.invokeSpecial(java.lang.Object, java.lang.Object, java.lang.Object, java.lang.Object)'> (0x00000006884489e8) thrown at [./src/hotspot/share/interpreter/linkResolver.cpp, line 772]
Event: 2.286 Thread 0x00007658f4015800 Exception <a 'java/lang/NoSuchMethodError'{0x000000068996adc0}: 'int java.lang.invoke.DirectMethodHandle$Holder.invokeStaticInit(java.lang.Object, java.lang.Object, java.lang.Object)'> (0x000000068996adc0) thrown at [./src/hotspot/share/interpreter/linkResolver.cpp, line 772]
Event: 2.378 Thread 0x00007658f4015800 Exception <a 'java/lang/NoSuchMethodError'{0x00000006894f12c8}: 'int java.lang.invoke.DirectMethodHandle$Holder.invokeStaticInit(java.lang.Object, java.lang.Object)'> (0x00000006894f12c8) thrown at [./src/hotspot/share/interpreter/linkResolver.cpp, line 772]
Event: 2.521 Thread 0x00007658f4015800 Exception <a 'java/lang/NoSuchMethodError'{0x0000000688cf5230}: 'void java.lang.invoke.DirectMethodHandle$Holder.invokeVirtual(java.lang.Object, java.lang.Object, java.lang.Object, java.lang.Object)'> (0x0000000688cf5230) thrown at [./src/hotspot/share/interpreter/linkResolver.cpp, line 772]
Event: 2.528 Thread 0x00007658f4015800 Exception <a 'java/lang/NoSuchMethodError'{0x0000000688b51590}: 'java.lang.Object java.lang.invoke.DirectMethodHandle$Holder.invokeStaticInit(java.lang.Object, java.lang.Object, java.lang.Object, java.lang.Object)'> (0x0000000688b51590) thrown at [./src/hotspot/share/interpreter/linkResolver.cpp, line 772]
Event: 2.684 Thread 0x00007658f4015800 Exception <a 'java/lang/NoSuchMethodError'{0x0000000687a7aa30}: 'void java.lang.invoke.DirectMethodHandle$Holder.invokeSpecial(java.lang.Object, java.lang.Object)'> (0x0000000687a7aa30) thrown at [./src/hotspot/share/interpreter/linkResolver.cpp, line 772]
Event: 2.684 Thread 0x00007658f4015800 Exception <a 'java/lang/NoSuchMethodError'{0x0000000687a7d698}: 'void java.lang.invoke.Invokers$Holder.invoke_MT(java.lang.Object, java.lang.Object)'> (0x0000000687a7d698) thrown at [./src/hotspot/share/interpreter/linkResolver.cpp, line 772]
Event: 2.709 Thread 0x00007658f4015800 Exception <a 'java/lang/NoSuchMethodError'{0x00000006879e2d48}: 'void java.lang.invoke.DirectMethodHandle$Holder.invokeStatic(java.lang.Object, java.lang.Object, int)'> (0x00000006879e2d48) thrown at [./src/hotspot/share/interpreter/linkResolver.cpp, line 772]

Events (20 events):
Event: 2.821 loading class scala/Tuple2
Event: 2.821 loading class scala/Tuple2 done
Event: 2.821 loading class scala/Tuple2
Event: 2.821 loading class scala/Tuple2 done
Event: 2.821 loading class scala/Function1
Event: 2.821 loading class scala/Function1 done
Event: 2.821 loading class scala/collection/View$Filter
Event: 2.821 loading class scala/collection/View$Filter done
Event: 2.822 loading class scala/collection/Iterator$$anon$6
Event: 2.822 loading class scala/collection/Iterator$$anon$6 done
Event: 2.822 loading class scala/collection/Iterator$$anon$9
Event: 2.822 loading class scala/collection/Iterator$$anon$9 done
Event: 2.822 loading class scala/Tuple2
Event: 2.822 loading class scala/Tuple2 done
Event: 2.822 loading class scala/Tuple2
Event: 2.822 loading class scala/Tuple2 done
Event: 2.822 loading class scala/Function1
Event: 2.822 loading class scala/Function1 done
Event: 2.823 loading class org/geneontology/whelk/RoleComposition
Event: 2.823 loading class org/geneontology/whelk/RoleComposition done


Dynamic libraries:
680000000-689b00000 rw-p 00000000 00:00 0 
689b00000-7bf800000 ---p 00000000 00:00 0 
7bf800000-7bf848000 rw-p 00b14000 00:54 11408112                         /usr/lib/jvm/java-11-openjdk-amd64/lib/server/classes.jsa
7bf848000-7bf900000 rw-p 00000000 00:00 0 
7bf900000-7bfc00000 ---p 00000000 00:00 0 
7bfc00000-7bfc6c000 rw-p 00aa8000 00:54 11408112                         /usr/lib/jvm/java-11-openjdk-amd64/lib/server/classes.jsa
7bfc6c000-7bfd00000 rw-p 00000000 00:00 0 
7bfd00000-800000000 ---p 00000000 00:00 0 
800000000-800002000 rwxp 00001000 00:54 11408112                         /usr/lib/jvm/java-11-openjdk-amd64/lib/server/classes.jsa
800002000-8003ce000 rw-p 00003000 00:54 11408112                         /usr/lib/jvm/java-11-openjdk-amd64/lib/server/classes.jsa
8003ce000-800aa6000 r--p 003cf000 00:54 11408112                         /usr/lib/jvm/java-11-openjdk-amd64/lib/server/classes.jsa
800aa6000-800aa7000 rw-p 00aa7000 00:54 11408112                         /usr/lib/jvm/java-11-openjdk-amd64/lib/server/classes.jsa
840000000-840520000 rw-p 00000000 00:00 0 
840520000-880000000 ---p 00000000 00:00 0 
5a52c05c7000-5a52c05c8000 r--p 00000000 00:54 11407850                   /usr/lib/jvm/java-11-openjdk-amd64/bin/java
5a52c05c8000-5a52c05c9000 r-xp 00001000 00:54 11407850                   /usr/lib/jvm/java-11-openjdk-amd64/bin/java
5a52c05c9000-5a52c05ca000 r--p 00002000 00:54 11407850                   /usr/lib/jvm/java-11-openjdk-amd64/bin/java
5a52c05ca000-5a52c05cb000 r--p 00002000 00:54 11407850                   /usr/lib/jvm/java-11-openjdk-amd64/bin/java
5a52c05cb000-5a52c05cc000 rw-p 00003000 00:54 11407850                   /usr/lib/jvm/java-11-openjdk-amd64/bin/java
5a52d063a000-5a52d065b000 rw-p 00000000 00:00 0                          [heap]
765868000000-765868021000 rw-p 00000000 00:00 0 
765868021000-76586c000000 ---p 00000000 00:00 0 
76586c000000-76586c021000 rw-p 00000000 00:00 0 
76586c021000-765870000000 ---p 00000000 00:00 0 
765870000000-765870021000 rw-p 00000000 00:00 0 
765870021000-765874000000 ---p 00000000 00:00 0 
765874000000-765874021000 rw-p 00000000 00:00 0 
765874021000-765878000000 ---p 00000000 00:00 0 
765878000000-765878021000 rw-p 00000000 00:00 0 
765878021000-76587c000000 ---p 00000000 00:00 0 
76587c000000-76587c021000 rw-p 00000000 00:00 0 
76587c021000-765880000000 ---p 00000000 00:00 0 
765880000000-765880021000 rw-p 00000000 00:00 0 
765880021000-765884000000 ---p 00000000 00:00 0 
765884000000-765884021000 rw-p 00000000 00:00 0 
765884021000-765888000000 ---p 00000000 00:00 0 
765888000000-765888021000 rw-p 00000000 00:00 0 
765888021000-76588c000000 ---p 00000000 00:00 0 
76588c000000-76588d200000 rw-p 00000000 00:00 0 
76588d200000-765890000000 ---p 00000000 00:00 0 
765890000000-765890021000 rw-p 00000000 00:00 0 
765890021000-765894000000 ---p 00000000 00:00 0 
765894000000-765894021000 rw-p 00000000 00:00 0 
765894021000-765898000000 ---p 00000000 00:00 0 
765898000000-765899109000 rw-p 00000000 00:00 0 
765899109000-76589c000000 ---p 00000000 00:00 0 
76589c000000-76589ce2f000 rw-p 00000000 00:00 0 
76589ce2f000-7658a0000000 ---p 00000000 00:00 0 
7658a0000000-7658a0021000 rw-p 00000000 00:00 0 
7658a0021000-7658a4000000 ---p 00000000 00:00 0 
7658a4000000-7658a4021000 rw-p 00000000 00:00 0 
7658a4021000-7658a8000000 ---p 00000000 00:00 0 
7658a8000000-7658a8021000 rw-p 00000000 00:00 0 
7658a8021000-7658ac000000 ---p 00000000 00:00 0 
7658ac000000-7658ac021000 rw-p 00000000 00:00 0 
7658ac021000-7658b0000000 ---p 00000000 00:00 0 
7658b0000000-7658b0021000 rw-p 00000000 00:00 0 
7658b0021000-7658b4000000 ---p 00000000 00:00 0 
7658b4000000-7658b40d9000 rw-p 00000000 00:00 0 
7658b40d9000-7658b8000000 ---p 00000000 00:00 0 
7658b8000000-7658b8021000 rw-p 00000000 00:00 0 
7658b8021000-7658bc000000 ---p 00000000 00:00 0 
7658bc000000-7658bc021000 rw-p 00000000 00:00 0 
7658bc021000-7658c0000000 ---p 00000000 00:00 0 
7658c0198000-7658c0500000 rw-p 00000000 00:00 0 
7658c0500000-7658c0600000 ---p 00000000 00:00 0 
7658c0600000-7658c0800000 rw-p 00000000 00:00 0 
7658c0800000-7658c0a00000 rw-p 00000000 00:00 0 
7658c0a00000-7658c0c00000 rw-p 00000000 00:00 0 
7658c0c00000-7658c0e00000 rw-p 00000000 00:00 0 
7658c0ffc000-7658c0ffd000 ---p 00000000 00:00 0 
7658c0ffd000-7658c10fd000 rw-p 00000000 00:00 0 
7658c10fd000-7658c10fe000 ---p 00000000 00:00 0 
7658c10fe000-7658c11fe000 rw-p 00000000 00:00 0 
7658c11fe000-7658c11ff000 ---p 00000000 00:00 0 
7658c11ff000-7658c12ff000 rw-p 00000000 00:00 0 
7658c12ff000-7658c1300000 ---p 00000000 00:00 0 
7658c1300000-7658c1400000 rw-p 00000000 00:00 0 
7658c1400000-7658c15ec000 rw-p 00000000 00:00 0 
7658c15ec000-7658c1600000 ---p 00000000 00:00 0 
7658c1700000-7658c1704000 ---p 00000000 00:00 0 
7658c1704000-7658c1800000 rw-p 00000000 00:00 0 
7658c1800000-7658c1a00000 rw-p 00000000 00:00 0 
7658c1a00000-7658c1c00000 rw-p 00000000 00:00 0 
7658c1c00000-7658c1e00000 rw-p 00000000 00:00 0 
7658c1e00000-7658c2000000 rw-p 00000000 00:00 0 
7658c2000000-7658c4021000 rw-p 00000000 00:00 0 
7658c4021000-7658c8000000 ---p 00000000 00:00 0 
7658c80fe000-7658c8102000 ---p 00000000 00:00 0 
7658c8102000-7658c81fe000 rw-p 00000000 00:00 0 
7658c81fe000-7658c8202000 ---p 00000000 00:00 0 
7658c8202000-7658c82fe000 rw-p 00000000 00:00 0 
7658c82fe000-7658c82ff000 ---p 00000000 00:00 0 
7658c82ff000-7658c83ff000 rw-p 00000000 00:00 0 
7658c83ff000-7658c8403000 ---p 00000000 00:00 0 
7658c8403000-7658c84ff000 rw-p 00000000 00:00 0 
7658c84ff000-7658c8503000 ---p 00000000 00:00 0 
7658c8503000-7658c85ff000 rw-p 00000000 00:00 0 
7658c85ff000-7658c8600000 ---p 00000000 00:00 0 
7658c8600000-7658c8700000 rw-p 00000000 00:00 0 
7658c8700000-7658c8704000 ---p 00000000 00:00 0 
7658c8704000-7658c8800000 rw-p 00000000 00:00 0 
7658c8800000-7658c8804000 ---p 00000000 00:00 0 
7658c8804000-7658c8900000 rw-p 00000000 00:00 0 
7658c8900000-7658c8904000 ---p 00000000 00:00 0 
7658c8904000-7658c8a00000 rw-p 00000000 00:00 0 
7658c8a00000-7658c8a04000 ---p 00000000 00:00 0 
7658c8a04000-7658c8b00000 rw-p 00000000 00:00 0 
7658c8b00000-7658c8b04000 ---p 00000000 00:00 0 
7658c8b04000-7658c8c00000 rw-p 00000000 00:00 0 
7658c8c00000-7658c8c04000 ---p 00000000 00:00 0 
7658c8c04000-7658c8d00000 rw-p 00000000 00:00 0 
7658c8d00000-7658c8d04000 ---p 00000000 00:00 0 
7658c8d04000-7658c8e00000 rw-p 00000000 00:00 0 
7658c8e00000-7658c9600000 rw-p 00000000 00:00 0 
7658c9621000-7658c967a000 r--p 00000000 00:54 11404189                   /usr/lib/locale/C.utf8/LC_CTYPE
7658c967a000-7658c967b000 ---p 00000000 00:00 0 
7658c967b000-7658c977b000 rw-p 00000000 00:00 0 
7658c977b000-7658c97fc000 rw-p 00000000 00:00 0 
7658c97fc000-7658c97fd000 ---p 00000000 00:00 0 
7658c97fd000-7658c98fd000 rw-p 00000000 00:00 0 
7658c98fd000-7658c98fe000 ---p 00000000 00:00 0 
7658c98fe000-7658c99fe000 rw-p 00000000 00:00 0 
7658c99fe000-7658c9e6c000 rw-p 00000000 00:00 0 
7658c9e6c000-7658cebe0000 ---p 00000000 00:00 0 
7658cebe0000-7658cebe4000 rw-p 00000000 00:00 0 
7658cebe4000-7658cebf0000 ---p 00000000 00:00 0 
7658cebf0000-7658cebf4000 rw-p 00000000 00:00 0 
7658cebf4000-7658cfc00000 ---p 00000000 00:00 0 
7658cfc00000-7658cfe6c000 rw-p 00000000 00:00 0 
7658cfe6c000-7658d4be0000 ---p 00000000 00:00 0 
7658d4be0000-7658d4be4000 rw-p 00000000 00:00 0 
7658d4be4000-7658d4bf0000 ---p 00000000 00:00 0 
7658d4bf0000-7658d4bf4000 rw-p 00000000 00:00 0 
7658d4bf4000-7658d5c00000 ---p 00000000 00:00 0 
7658d5c00000-7658d5c4e000 rw-p 00000000 00:00 0 
7658d5c4e000-7658d65fc000 ---p 00000000 00:00 0 
7658d65fc000-7658d65fd000 rw-p 00000000 00:00 0 
7658d65fd000-7658d65fe000 ---p 00000000 00:00 0 
7658d65fe000-7658d65ff000 rw-p 00000000 00:00 0 
7658d65ff000-7658d6800000 ---p 00000000 00:00 0 
7658d6800000-7658d684e000 rw-p 00000000 00:00 0 
7658d684e000-7658d71fc000 ---p 00000000 00:00 0 
7658d71fc000-7658d71fd000 rw-p 00000000 00:00 0 
7658d71fd000-7658d71fe000 ---p 00000000 00:00 0 
7658d71fe000-7658d71ff000 rw-p 00000000 00:00 0 
7658d71ff000-7658d7400000 ---p 00000000 00:00 0 
7658d7400000-7658d744e000 rw-p 00000000 00:00 0 
7658d744e000-7658d7dfc000 ---p 00000000 00:00 0 
7658d7dfc000-7658d7dfd000 rw-p 00000000 00:00 0 
7658d7dfd000-7658d7dfe000 ---p 00000000 00:00 0 
7658d7dfe000-7658d7dff000 rw-p 00000000 00:00 0 
7658d7dff000-7658d8000000 ---p 00000000 00:00 0 
7658d8000000-7658d8021000 rw-p 00000000 00:00 0 
7658d8021000-7658dc000000 ---p 00000000 00:00 0 
7658dc02e000-7658dc230000 rw-p 00000000 00:00 0 
7658dc230000-7658dc231000 ---p 00000000 00:00 0 
7658dc231000-7658dc331000 rw-p 00000000 00:00 0 
7658dc331000-7658dc332000 ---p 00000000 00:00 0 
7658dc332000-7658dc432000 rw-p 00000000 00:00 0 
7658dc432000-7658dc600000 rw-p 00000000 00:00 0 
7658dc600000-7658dc870000 rwxp 00000000 00:00 0 
7658dc870000-7658dcb90000 ---p 00000000 00:00 0 
7658dcb90000-7658dd140000 rwxp 00000000 00:00 0 
7658dd140000-7658e40c8000 ---p 00000000 00:00 0 
7658e40c8000-7658e4338000 rwxp 00000000 00:00 0 
7658e4338000-7658eb600000 ---p 00000000 00:00 0 
7658eb629000-7658eb62d000 r--p 00000000 00:54 11408091                   /usr/lib/jvm/java-11-openjdk-amd64/lib/libnet.so
7658eb62d000-7658eb63b000 r-xp 00004000 00:54 11408091                   /usr/lib/jvm/java-11-openjdk-amd64/lib/libnet.so
7658eb63b000-7658eb63f000 r--p 00012000 00:54 11408091                   /usr/lib/jvm/java-11-openjdk-amd64/lib/libnet.so
7658eb63f000-7658eb640000 r--p 00015000 00:54 11408091                   /usr/lib/jvm/java-11-openjdk-amd64/lib/libnet.so
7658eb640000-7658eb641000 rw-p 00016000 00:54 11408091                   /usr/lib/jvm/java-11-openjdk-amd64/lib/libnet.so
7658eb641000-7658eb648000 r--p 00000000 00:54 11408092                   /usr/lib/jvm/java-11-openjdk-amd64/lib/libnio.so
7658eb648000-7658eb650000 r-xp 00007000 00:54 11408092                   /usr/lib/jvm/java-11-openjdk-amd64/lib/libnio.so
7658eb650000-7658eb653000 r--p 0000f000 00:54 11408092                   /usr/lib/jvm/java-11-openjdk-amd64/lib/libnio.so
7658eb653000-7658eb654000 r--p 00011000 00:54 11408092                   /usr/lib/jvm/java-11-openjdk-amd64/lib/libnio.so
7658eb654000-7658eb655000 rw-p 00012000 00:54 11408092                   /usr/lib/jvm/java-11-openjdk-amd64/lib/libnio.so
7658eb655000-7658eb656000 r--p 00000000 00:54 11404196                   /usr/lib/locale/C.utf8/LC_NUMERIC
7658eb656000-7658eb657000 r--p 00000000 00:54 11404199                   /usr/lib/locale/C.utf8/LC_TIME
7658eb657000-7658eb658000 r--p 00000000 00:54 11404188                   /usr/lib/locale/C.utf8/LC_COLLATE
7658eb658000-7658eb659000 r--p 00000000 00:54 11404194                   /usr/lib/locale/C.utf8/LC_MONETARY
7658eb659000-7658eb65a000 r--p 00000000 00:54 11404193                   /usr/lib/locale/C.utf8/LC_MESSAGES/SYS_LC_MESSAGES
7658eb65a000-7658eb65b000 r--p 00000000 00:54 11404197                   /usr/lib/locale/C.utf8/LC_PAPER
7658eb65b000-7658eb65c000 r--p 00000000 00:54 11404195                   /usr/lib/locale/C.utf8/LC_NAME
7658eb65c000-7658eb663000 r--s 00000000 00:54 11404498                   /usr/lib/x86_64-linux-gnu/gconv/gconv-modules.cache
7658eb663000-7658eb7bf000 rw-p 00000000 00:00 0 
7658eb7bf000-7658f4000000 r--s 00000000 00:54 11408101                   /usr/lib/jvm/java-11-openjdk-amd64/lib/modules
7658f4000000-7658f4e9a000 rw-p 00000000 00:00 0 
7658f4e9a000-7658f8000000 ---p 00000000 00:00 0 
7658f8000000-7658f8001000 r--p 00000000 00:54 11404187                   /usr/lib/locale/C.utf8/LC_ADDRESS
7658f8001000-7658f8203000 rw-p 00000000 00:00 0 
7658f8203000-7658f8204000 ---p 00000000 00:00 0 
7658f8204000-7658f8304000 rw-p 00000000 00:00 0 
7658f8304000-7658f8309000 rw-p 00000000 00:00 0 
7658f8309000-7658f83ef000 ---p 00000000 00:00 0 
7658f83ef000-7658f83fb000 rw-p 00000000 00:00 0 
7658f83fb000-7658f84da000 ---p 00000000 00:00 0 
7658f84da000-7658f84df000 rw-p 00000000 00:00 0 
7658f84df000-7658f84e6000 ---p 00000000 00:00 0 
7658f84e6000-7658f84e8000 r--p 00000000 00:54 11408100                   /usr/lib/jvm/java-11-openjdk-amd64/lib/libzip.so
7658f84e8000-7658f84ed000 r-xp 00002000 00:54 11408100                   /usr/lib/jvm/java-11-openjdk-amd64/lib/libzip.so
7658f84ed000-7658f84ef000 r--p 00007000 00:54 11408100                   /usr/lib/jvm/java-11-openjdk-amd64/lib/libzip.so
7658f84ef000-7658f84f0000 r--p 00008000 00:54 11408100                   /usr/lib/jvm/java-11-openjdk-amd64/lib/libzip.so
7658f84f0000-7658f84f1000 rw-p 00009000 00:54 11408100                   /usr/lib/jvm/java-11-openjdk-amd64/lib/libzip.so
7658f84f1000-7658f84f9000 rw-s 00000000 00:54 11955534                   /tmp/hsperfdata_odkuser/490
7658f84f9000-7658f84fb000 r--p 00000000 00:54 11408083                   /usr/lib/jvm/java-11-openjdk-amd64/lib/libjimage.so
7658f84fb000-7658f84fe000 r-xp 00002000 00:54 11408083                   /usr/lib/jvm/java-11-openjdk-amd64/lib/libjimage.so
7658f84fe000-7658f84ff000 r--p 00005000 00:54 11408083                   /usr/lib/jvm/java-11-openjdk-amd64/lib/libjimage.so
7658f84ff000-7658f8500000 r--p 00006000 00:54 11408083                   /usr/lib/jvm/java-11-openjdk-amd64/lib/libjimage.so
7658f8500000-7658f8501000 rw-p 00007000 00:54 11408083                   /usr/lib/jvm/java-11-openjdk-amd64/lib/libjimage.so
7658f8501000-7658f850f000 r--p 00000000 00:54 11408080                   /usr/lib/jvm/java-11-openjdk-amd64/lib/libjava.so
7658f850f000-7658f8526000 r-xp 0000e000 00:54 11408080                   /usr/lib/jvm/java-11-openjdk-amd64/lib/libjava.so
7658f8526000-7658f852d000 r--p 00025000 00:54 11408080                   /usr/lib/jvm/java-11-openjdk-amd64/lib/libjava.so
7658f852d000-7658f852e000 r--p 0002b000 00:54 11408080                   /usr/lib/jvm/java-11-openjdk-amd64/lib/libjava.so
7658f852e000-7658f852f000 rw-p 0002c000 00:54 11408080                   /usr/lib/jvm/java-11-openjdk-amd64/lib/libjava.so
7658f852f000-7658f8530000 rw-p 00000000 00:00 0 
7658f8530000-7658f8535000 r--p 00000000 00:54 11408099                   /usr/lib/jvm/java-11-openjdk-amd64/lib/libverify.so
7658f8535000-7658f853c000 r-xp 00005000 00:54 11408099                   /usr/lib/jvm/java-11-openjdk-amd64/lib/libverify.so
7658f853c000-7658f853e000 r--p 0000c000 00:54 11408099                   /usr/lib/jvm/java-11-openjdk-amd64/lib/libverify.so
7658f853e000-7658f8540000 r--p 0000d000 00:54 11408099                   /usr/lib/jvm/java-11-openjdk-amd64/lib/libverify.so
7658f8540000-7658f8541000 rw-p 0000f000 00:54 11408099                   /usr/lib/jvm/java-11-openjdk-amd64/lib/libverify.so
7658f8541000-7658f8542000 r--p 00000000 00:54 11404608                   /usr/lib/x86_64-linux-gnu/librt.so.1
7658f8542000-7658f8543000 r-xp 00001000 00:54 11404608                   /usr/lib/x86_64-linux-gnu/librt.so.1
7658f8543000-7658f8544000 r--p 00002000 00:54 11404608                   /usr/lib/x86_64-linux-gnu/librt.so.1
7658f8544000-7658f8545000 r--p 00002000 00:54 11404608                   /usr/lib/x86_64-linux-gnu/librt.so.1
7658f8545000-7658f8546000 rw-p 00003000 00:54 11404608                   /usr/lib/x86_64-linux-gnu/librt.so.1
7658f8546000-7658f854a000 ---p 00000000 00:00 0 
7658f854a000-7658f8646000 rw-p 00000000 00:00 0 
7658f8646000-7658f864a000 r--p 00000000 00:54 11404552                   /usr/lib/x86_64-linux-gnu/libgcc_s.so.1
7658f864a000-7658f866e000 r-xp 00004000 00:54 11404552                   /usr/lib/x86_64-linux-gnu/libgcc_s.so.1
7658f866e000-7658f8672000 r--p 00028000 00:54 11404552                   /usr/lib/x86_64-linux-gnu/libgcc_s.so.1
7658f8672000-7658f8673000 r--p 0002b000 00:54 11404552                   /usr/lib/x86_64-linux-gnu/libgcc_s.so.1
7658f8673000-7658f8674000 rw-p 0002c000 00:54 11404552                   /usr/lib/x86_64-linux-gnu/libgcc_s.so.1
7658f8674000-7658f8684000 r--p 00000000 00:54 11404569                   /usr/lib/x86_64-linux-gnu/libm.so.6
7658f8684000-7658f8703000 r-xp 00010000 00:54 11404569                   /usr/lib/x86_64-linux-gnu/libm.so.6
7658f8703000-7658f875b000 r--p 0008f000 00:54 11404569                   /usr/lib/x86_64-linux-gnu/libm.so.6
7658f875b000-7658f875c000 r--p 000e7000 00:54 11404569                   /usr/lib/x86_64-linux-gnu/libm.so.6
7658f875c000-7658f875d000 rw-p 000e8000 00:54 11404569                   /usr/lib/x86_64-linux-gnu/libm.so.6
7658f875d000-7658f87fa000 r--p 00000000 00:54 11404620                   /usr/lib/x86_64-linux-gnu/libstdc++.so.6.0.33
7658f87fa000-7658f8942000 r-xp 0009d000 00:54 11404620                   /usr/lib/x86_64-linux-gnu/libstdc++.so.6.0.33
7658f8942000-7658f89c9000 r--p 001e5000 00:54 11404620                   /usr/lib/x86_64-linux-gnu/libstdc++.so.6.0.33
7658f89c9000-7658f89d4000 r--p 0026b000 00:54 11404620                   /usr/lib/x86_64-linux-gnu/libstdc++.so.6.0.33
7658f89d4000-7658f89d7000 rw-p 00276000 00:54 11404620                   /usr/lib/x86_64-linux-gnu/libstdc++.so.6.0.33
7658f89d7000-7658f89db000 rw-p 00000000 00:00 0 
7658f89db000-7658f8c5e000 r--p 00000000 00:54 11408114                   /usr/lib/jvm/java-11-openjdk-amd64/lib/server/libjvm.so
7658f8c5e000-7658f9912000 r-xp 00283000 00:54 11408114                   /usr/lib/jvm/java-11-openjdk-amd64/lib/server/libjvm.so
7658f9912000-7658f9b6c000 r--p 00f37000 00:54 11408114                   /usr/lib/jvm/java-11-openjdk-amd64/lib/server/libjvm.so
7658f9b6c000-7658f9c30000 r--p 01191000 00:54 11408114                   /usr/lib/jvm/java-11-openjdk-amd64/lib/server/libjvm.so
7658f9c30000-7658f9c6b000 rw-p 01255000 00:54 11408114                   /usr/lib/jvm/java-11-openjdk-amd64/lib/server/libjvm.so
7658f9c6b000-7658f9cc4000 rw-p 00000000 00:00 0 
7658f9cc4000-7658f9cec000 r--p 00000000 00:54 11404527                   /usr/lib/x86_64-linux-gnu/libc.so.6
7658f9cec000-7658f9e74000 r-xp 00028000 00:54 11404527                   /usr/lib/x86_64-linux-gnu/libc.so.6
7658f9e74000-7658f9ec3000 r--p 001b0000 00:54 11404527                   /usr/lib/x86_64-linux-gnu/libc.so.6
7658f9ec3000-7658f9ec7000 r--p 001fe000 00:54 11404527                   /usr/lib/x86_64-linux-gnu/libc.so.6
7658f9ec7000-7658f9ec9000 rw-p 00202000 00:54 11404527                   /usr/lib/x86_64-linux-gnu/libc.so.6
7658f9ec9000-7658f9ed6000 rw-p 00000000 00:00 0 
7658f9ed6000-7658f9ed9000 r--p 00000000 00:54 11408064                   /usr/lib/jvm/java-11-openjdk-amd64/lib/jli/libjli.so
7658f9ed9000-7658f9ee3000 r-xp 00003000 00:54 11408064                   /usr/lib/jvm/java-11-openjdk-amd64/lib/jli/libjli.so
7658f9ee3000-7658f9ee6000 r--p 0000d000 00:54 11408064                   /usr/lib/jvm/java-11-openjdk-amd64/lib/jli/libjli.so
7658f9ee6000-7658f9ee7000 r--p 00010000 00:54 11408064                   /usr/lib/jvm/java-11-openjdk-amd64/lib/jli/libjli.so
7658f9ee7000-7658f9ee8000 rw-p 00011000 00:54 11408064                   /usr/lib/jvm/java-11-openjdk-amd64/lib/jli/libjli.so
7658f9ee8000-7658f9eea000 r--p 00000000 00:54 11404640                   /usr/lib/x86_64-linux-gnu/libz.so.1.3
7658f9eea000-7658f9efc000 r-xp 00002000 00:54 11404640                   /usr/lib/x86_64-linux-gnu/libz.so.1.3
7658f9efc000-7658f9f02000 r--p 00014000 00:54 11404640                   /usr/lib/x86_64-linux-gnu/libz.so.1.3
7658f9f02000-7658f9f03000 r--p 0001a000 00:54 11404640                   /usr/lib/x86_64-linux-gnu/libz.so.1.3
7658f9f03000-7658f9f04000 rw-p 0001b000 00:54 11404640                   /usr/lib/x86_64-linux-gnu/libz.so.1.3
7658f9f04000-7658f9f05000 r--p 00000000 00:54 11404198                   /usr/lib/locale/C.utf8/LC_TELEPHONE
7658f9f05000-7658f9f06000 r--p 00000000 00:54 11404191                   /usr/lib/locale/C.utf8/LC_MEASUREMENT
7658f9f06000-7658f9f07000 r--p 00000000 00:54 11404190                   /usr/lib/locale/C.utf8/LC_IDENTIFICATION
7658f9f07000-7658f9f08000 ---p 00000000 00:00 0 
7658f9f08000-7658f9f09000 r--p 00000000 00:00 0 
7658f9f09000-7658f9f0b000 rw-p 00000000 00:00 0 
7658f9f0b000-7658f9f0d000 r--p 00000000 00:00 0                          [vvar]
7658f9f0d000-7658f9f0f000 r--p 00000000 00:00 0                          [vvar_vclock]
7658f9f0f000-7658f9f11000 r-xp 00000000 00:00 0                          [vdso]
7658f9f11000-7658f9f12000 r--p 00000000 00:54 11404507                   /usr/lib/x86_64-linux-gnu/ld-linux-x86-64.so.2
7658f9f12000-7658f9f3d000 r-xp 00001000 00:54 11404507                   /usr/lib/x86_64-linux-gnu/ld-linux-x86-64.so.2
7658f9f3d000-7658f9f47000 r--p 0002c000 00:54 11404507                   /usr/lib/x86_64-linux-gnu/ld-linux-x86-64.so.2
7658f9f47000-7658f9f49000 r--p 00036000 00:54 11404507                   /usr/lib/x86_64-linux-gnu/ld-linux-x86-64.so.2
7658f9f49000-7658f9f4b000 rw-p 00038000 00:54 11404507                   /usr/lib/x86_64-linux-gnu/ld-linux-x86-64.so.2
7ffef812d000-7ffef814f000 rw-p 00000000 00:00 0                          [stack]
ffffffffff600000-ffffffffff601000 --xp 00000000 00:00 0                  [vsyscall]


VM Arguments:
jvm_args: -Xmx6G 
java_command: /tools/robot.jar --catalog catalog-v001.xml annotate --input mirror/chmo.owl --remove-annotations extract --term-file imports/chmo_terms.txt --force true --copy-ontology-annotations true --individuals exclude --method SUBSET remove --term rdfs:label --term IAO:0000115 --term OMO:0002000 --term-file imports/chmo_terms.txt --select complement --select annotation-properties annotate --ontology-iri http://purl.obolibrary.org/obo/tfsco/imports/chmo_import.owl annotate -V http://purl.obolibrary.org/obo/tfsco/releases/2026-01-12/imports/chmo_import.owl --annotation owl:versionInfo 2026-01-12 convert -f ofn --output imports/chmo_import.owl.tmp.owl
java_class_path (initial): /tools/robot.jar
Launcher Type: SUN_STANDARD

[Global flags]
     intx CICompilerCount                          = 3                                         {product} {ergonomic}
     uint ConcGCThreads                            = 1                                         {product} {ergonomic}
     uint G1ConcRefinementThreads                  = 4                                         {product} {ergonomic}
   size_t G1HeapRegionSize                         = 1048576                                   {product} {ergonomic}
    uintx GCDrainStackTargetSize                   = 64                                        {product} {ergonomic}
   size_t InitialHeapSize                          = 117440512                                 {product} {ergonomic}
   size_t MarkStackSize                            = 4194304                                   {product} {ergonomic}
   size_t MaxHeapSize                              = 6442450944                                {product} {command line}
   size_t MaxNewSize                               = 3865051136                                {product} {ergonomic}
   size_t MinHeapDeltaBytes                        = 1048576                                   {product} {ergonomic}
    uintx NonNMethodCodeHeapSize                   = 5830732                                {pd product} {ergonomic}
    uintx NonProfiledCodeHeapSize                  = 122913754                              {pd product} {ergonomic}
    uintx ProfiledCodeHeapSize                     = 122913754                              {pd product} {ergonomic}
    uintx ReservedCodeCacheSize                    = 251658240                              {pd product} {ergonomic}
     bool SegmentedCodeCache                       = true                                      {product} {ergonomic}
     bool UseCompressedClassPointers               = true                                 {lp64_product} {ergonomic}
     bool UseCompressedOops                        = true                                 {lp64_product} {ergonomic}
     bool UseG1GC                                  = true                                      {product} {ergonomic}

Logging:
Log output configuration:
 #0: stdout all=warning uptime,level,tags
 #1: stderr all=off uptime,level,tags

Environment Variables:
JAVA_HOME=/usr
PATH=/tools/apache-jena/bin:/usr/local/share/swi-prolog/pack/sparqlprog/bin:/tools:/tools/dosdptools/bin:/tools/relation-graph/bin:/usr/local/sbin:/usr/local/bin:/usr/sbin:/usr/bin:/sbin:/bin:/home/odkuser/.local/bin
SHELL=/bin/bash
LANG=C.UTF-8
LC_ALL=C.UTF-8
TERM=xterm

Signal Handlers:
SIGSEGV: [libjvm.so+0xec3eb0], sa_mask[0]=11111111011111111101111111111110, sa_flags=SA_RESTART|SA_SIGINFO
SIGBUS: [libjvm.so+0xec3eb0], sa_mask[0]=11111111011111111101111111111110, sa_flags=SA_RESTART|SA_SIGINFO
SIGFPE: [libjvm.so+0xec3eb0], sa_mask[0]=11111111011111111101111111111110, sa_flags=SA_RESTART|SA_SIGINFO
SIGPIPE: [libjvm.so+0xbff180], sa_mask[0]=11111111011111111101111111111110, sa_flags=SA_RESTART|SA_SIGINFO
SIGXFSZ: [libjvm.so+0xbff180], sa_mask[0]=11111111011111111101111111111110, sa_flags=SA_RESTART|SA_SIGINFO
SIGILL: [libjvm.so+0xec3eb0], sa_mask[0]=11111111011111111101111111111110, sa_flags=SA_RESTART|SA_SIGINFO
SIGUSR2: [libjvm.so+0xbff030], sa_mask[0]=00000000000000000000000000000000, sa_flags=SA_RESTART|SA_SIGINFO
SIGHUP: [libjvm.so+0xbff7e0], sa_mask[0]=11111111011111111101111111111110, sa_flags=SA_RESTART|SA_SIGINFO
SIGINT: [libjvm.so+0xbff7e0], sa_mask[0]=11111111011111111101111111111110, sa_flags=SA_RESTART|SA_SIGINFO
SIGTERM: [libjvm.so+0xbff7e0], sa_mask[0]=11111111011111111101111111111110, sa_flags=SA_RESTART|SA_SIGINFO
SIGQUIT: [libjvm.so+0xbff7e0], sa_mask[0]=11111111011111111101111111111110, sa_flags=SA_RESTART|SA_SIGINFO


---------------  S Y S T E M  ---------------

OS:DISTRIB_ID=Ubuntu
DISTRIB_RELEASE=24.04
DISTRIB_CODENAME=noble
DISTRIB_DESCRIPTION="Ubuntu 24.04.2 LTS"
uname:Linux 6.14.0-37-generic #37~24.04.1-Ubuntu SMP PREEMPT_DYNAMIC Thu Nov 20 10:25:38 UTC 2 x86_64
OS uptime: 0 days 0:51 hours
libc:glibc 2.39 NPTL 2.39 
rlimit (soft/hard): STACK 8192k/infinity , CORE 0k/0k , NPROC infinity/infinity , NOFILE 524288/524288 , AS infinity/infinity , CPU infinity/infinity , DATA infinity/infinity , FSIZE infinity/infinity , MEMLOCK 8192k/8192k
load average:1.56 0.77 0.83

/proc/meminfo:
MemTotal:        7331108 kB
MemFree:          797948 kB
MemAvailable:    3115760 kB
Buffers:           33876 kB
Cached:          2536448 kB
SwapCached:        12912 kB
Active:          1573676 kB
Inactive:        3623212 kB
Active(anon):     942716 kB
Inactive(anon):  1769420 kB
Active(file):     630960 kB
Inactive(file):  1853792 kB
Unevictable:          64 kB
Mlocked:              64 kB
SwapTotal:       2097148 kB
SwapFree:        1892824 kB
Zswap:                 0 kB
Zswapped:              0 kB
Dirty:               644 kB
Writeback:             0 kB
AnonPages:       2619988 kB
Mapped:          1238072 kB
Shmem:             85596 kB
KReclaimable:     101632 kB
Slab:             258824 kB
SReclaimable:     101632 kB
SUnreclaim:       157192 kB
KernelStack:       20928 kB
PageTables:        49700 kB
SecPageTables:      3700 kB
NFS_Unstable:          0 kB
Bounce:                0 kB
WritebackTmp:          0 kB
CommitLimit:     5762700 kB
Committed_AS:   17631076 kB
VmallocTotal:   34359738367 kB
VmallocUsed:       77376 kB
VmallocChunk:          0 kB
Percpu:             3200 kB
HardwareCorrupted:     0 kB
AnonHugePages:         0 kB
ShmemHugePages:        0 kB
ShmemPmdMapped:        0 kB
FileHugePages:         0 kB
FilePmdMapped:         0 kB
Unaccepted:            0 kB
HugePages_Total:       0
HugePages_Free:        0
HugePages_Rsvd:        0
HugePages_Surp:        0
Hugepagesize:       2048 kB
Hugetlb:               0 kB
DirectMap4k:     1171516 kB
DirectMap2M:     6406144 kB
DirectMap1G:     1048576 kB

/sys/kernel/mm/transparent_hugepage/enabled:
always [madvise] never
/sys/kernel/mm/transparent_hugepage/defrag (defrag/compaction efforts parameter):
always defer defer+madvise [madvise] never

Process Memory:
Virtual Size: 9736384K (peak: 17876280K)
Resident Set Size: 287868K (peak: 287868K) (anon: 259084K, file: 28784K, shmem: 0K)
Swapped out: 0K
C-Heap outstanding allocations: 64020K, retained: 13503K
glibc malloc tunables: (default)

/proc/sys/kernel/threads-max (system-wide limit on the number of threads):
56201
/proc/sys/vm/max_map_count (maximum number of memory map areas a process may have):
1048576
/proc/sys/kernel/pid_max (system-wide limit on number of process identifiers):
4194304

container (cgroup) information:
container_type: cgroupv2
cpu_cpuset_cpus: not supported
cpu_memory_nodes: not supported
active_processor_count: 4
cpu_quota: no quota
cpu_period: 100000
cpu_shares: no shares
memory_limit_in_bytes: unlimited
memory_and_swap_limit_in_bytes: unlimited
memory_soft_limit_in_bytes: unlimited
memory_usage_in_bytes: 305136 k
memory_max_usage_in_bytes: not supported
memory_swap_current_in_bytes: unlimited
memory_swap_max_limit_in_bytes: unlimited
maximum number of tasks: 8430
current number of tasks: 30

Steal ticks since vm start: 0
Steal ticks percentage since vm start:  0.000

CPU:total 4 (initial active 4) (4 cores per cpu, 1 threads per core) family 23 model 96 stepping 1 microcode 0x860010d, cmov, cx8, fxsr, mmx, sse, sse2, sse3, ssse3, sse4.1, sse4.2, popcnt, avx, avx2, aes, clmul, mmxext, 3dnowpref, lzcnt, sse4a, tsc, tscinvbit, tscinv, bmi1, bmi2, adx, sha, fma
CPU Model and flags from /proc/cpuinfo:
model name	: AMD Ryzen 3 4300U with Radeon Graphics
flags		: fpu vme de pse tsc msr pae mce cx8 apic sep mtrr pge mca cmov pat pse36 clflush mmx fxsr sse sse2 ht syscall nx mmxext fxsr_opt pdpe1gb rdtscp lm constant_tsc rep_good nopl xtopology nonstop_tsc cpuid extd_apicid aperfmperf rapl pni pclmulqdq monitor ssse3 fma cx16 sse4_1 sse4_2 movbe popcnt aes xsave avx f16c rdrand lahf_lm cmp_legacy svm extapic cr8_legacy abm sse4a misalignsse 3dnowprefetch osvw ibs skinit wdt tce topoext perfctr_core perfctr_nb bpext perfctr_llc mwaitx cpb cat_l3 cdp_l3 hw_pstate ssbd mba ibrs ibpb stibp vmmcall fsgsbase bmi1 avx2 smep bmi2 cqm rdt_a rdseed adx smap clflushopt clwb sha_ni xsaveopt xsavec xgetbv1 cqm_llc cqm_occup_llc cqm_mbm_total cqm_mbm_local clzero irperf xsaveerptr rdpru wbnoinvd cppc arat npt lbrv svm_lock nrip_save tsc_scale vmcb_clean flushbyasid decodeassists pausefilter pfthreshold avic v_vmsave_vmload vgif v_spec_ctrl umip rdpid overflow_recov succor smca
Online cpus:
0-3
Offline cpus:

BIOS frequency limitation:
2700000
Frequency switch latency (ns):
0
Available cpu frequencies:
2700000 1700000 1400000 
Current governor:
schedutil
Core performance/turbo boost:
1

Memory: 4k page, physical 7331108k(797948k free), swap 2097148k(1892824k free)

vm_info: OpenJDK 64-Bit Server VM (11.0.27+6-post-Ubuntu-0ubuntu124.04) for linux-amd64 JRE (11.0.27+6-post-Ubuntu-0ubuntu124.04), built on Apr 21 2025 06:05:47 by "unknown" with gcc 13.3.0

END.
