#
# A fatal error has been detected by the Java Runtime Environment:
#
#  SIGSEGV (0xb) at pc=0x0000740c53090ee0, pid=318, tid=338
#
# JRE version: OpenJDK Runtime Environment (11.0.27+6) (build 11.0.27+6-post-Ubuntu-0ubuntu124.04)
# Java VM: OpenJDK 64-Bit Server VM (11.0.27+6-post-Ubuntu-0ubuntu124.04, mixed mode, sharing, tiered, compressed oops, g1 gc, linux-amd64)
# Problematic frame:
# V  [libjvm.so+0x612ee0]  Compile::remove_useless_nodes(Unique_Node_List&)+0x80
#
# Core dump will be written. Default location: Core dumps may be processed with "/usr/lib/systemd/systemd-coredump %P %u %g %s %t 9223372036854775808 %h %d" (or dumping to /work/src/ontology/core.318)
#
# If you would like to submit a bug report, please visit:
#   https://bugs.launchpad.net/ubuntu/+source/openjdk-lts
#

---------------  S U M M A R Y ------------

Command Line: -Xmx6G /tools/robot.jar --catalog catalog-v001.xml verify -i tmp/merged-tfsco-edit.ofn --queries ../sparql/owldef-self-reference-violation.sparql ../sparql/iri-range-violation.sparql ../sparql/label-with-iri-violation.sparql ../sparql/multiple-replaced_by-violation.sparql -O reports

Host: AMD Ryzen 3 4300U with Radeon Graphics, 4 cores, 6G, Ubuntu 24.04.2 LTS
Time: Tue Jan  6 13:49:51 2026 UTC elapsed time: 0.266840 seconds (0d 0h 0m 0s)

---------------  T H R E A D  ---------------

Current thread (0x0000740bf4076000):  JavaThread "C2 CompilerThread1" daemon [_thread_in_native, id=338, stack(0x0000740c203ff000,0x0000740c204ff000)]


Current CompileTask:
C2:    266  658       4       jdk.internal.org.objectweb.asm.Frame::execute (2264 bytes)

Stack: [0x0000740c203ff000,0x0000740c204ff000],  sp=0x0000740c204fc130,  free space=1012k
Native frames: (J=compiled Java code, A=aot compiled Java code, j=interpreted, Vv=VM code, C=native code)
V  [libjvm.so+0x612ee0]  Compile::remove_useless_nodes(Unique_Node_List&)+0x80
V  [libjvm.so+0x62450e]  Compile::Compile(ciEnv*, C2Compiler*, ciMethod*, int, bool, bool, bool, bool, DirectiveSet*)+0x16be
V  [libjvm.so+0x545ff9]  C2Compiler::compile_method(ciEnv*, ciMethod*, int, DirectiveSet*)+0x149
V  [libjvm.so+0x62ce4a]  CompileBroker::invoke_compiler_on_method(CompileTask*)+0x47a
V  [libjvm.so+0x62e1b8]  CompileBroker::compiler_thread_loop()+0x438
V  [libjvm.so+0xe58b6e]  JavaThread::thread_main_inner()+0x23e
V  [libjvm.so+0xe54fdd]  Thread::call_run()+0x14d
V  [libjvm.so+0xc08a3e]  thread_native_entry(Thread*)+0xee
C  [libc.so.6+0x9caa4]


siginfo: si_signo: 11 (SIGSEGV), si_code: 1 (SEGV_MAPERR), si_addr: 0x000000040000002b

Register to memory mapping:

RAX=0x0000000010000001 is an unknown value
RBX=0x0000740c204fc3a0 is pointing into the stack for thread: 0x0000740bf4076000
RCX=0x000000000000001a is an unknown value
RDX=0x0000000400000003 is an unknown value
RSP=0x0000740c204fc130 is pointing into the stack for thread: 0x0000740bf4076000
RBP=0x0000740c204fc170 is pointing into the stack for thread: 0x0000740bf4076000
RSI=0x0000000000000001 is an unknown value
RDI=0x0000740c4c30ec30 points into unknown readable memory: 0x0000000400000003 | 03 00 00 00 04 00 00 00
R8 =0x0000740c204fce60 is pointing into the stack for thread: 0x0000740bf4076000
R9 =0x0000740c4c30ec28 points into unknown readable memory: 0x0000740c4c30ebe0 | e0 eb 30 4c 0c 74 00 00
R10=0x0000000010000001 is an unknown value
R11=0x0000740bf8095c10 points into unknown readable memory: 0x3f9c069c22107feb | eb 7f 10 22 9c 06 9c 3f
R12=0x0000000000000001 is an unknown value
R13=0x0000000000001114 is an unknown value
R14=0x0000740c4c30eb90 points into unknown readable memory: 0x0000740c53cb4028 | 28 40 cb 53 0c 74 00 00
R15=0x0000000004000000 is an unknown value


Registers:
RAX=0x0000000010000001, RBX=0x0000740c204fc3a0, RCX=0x000000000000001a, RDX=0x0000000400000003
RSP=0x0000740c204fc130, RBP=0x0000740c204fc170, RSI=0x0000000000000001, RDI=0x0000740c4c30ec30
R8 =0x0000740c204fce60, R9 =0x0000740c4c30ec28, R10=0x0000000010000001, R11=0x0000740bf8095c10
R12=0x0000000000000001, R13=0x0000000000001114, R14=0x0000740c4c30eb90, R15=0x0000000004000000
RIP=0x0000740c53090ee0, EFLAGS=0x0000000000010206, CSGSFS=0x002b000000000033, ERR=0x0000000000000004
  TRAPNO=0x000000000000000e

Top of Stack: (sp=0x0000740c204fc130)
0x0000740c204fc130:   0000740c204fc150 0000740c204fce60
0x0000740c204fc140:   00000000000007d9 0000740c204fc2d0
0x0000740c204fc150:   0000740c204fc200 0000740c204fce60
0x0000740c204fc160:   0000740c204fce60 0000740c204fc280 

Instructions: (pc=0x0000740c53090ee0)
0x0000740c53090de0:   c4 00 be 54 00 00 00 48 8d 3d 8a f1 95 00 48 8b
0x0000740c53090df0:   00 c6 00 58 e8 c7 d2 06 00 e8 22 e0 5e 00 31 c0
0x0000740c53090e00:   45 85 ff 7e 10 89 de 49 8b 7e 18 44 29 fe 48 63
0x0000740c53090e10:   f6 4c 89 24 f7 8b 48 28 89 c8 c1 e8 05 41 3b 45
0x0000740c53090e20:   30 0f 82 79 ff ff ff 41 8b 06 48 83 c3 01 41 83
0x0000740c53090e30:   c7 01 39 d8 7f 89 44 29 f8 41 89 06 48 83 c4 08
0x0000740c53090e40:   5b 41 5c 41 5d 41 5e 41 5f 5d c3 0f 1f 44 00 00
0x0000740c53090e50:   4c 89 e7 ff d0 eb a9 90 0f 1f 84 00 00 00 00 00
0x0000740c53090e60:   f3 0f 1e fa 55 49 89 f8 48 89 e5 41 57 41 56 41
0x0000740c53090e70:   55 45 31 ed 41 54 41 bc 01 00 00 00 53 48 89 f3
0x0000740c53090e80:   48 83 ec 18 8b 46 18 85 c0 0f 84 90 00 00 00 90
0x0000740c53090e90:   48 8b 43 10 4e 8b 34 e8 41 8b 46 2c f7 d0 a8 03
0x0000740c53090ea0:   0f 84 72 07 00 00 41 8b 46 20 31 f6 41 89 c2 85
0x0000740c53090eb0:   c0 7f 20 eb 5c 0f 1f 00 4c 8b 5b 38 83 e1 1f 4d
0x0000740c53090ec0:   89 e7 49 d3 e7 45 85 3c 93 74 22 83 c6 01 41 39
0x0000740c53090ed0:   f2 7e 35 4d 8b 4e 10 89 f2 49 8d 3c d1 48 8b 17
0x0000740c53090ee0:   8b 4a 28 89 ca c1 ea 05 3b 53 30 72 cb 83 e8 01
0x0000740c53090ef0:   41 83 ea 01 41 89 46 20 49 8b 04 c1 48 89 07 41
0x0000740c53090f00:   8b 46 20 41 39 f2 7f cb 83 f8 01 0f 84 8f 06 00
0x0000740c53090f10:   00 49 83 c5 01 44 3b 6b 18 0f 82 71 ff ff ff 49
0x0000740c53090f20:   8b 40 08 48 8b 80 80 01 00 00 48 63 08 89 ce 83
0x0000740c53090f30:   ee 01 0f 88 00 02 00 00 48 63 d6 89 f6 48 29 f1
0x0000740c53090f40:   4c 8d 34 d5 00 00 00 00 4c 8d 24 cd f0 ff ff ff
0x0000740c53090f50:   eb 32 66 0f 1f 44 00 00 48 8b 73 38 83 e1 1f bf
0x0000740c53090f60:   01 00 00 00 48 d3 e7 85 3c 86 74 2e 49 83 ee 08
0x0000740c53090f70:   4d 39 f4 0f 84 bf 01 00 00 49 8b 40 08 48 8b 80
0x0000740c53090f80:   80 01 00 00 48 8b 40 18 4e 8b 3c 30 41 8b 4f 28
0x0000740c53090f90:   89 c8 c1 e8 05 3b 43 30 72 be 4d 8b 88 80 01 00
0x0000740c53090fa0:   00 41 8b 31 85 f6 0f 8e 8c 00 00 00 49 8b 79 18
0x0000740c53090fb0:   4c 63 d6 48 89 f8 4a 8d 0c d7 eb 0d 0f 1f 40 00
0x0000740c53090fc0:   48 83 c0 08 48 39 c1 74 6f 4c 3b 38 75 f2 b8 01
0x0000740c53090fd0:   00 00 00 eb 13 0f 1f 00 48 8d 48 01 49 39 c2 0f 


Stack slot to memory mapping:
stack at sp + 0 slots: 0x0000740c204fc150 is pointing into the stack for thread: 0x0000740bf4076000
stack at sp + 1 slots: 0x0000740c204fce60 is pointing into the stack for thread: 0x0000740bf4076000
stack at sp + 2 slots: 0x00000000000007d9 is an unknown value
stack at sp + 3 slots: 0x0000740c204fc2d0 is pointing into the stack for thread: 0x0000740bf4076000
stack at sp + 4 slots: 0x0000740c204fc200 is pointing into the stack for thread: 0x0000740bf4076000
stack at sp + 5 slots: 0x0000740c204fce60 is pointing into the stack for thread: 0x0000740bf4076000
stack at sp + 6 slots: 0x0000740c204fce60 is pointing into the stack for thread: 0x0000740bf4076000
stack at sp + 7 slots: 0x0000740c204fc280 is pointing into the stack for thread: 0x0000740bf4076000


---------------  P R O C E S S  ---------------

Threads class SMR info:
_java_thread_list=0x0000740bf4077920, length=10, elements={
0x0000740c4c015000, 0x0000740c4c1ec800, 0x0000740c4c1ef000, 0x0000740c4c1f6000,
0x0000740c4c1f8000, 0x0000740c4c1fa000, 0x0000740c4c1fc000, 0x0000740c4c1fe800,
0x0000740c4c251000, 0x0000740bf4076000
}

Java Threads: ( => current thread )
  0x0000740c4c015000 JavaThread "main" [_thread_in_vm, id=322, stack(0x0000740c525e9000,0x0000740c526e9000)]
  0x0000740c4c1ec800 JavaThread "Reference Handler" daemon [_thread_blocked, id=329, stack(0x0000740c341fd000,0x0000740c342fd000)]
  0x0000740c4c1ef000 JavaThread "Finalizer" daemon [_thread_blocked, id=330, stack(0x0000740c340fd000,0x0000740c341fd000)]
  0x0000740c4c1f6000 JavaThread "Signal Dispatcher" daemon [_thread_blocked, id=331, stack(0x0000740c20b00000,0x0000740c20c00000)]
  0x0000740c4c1f8000 JavaThread "Service Thread" daemon [_thread_blocked, id=332, stack(0x0000740c20a00000,0x0000740c20b00000)]
  0x0000740c4c1fa000 JavaThread "C2 CompilerThread0" daemon [_thread_blocked, id=333, stack(0x0000740c20900000,0x0000740c20a00000)]
  0x0000740c4c1fc000 JavaThread "C1 CompilerThread0" daemon [_thread_blocked, id=334, stack(0x0000740c20800000,0x0000740c20900000)]
  0x0000740c4c1fe800 JavaThread "Sweeper thread" daemon [_thread_blocked, id=335, stack(0x0000740c20700000,0x0000740c20800000)]
  0x0000740c4c251000 JavaThread "Common-Cleaner" daemon [_thread_blocked, id=337, stack(0x0000740c204ff000,0x0000740c205ff000)]
=>0x0000740bf4076000 JavaThread "C2 CompilerThread1" daemon [_thread_in_native, id=338, stack(0x0000740c203ff000,0x0000740c204ff000)]

Other Threads:
  0x0000740c4c1ea000 VMThread "VM Thread" [stack: 0x0000740c342fe000,0x0000740c343fe000] [id=328]
  0x0000740c4c24f000 WatcherThread [stack: 0x0000740c20600000,0x0000740c20700000] [id=336]
  0x0000740c4c02e000 GCTaskThread "GC Thread#0" [stack: 0x0000740c522a7000,0x0000740c523a7000] [id=323]
  0x0000740c4c0bc000 ConcurrentGCThread "G1 Main Marker" [stack: 0x0000740c50433000,0x0000740c50533000] [id=324]
  0x0000740c4c0be000 ConcurrentGCThread "G1 Conc#0" [stack: 0x0000740c50332000,0x0000740c50432000] [id=325]
  0x0000740c4c13a800 ConcurrentGCThread "G1 Refine#0" [stack: 0x0000740c34500000,0x0000740c34600000] [id=326]
  0x0000740c4c13c800 ConcurrentGCThread "G1 Young RemSet Sampling" [stack: 0x0000740c343ff000,0x0000740c344ff000] [id=327]

Threads with active compile tasks:
C2 CompilerThread1      269  658       4       jdk.internal.org.objectweb.asm.Frame::execute (2264 bytes)

VM state:not at safepoint (normal execution)

VM Mutex/Monitor currently owned by a thread: None

Heap address: 0x0000000680000000, size: 6144 MB, Compressed Oops mode: Zero based, Oop shift amount: 3
Narrow klass base: 0x0000000800000000, Narrow klass shift: 3
Compressed class space size: 1073741824 Address: 0x0000000840000000

Heap:
 garbage-first heap   total 116736K, used 21200K [0x0000000680000000, 0x0000000800000000)
  region size 1024K, 7 young (7168K), 0 survivors (0K)
 Metaspace       used 4186K, capacity 5303K, committed 5504K, reserved 1056768K
  class space    used 467K, capacity 582K, committed 640K, reserved 1048576K
Heap Regions: E=young(eden), S=young(survivor), O=old, HS=humongous(starts), HC=humongous(continues), CS=collection set, F=free, A=archive, TAMS=top-at-mark-start (previous, next)
|   0|0x0000000680000000, 0x0000000680100000, 0x0000000680100000|100%|HS|  |TAMS 0x0000000680000000, 0x0000000680000000| Complete 
|   1|0x0000000680100000, 0x0000000680200000, 0x0000000680200000|100%|HC|  |TAMS 0x0000000680100000, 0x0000000680100000| Complete 
|   2|0x0000000680200000, 0x0000000680300000, 0x0000000680300000|100%|HC|  |TAMS 0x0000000680200000, 0x0000000680200000| Complete 
|   3|0x0000000680300000, 0x0000000680400000, 0x0000000680400000|100%|HC|  |TAMS 0x0000000680300000, 0x0000000680300000| Complete 
|   4|0x0000000680400000, 0x0000000680500000, 0x0000000680500000|100%|HC|  |TAMS 0x0000000680400000, 0x0000000680400000| Complete 
|   5|0x0000000680500000, 0x0000000680600000, 0x0000000680600000|100%|HC|  |TAMS 0x0000000680500000, 0x0000000680500000| Complete 
|   6|0x0000000680600000, 0x0000000680700000, 0x0000000680700000|100%|HS|  |TAMS 0x0000000680600000, 0x0000000680600000| Complete 
|   7|0x0000000680700000, 0x0000000680800000, 0x0000000680800000|100%|HS|  |TAMS 0x0000000680700000, 0x0000000680700000| Complete 
|   8|0x0000000680800000, 0x0000000680900000, 0x0000000680900000|100%|HC|  |TAMS 0x0000000680800000, 0x0000000680800000| Complete 
|   9|0x0000000680900000, 0x0000000680a00000, 0x0000000680a00000|100%|HC|  |TAMS 0x0000000680900000, 0x0000000680900000| Complete 
|  10|0x0000000680a00000, 0x0000000680b00000, 0x0000000680b00000|100%|HC|  |TAMS 0x0000000680a00000, 0x0000000680a00000| Complete 
|  11|0x0000000680b00000, 0x0000000680c00000, 0x0000000680c00000|100%|HC|  |TAMS 0x0000000680b00000, 0x0000000680b00000| Complete 
|  12|0x0000000680c00000, 0x0000000680d00000, 0x0000000680d00000|100%|HC|  |TAMS 0x0000000680c00000, 0x0000000680c00000| Complete 
|  13|0x0000000680d00000, 0x0000000680e00000, 0x0000000680e00000|100%|HS|  |TAMS 0x0000000680d00000, 0x0000000680d00000| Complete 
|  14|0x0000000680e00000, 0x0000000680e00000, 0x0000000680f00000|  0%| F|  |TAMS 0x0000000680e00000, 0x0000000680e00000| Untracked 
|  15|0x0000000680f00000, 0x0000000680f00000, 0x0000000681000000|  0%| F|  |TAMS 0x0000000680f00000, 0x0000000680f00000| Untracked 
|  16|0x0000000681000000, 0x0000000681000000, 0x0000000681100000|  0%| F|  |TAMS 0x0000000681000000, 0x0000000681000000| Untracked 
|  17|0x0000000681100000, 0x0000000681100000, 0x0000000681200000|  0%| F|  |TAMS 0x0000000681100000, 0x0000000681100000| Untracked 
|  18|0x0000000681200000, 0x0000000681200000, 0x0000000681300000|  0%| F|  |TAMS 0x0000000681200000, 0x0000000681200000| Untracked 
|  19|0x0000000681300000, 0x0000000681300000, 0x0000000681400000|  0%| F|  |TAMS 0x0000000681300000, 0x0000000681300000| Untracked 
|  20|0x0000000681400000, 0x0000000681400000, 0x0000000681500000|  0%| F|  |TAMS 0x0000000681400000, 0x0000000681400000| Untracked 
|  21|0x0000000681500000, 0x0000000681500000, 0x0000000681600000|  0%| F|  |TAMS 0x0000000681500000, 0x0000000681500000| Untracked 
|  22|0x0000000681600000, 0x0000000681600000, 0x0000000681700000|  0%| F|  |TAMS 0x0000000681600000, 0x0000000681600000| Untracked 
|  23|0x0000000681700000, 0x0000000681700000, 0x0000000681800000|  0%| F|  |TAMS 0x0000000681700000, 0x0000000681700000| Untracked 
|  24|0x0000000681800000, 0x0000000681800000, 0x0000000681900000|  0%| F|  |TAMS 0x0000000681800000, 0x0000000681800000| Untracked 
|  25|0x0000000681900000, 0x0000000681900000, 0x0000000681a00000|  0%| F|  |TAMS 0x0000000681900000, 0x0000000681900000| Untracked 
|  26|0x0000000681a00000, 0x0000000681a00000, 0x0000000681b00000|  0%| F|  |TAMS 0x0000000681a00000, 0x0000000681a00000| Untracked 
|  27|0x0000000681b00000, 0x0000000681b00000, 0x0000000681c00000|  0%| F|  |TAMS 0x0000000681b00000, 0x0000000681b00000| Untracked 
|  28|0x0000000681c00000, 0x0000000681c00000, 0x0000000681d00000|  0%| F|  |TAMS 0x0000000681c00000, 0x0000000681c00000| Untracked 
|  29|0x0000000681d00000, 0x0000000681d00000, 0x0000000681e00000|  0%| F|  |TAMS 0x0000000681d00000, 0x0000000681d00000| Untracked 
|  30|0x0000000681e00000, 0x0000000681e00000, 0x0000000681f00000|  0%| F|  |TAMS 0x0000000681e00000, 0x0000000681e00000| Untracked 
|  31|0x0000000681f00000, 0x0000000681f00000, 0x0000000682000000|  0%| F|  |TAMS 0x0000000681f00000, 0x0000000681f00000| Untracked 
|  32|0x0000000682000000, 0x0000000682000000, 0x0000000682100000|  0%| F|  |TAMS 0x0000000682000000, 0x0000000682000000| Untracked 
|  33|0x0000000682100000, 0x0000000682100000, 0x0000000682200000|  0%| F|  |TAMS 0x0000000682100000, 0x0000000682100000| Untracked 
|  34|0x0000000682200000, 0x0000000682200000, 0x0000000682300000|  0%| F|  |TAMS 0x0000000682200000, 0x0000000682200000| Untracked 
|  35|0x0000000682300000, 0x0000000682300000, 0x0000000682400000|  0%| F|  |TAMS 0x0000000682300000, 0x0000000682300000| Untracked 
|  36|0x0000000682400000, 0x0000000682400000, 0x0000000682500000|  0%| F|  |TAMS 0x0000000682400000, 0x0000000682400000| Untracked 
|  37|0x0000000682500000, 0x0000000682500000, 0x0000000682600000|  0%| F|  |TAMS 0x0000000682500000, 0x0000000682500000| Untracked 
|  38|0x0000000682600000, 0x0000000682600000, 0x0000000682700000|  0%| F|  |TAMS 0x0000000682600000, 0x0000000682600000| Untracked 
|  39|0x0000000682700000, 0x0000000682700000, 0x0000000682800000|  0%| F|  |TAMS 0x0000000682700000, 0x0000000682700000| Untracked 
|  40|0x0000000682800000, 0x0000000682800000, 0x0000000682900000|  0%| F|  |TAMS 0x0000000682800000, 0x0000000682800000| Untracked 
|  41|0x0000000682900000, 0x0000000682900000, 0x0000000682a00000|  0%| F|  |TAMS 0x0000000682900000, 0x0000000682900000| Untracked 
|  42|0x0000000682a00000, 0x0000000682a00000, 0x0000000682b00000|  0%| F|  |TAMS 0x0000000682a00000, 0x0000000682a00000| Untracked 
|  43|0x0000000682b00000, 0x0000000682b00000, 0x0000000682c00000|  0%| F|  |TAMS 0x0000000682b00000, 0x0000000682b00000| Untracked 
|  44|0x0000000682c00000, 0x0000000682c00000, 0x0000000682d00000|  0%| F|  |TAMS 0x0000000682c00000, 0x0000000682c00000| Untracked 
|  45|0x0000000682d00000, 0x0000000682d00000, 0x0000000682e00000|  0%| F|  |TAMS 0x0000000682d00000, 0x0000000682d00000| Untracked 
|  46|0x0000000682e00000, 0x0000000682e00000, 0x0000000682f00000|  0%| F|  |TAMS 0x0000000682e00000, 0x0000000682e00000| Untracked 
|  47|0x0000000682f00000, 0x0000000682f00000, 0x0000000683000000|  0%| F|  |TAMS 0x0000000682f00000, 0x0000000682f00000| Untracked 
|  48|0x0000000683000000, 0x0000000683000000, 0x0000000683100000|  0%| F|  |TAMS 0x0000000683000000, 0x0000000683000000| Untracked 
|  49|0x0000000683100000, 0x0000000683100000, 0x0000000683200000|  0%| F|  |TAMS 0x0000000683100000, 0x0000000683100000| Untracked 
|  50|0x0000000683200000, 0x0000000683200000, 0x0000000683300000|  0%| F|  |TAMS 0x0000000683200000, 0x0000000683200000| Untracked 
|  51|0x0000000683300000, 0x0000000683300000, 0x0000000683400000|  0%| F|  |TAMS 0x0000000683300000, 0x0000000683300000| Untracked 
|  52|0x0000000683400000, 0x0000000683400000, 0x0000000683500000|  0%| F|  |TAMS 0x0000000683400000, 0x0000000683400000| Untracked 
|  53|0x0000000683500000, 0x0000000683500000, 0x0000000683600000|  0%| F|  |TAMS 0x0000000683500000, 0x0000000683500000| Untracked 
|  54|0x0000000683600000, 0x0000000683600000, 0x0000000683700000|  0%| F|  |TAMS 0x0000000683600000, 0x0000000683600000| Untracked 
|  55|0x0000000683700000, 0x0000000683700000, 0x0000000683800000|  0%| F|  |TAMS 0x0000000683700000, 0x0000000683700000| Untracked 
|  56|0x0000000683800000, 0x0000000683800000, 0x0000000683900000|  0%| F|  |TAMS 0x0000000683800000, 0x0000000683800000| Untracked 
|  57|0x0000000683900000, 0x0000000683900000, 0x0000000683a00000|  0%| F|  |TAMS 0x0000000683900000, 0x0000000683900000| Untracked 
|  58|0x0000000683a00000, 0x0000000683a00000, 0x0000000683b00000|  0%| F|  |TAMS 0x0000000683a00000, 0x0000000683a00000| Untracked 
|  59|0x0000000683b00000, 0x0000000683b00000, 0x0000000683c00000|  0%| F|  |TAMS 0x0000000683b00000, 0x0000000683b00000| Untracked 
|  60|0x0000000683c00000, 0x0000000683c00000, 0x0000000683d00000|  0%| F|  |TAMS 0x0000000683c00000, 0x0000000683c00000| Untracked 
|  61|0x0000000683d00000, 0x0000000683d00000, 0x0000000683e00000|  0%| F|  |TAMS 0x0000000683d00000, 0x0000000683d00000| Untracked 
|  62|0x0000000683e00000, 0x0000000683e00000, 0x0000000683f00000|  0%| F|  |TAMS 0x0000000683e00000, 0x0000000683e00000| Untracked 
|  63|0x0000000683f00000, 0x0000000683f00000, 0x0000000684000000|  0%| F|  |TAMS 0x0000000683f00000, 0x0000000683f00000| Untracked 
|  64|0x0000000684000000, 0x0000000684000000, 0x0000000684100000|  0%| F|  |TAMS 0x0000000684000000, 0x0000000684000000| Untracked 
|  65|0x0000000684100000, 0x0000000684100000, 0x0000000684200000|  0%| F|  |TAMS 0x0000000684100000, 0x0000000684100000| Untracked 
|  66|0x0000000684200000, 0x0000000684200000, 0x0000000684300000|  0%| F|  |TAMS 0x0000000684200000, 0x0000000684200000| Untracked 
|  67|0x0000000684300000, 0x0000000684300000, 0x0000000684400000|  0%| F|  |TAMS 0x0000000684300000, 0x0000000684300000| Untracked 
|  68|0x0000000684400000, 0x0000000684400000, 0x0000000684500000|  0%| F|  |TAMS 0x0000000684400000, 0x0000000684400000| Untracked 
|  69|0x0000000684500000, 0x0000000684500000, 0x0000000684600000|  0%| F|  |TAMS 0x0000000684500000, 0x0000000684500000| Untracked 
|  70|0x0000000684600000, 0x0000000684600000, 0x0000000684700000|  0%| F|  |TAMS 0x0000000684600000, 0x0000000684600000| Untracked 
|  71|0x0000000684700000, 0x0000000684700000, 0x0000000684800000|  0%| F|  |TAMS 0x0000000684700000, 0x0000000684700000| Untracked 
|  72|0x0000000684800000, 0x0000000684800000, 0x0000000684900000|  0%| F|  |TAMS 0x0000000684800000, 0x0000000684800000| Untracked 
|  73|0x0000000684900000, 0x0000000684900000, 0x0000000684a00000|  0%| F|  |TAMS 0x0000000684900000, 0x0000000684900000| Untracked 
|  74|0x0000000684a00000, 0x0000000684a00000, 0x0000000684b00000|  0%| F|  |TAMS 0x0000000684a00000, 0x0000000684a00000| Untracked 
|  75|0x0000000684b00000, 0x0000000684b00000, 0x0000000684c00000|  0%| F|  |TAMS 0x0000000684b00000, 0x0000000684b00000| Untracked 
|  76|0x0000000684c00000, 0x0000000684c00000, 0x0000000684d00000|  0%| F|  |TAMS 0x0000000684c00000, 0x0000000684c00000| Untracked 
|  77|0x0000000684d00000, 0x0000000684d00000, 0x0000000684e00000|  0%| F|  |TAMS 0x0000000684d00000, 0x0000000684d00000| Untracked 
|  78|0x0000000684e00000, 0x0000000684e00000, 0x0000000684f00000|  0%| F|  |TAMS 0x0000000684e00000, 0x0000000684e00000| Untracked 
|  79|0x0000000684f00000, 0x0000000684f00000, 0x0000000685000000|  0%| F|  |TAMS 0x0000000684f00000, 0x0000000684f00000| Untracked 
|  80|0x0000000685000000, 0x0000000685000000, 0x0000000685100000|  0%| F|  |TAMS 0x0000000685000000, 0x0000000685000000| Untracked 
|  81|0x0000000685100000, 0x0000000685100000, 0x0000000685200000|  0%| F|  |TAMS 0x0000000685100000, 0x0000000685100000| Untracked 
|  82|0x0000000685200000, 0x0000000685200000, 0x0000000685300000|  0%| F|  |TAMS 0x0000000685200000, 0x0000000685200000| Untracked 
|  83|0x0000000685300000, 0x0000000685300000, 0x0000000685400000|  0%| F|  |TAMS 0x0000000685300000, 0x0000000685300000| Untracked 
|  84|0x0000000685400000, 0x0000000685400000, 0x0000000685500000|  0%| F|  |TAMS 0x0000000685400000, 0x0000000685400000| Untracked 
|  85|0x0000000685500000, 0x0000000685500000, 0x0000000685600000|  0%| F|  |TAMS 0x0000000685500000, 0x0000000685500000| Untracked 
|  86|0x0000000685600000, 0x0000000685600000, 0x0000000685700000|  0%| F|  |TAMS 0x0000000685600000, 0x0000000685600000| Untracked 
|  87|0x0000000685700000, 0x0000000685700000, 0x0000000685800000|  0%| F|  |TAMS 0x0000000685700000, 0x0000000685700000| Untracked 
|  88|0x0000000685800000, 0x0000000685800000, 0x0000000685900000|  0%| F|  |TAMS 0x0000000685800000, 0x0000000685800000| Untracked 
|  89|0x0000000685900000, 0x0000000685900000, 0x0000000685a00000|  0%| F|  |TAMS 0x0000000685900000, 0x0000000685900000| Untracked 
|  90|0x0000000685a00000, 0x0000000685a00000, 0x0000000685b00000|  0%| F|  |TAMS 0x0000000685a00000, 0x0000000685a00000| Untracked 
|  91|0x0000000685b00000, 0x0000000685b00000, 0x0000000685c00000|  0%| F|  |TAMS 0x0000000685b00000, 0x0000000685b00000| Untracked 
|  92|0x0000000685c00000, 0x0000000685c00000, 0x0000000685d00000|  0%| F|  |TAMS 0x0000000685c00000, 0x0000000685c00000| Untracked 
|  93|0x0000000685d00000, 0x0000000685d00000, 0x0000000685e00000|  0%| F|  |TAMS 0x0000000685d00000, 0x0000000685d00000| Untracked 
|  94|0x0000000685e00000, 0x0000000685e00000, 0x0000000685f00000|  0%| F|  |TAMS 0x0000000685e00000, 0x0000000685e00000| Untracked 
|  95|0x0000000685f00000, 0x0000000685f00000, 0x0000000686000000|  0%| F|  |TAMS 0x0000000685f00000, 0x0000000685f00000| Untracked 
|  96|0x0000000686000000, 0x0000000686000000, 0x0000000686100000|  0%| F|  |TAMS 0x0000000686000000, 0x0000000686000000| Untracked 
|  97|0x0000000686100000, 0x0000000686100000, 0x0000000686200000|  0%| F|  |TAMS 0x0000000686100000, 0x0000000686100000| Untracked 
|  98|0x0000000686200000, 0x0000000686200000, 0x0000000686300000|  0%| F|  |TAMS 0x0000000686200000, 0x0000000686200000| Untracked 
|  99|0x0000000686300000, 0x0000000686300000, 0x0000000686400000|  0%| F|  |TAMS 0x0000000686300000, 0x0000000686300000| Untracked 
| 100|0x0000000686400000, 0x0000000686400000, 0x0000000686500000|  0%| F|  |TAMS 0x0000000686400000, 0x0000000686400000| Untracked 
| 101|0x0000000686500000, 0x0000000686500000, 0x0000000686600000|  0%| F|  |TAMS 0x0000000686500000, 0x0000000686500000| Untracked 
| 102|0x0000000686600000, 0x0000000686600000, 0x0000000686700000|  0%| F|  |TAMS 0x0000000686600000, 0x0000000686600000| Untracked 
| 103|0x0000000686700000, 0x0000000686700000, 0x0000000686800000|  0%| F|  |TAMS 0x0000000686700000, 0x0000000686700000| Untracked 
| 104|0x0000000686800000, 0x0000000686800000, 0x0000000686900000|  0%| F|  |TAMS 0x0000000686800000, 0x0000000686800000| Untracked 
| 105|0x0000000686900000, 0x0000000686990210, 0x0000000686a00000| 56%| E|  |TAMS 0x0000000686900000, 0x0000000686900000| Complete 
| 106|0x0000000686a00000, 0x0000000686b00000, 0x0000000686b00000|100%| E|CS|TAMS 0x0000000686a00000, 0x0000000686a00000| Complete 
| 107|0x0000000686b00000, 0x0000000686c00000, 0x0000000686c00000|100%| E|CS|TAMS 0x0000000686b00000, 0x0000000686b00000| Complete 
| 108|0x0000000686c00000, 0x0000000686d00000, 0x0000000686d00000|100%| E|CS|TAMS 0x0000000686c00000, 0x0000000686c00000| Complete 
| 109|0x0000000686d00000, 0x0000000686e00000, 0x0000000686e00000|100%| E|CS|TAMS 0x0000000686d00000, 0x0000000686d00000| Complete 
| 110|0x0000000686e00000, 0x0000000686f00000, 0x0000000686f00000|100%| E|CS|TAMS 0x0000000686e00000, 0x0000000686e00000| Complete 
| 111|0x0000000686f00000, 0x0000000687000000, 0x0000000687000000|100%| E|CS|TAMS 0x0000000686f00000, 0x0000000686f00000| Complete 
|5112|0x00000007bf800000, 0x00000007bf848000, 0x00000007bf900000| 28%|OA|  |TAMS 0x00000007bf800000, 0x00000007bf800000| Untracked 
|5116|0x00000007bfc00000, 0x00000007bfc6c000, 0x00000007bfd00000| 42%|CA|  |TAMS 0x00000007bfc00000, 0x00000007bfc00000| Untracked 

Card table byte_map: [0x0000740c50600000,0x0000740c51200000] _byte_map_base: 0x0000740c4d200000

Marking Bits (Prev, Next): (CMBitMap*) 0x0000740c4c0a3248, (CMBitMap*) 0x0000740c4c0a3280
 Prev Bits: [0x0000740c29400000, 0x0000740c2f400000)
 Next Bits: [0x0000740c23400000, 0x0000740c29400000)

Polling page: 0x0000740c53faa000

Metaspace:

Usage:
  Non-class:      4.61 MB capacity,     3.64 MB ( 79%) used,   981.98 KB ( 21%) free+waste,    14.75 KB ( <1%) overhead. 
      Class:    582.00 KB capacity,   467.23 KB ( 80%) used,   106.46 KB ( 18%) free+waste,     8.31 KB (  1%) overhead. 
       Both:      5.18 MB capacity,     4.09 MB ( 79%) used,     1.06 MB ( 21%) free+waste,    23.06 KB ( <1%) overhead. 

Virtual space:
  Non-class space:        8.00 MB reserved,       4.75 MB ( 59%) committed 
      Class space:        1.00 GB reserved,     640.00 KB ( <1%) committed 
             Both:        1.01 GB reserved,       5.38 MB ( <1%) committed 

Chunk freelists:
   Non-Class:  0 bytes
       Class:  0 bytes
        Both:  0 bytes

MaxMetaspaceSize: unlimited
CompressedClassSpaceSize: 1.00 GB
Initial GC threshold: 20.80 MB
Current GC threshold: 20.80 MB
CDS: on

CodeHeap 'non-profiled nmethods': size=120032Kb used=230Kb max_used=230Kb free=119801Kb
 bounds [0x0000740c3c0c8000, 0x0000740c3c338000, 0x0000740c43600000]
CodeHeap 'profiled nmethods': size=120032Kb used=1112Kb max_used=1112Kb free=118919Kb
 bounds [0x0000740c34b90000, 0x0000740c34e00000, 0x0000740c3c0c8000]
CodeHeap 'non-nmethods': size=5696Kb used=1152Kb max_used=1164Kb free=4543Kb
 bounds [0x0000740c34600000, 0x0000740c34870000, 0x0000740c34b90000]
 total_blobs=1094 nmethods=683 adapters=325
 compilation: enabled
              stopped_count=0, restarted_count=0
 full_count=0

Compilation events (20 events):
Event: 0.259 Thread 0x0000740c4c1fc000  671       1       java.lang.invoke.MethodHandles$Lookup::lookupClass (5 bytes)
Event: 0.259 Thread 0x0000740bf4076000 nmethod 657 0x0000740c3c0fe390 code [0x0000740c3c0fe520, 0x0000740c3c0fe6b8]
Event: 0.259 Thread 0x0000740c4c1fc000 nmethod 671 0x0000740c3c0fe890 code [0x0000740c3c0fea40, 0x0000740c3c0feb10]
Event: 0.259 Thread 0x0000740bf4076000  658       4       jdk.internal.org.objectweb.asm.Frame::execute (2264 bytes)
Event: 0.259 Thread 0x0000740c4c1fc000  672       3       java.util.Arrays$ArrayItr::hasNext (18 bytes)
Event: 0.259 Thread 0x0000740c4c1fc000 nmethod 672 0x0000740c34ca1610 code [0x0000740c34ca17c0, 0x0000740c34ca1950]
Event: 0.259 Thread 0x0000740c4c1fc000  674       3       java.lang.invoke.MethodHandle::<init> (37 bytes)
Event: 0.259 Thread 0x0000740c4c1fc000 nmethod 674 0x0000740c34ca1a10 code [0x0000740c34ca1c20, 0x0000740c34ca2190]
Event: 0.259 Thread 0x0000740c4c1fc000  675       3       java.lang.invoke.LambdaForm::prepare (112 bytes)
Event: 0.260 Thread 0x0000740c4c1fa000 nmethod 587 0x0000740c3c0feb90 code [0x0000740c3c0feda0, 0x0000740c3c0ffd78]
Event: 0.260 Thread 0x0000740c4c1fa000  670       4       jdk.internal.org.objectweb.asm.Item::isEqualTo (354 bytes)
Event: 0.260 Thread 0x0000740c4c1fc000 nmethod 675 0x0000740c34ca2410 code [0x0000740c34ca2640, 0x0000740c34ca2c50]
Event: 0.260 Thread 0x0000740c4c1fc000  673       3       java.lang.invoke.LambdaFormEditor$Transform::bval (26 bytes)
Event: 0.260 Thread 0x0000740c4c1fc000 nmethod 673 0x0000740c34ca2e90 code [0x0000740c34ca3040, 0x0000740c34ca3130]
Event: 0.260 Thread 0x0000740c4c1fc000  676       3       java.lang.Class::getPackageName (81 bytes)
Event: 0.261 Thread 0x0000740c4c1fc000 nmethod 676 0x0000740c34ca3190 code [0x0000740c34ca3420, 0x0000740c34ca3d40]
Event: 0.262 Thread 0x0000740c4c1fc000  678       3       java.lang.invoke.DirectMethodHandle::internalMemberName (8 bytes)
Event: 0.262 Thread 0x0000740c4c1fc000 nmethod 678 0x0000740c34ca4090 code [0x0000740c34ca4240, 0x0000740c34ca4430]
Event: 0.263 Thread 0x0000740c4c1fa000 nmethod 670 0x0000740c3c100610 code [0x0000740c3c1007e0, 0x0000740c3c100fb8]
Event: 0.264 Thread 0x0000740c4c1fa000  677       4       java.lang.System::getSecurityManager (4 bytes)

GC Heap History (0 events):
No events

Deoptimization events (20 events):
Event: 0.171 Thread 0x0000740c4c015000 Uncommon trap: trap_request=0xffffff4d fr.pc=0x0000740c3c0e0a20 relative=0x00000000000002e0
Event: 0.171 Thread 0x0000740c4c015000 Uncommon trap: reason=unstable_if action=reinterpret pc=0x0000740c3c0e0a20 method=java.io.BufferedReader.read()I @ 19 c2
Event: 0.171 Thread 0x0000740c4c015000 DEOPT PACKING pc=0x0000740c3c0e0a20 sp=0x0000740c526e34b0
Event: 0.171 Thread 0x0000740c4c015000 DEOPT UNPACKING pc=0x0000740c34649ea5 sp=0x0000740c526e33f8 mode 2
Event: 0.171 Thread 0x0000740c4c015000 Uncommon trap: trap_request=0xffffff4d fr.pc=0x0000740c3c0e0398 relative=0x00000000000002f8
Event: 0.171 Thread 0x0000740c4c015000 Uncommon trap: reason=unstable_if action=reinterpret pc=0x0000740c3c0e0398 method=java.io.BufferedReader.read()I @ 19 c2
Event: 0.171 Thread 0x0000740c4c015000 DEOPT PACKING pc=0x0000740c3c0e0398 sp=0x0000740c526e3320
Event: 0.171 Thread 0x0000740c4c015000 DEOPT UNPACKING pc=0x0000740c34649ea5 sp=0x0000740c526e32d0 mode 2
Event: 0.242 Thread 0x0000740c4c015000 DEOPT PACKING pc=0x0000740c34bc7c55 sp=0x0000740c526e68a0
Event: 0.242 Thread 0x0000740c4c015000 DEOPT UNPACKING pc=0x0000740c3464a64a sp=0x0000740c526e5d20 mode 0
Event: 0.242 Thread 0x0000740c4c015000 DEOPT PACKING pc=0x0000740c34bbb64f sp=0x0000740c526e6850
Event: 0.242 Thread 0x0000740c4c015000 DEOPT UNPACKING pc=0x0000740c3464a64a sp=0x0000740c526e5d10 mode 0
Event: 0.242 Thread 0x0000740c4c015000 DEOPT PACKING pc=0x0000740c34bbb64f sp=0x0000740c526e6830
Event: 0.242 Thread 0x0000740c4c015000 DEOPT UNPACKING pc=0x0000740c3464a64a sp=0x0000740c526e5cf0 mode 0
Event: 0.242 Thread 0x0000740c4c015000 DEOPT PACKING pc=0x0000740c34bbb64f sp=0x0000740c526e6830
Event: 0.242 Thread 0x0000740c4c015000 DEOPT UNPACKING pc=0x0000740c3464a64a sp=0x0000740c526e5cf0 mode 0
Event: 0.251 Thread 0x0000740c4c015000 Uncommon trap: trap_request=0xffffff76 fr.pc=0x0000740c3c0fb8a4 relative=0x0000000000000084
Event: 0.251 Thread 0x0000740c4c015000 Uncommon trap: reason=loop_limit_check action=maybe_recompile pc=0x0000740c3c0fb8a4 method=java.lang.invoke.LambdaForm$Name.useCount(Ljava/lang/invoke/LambdaForm$Name;)I @ 21 c2
Event: 0.251 Thread 0x0000740c4c015000 DEOPT PACKING pc=0x0000740c3c0fb8a4 sp=0x0000740c526e52e0
Event: 0.251 Thread 0x0000740c4c015000 DEOPT UNPACKING pc=0x0000740c34649ea5 sp=0x0000740c526e5290 mode 2

Classes redefined (0 events):
No events

Internal exceptions (10 events):
Event: 0.169 Thread 0x0000740c4c015000 Exception <a 'java/lang/ClassNotFoundException'{0x0000000686c11838}: javax/smartcardio/CardPermission> (0x0000000686c11838) thrown at [./src/hotspot/share/classfile/systemDictionary.cpp, line 230]
Event: 0.172 Thread 0x0000740c4c015000 Exception <a 'java/io/FileNotFoundException'{0x0000000686c1ee88}> (0x0000000686c1ee88) thrown at [./src/hotspot/share/prims/jni.cpp, line 617]
Event: 0.213 Thread 0x0000740c4c015000 Exception <a 'java/lang/NoSuchMethodError'{0x0000000686b33af8}: 'java.lang.Object java.lang.invoke.DirectMethodHandle$Holder.invokeStatic(java.lang.Object, java.lang.Object, java.lang.Object, java.lang.Object, java.lang.Object, java.lang.Object, java.lang.Object, java.lang.Object, java.lang.Object, java.lang.Object, java.lang.Object, java.lang.Object, java.lang.Object, java.lang.Object, java.lang.Object)'> (0x0000000686b33af8) thrown at [./src/hotspot/share/interpreter/linkResolver.cpp, line 772]
Event: 0.214 Thread 0x0000740c4c015000 Exception <a 'java/lang/NoSuchMethodError'{0x0000000686b41940}: 'java.lang.Object java.lang.invoke.DirectMethodHandle$Holder.invokeStatic(java.lang.Object, java.lang.Object, java.lang.Object, java.lang.Object, java.lang.Object, java.lang.Object, java.lang.Object, java.lang.Object, java.lang.Object, java.lang.Object, java.lang.Object, java.lang.Object, java.lang.Object, java.lang.Object, java.lang.Object, java.lang.Object)'> (0x0000000686b41940) thrown at [./src/hotspot/share/interpreter/linkResolver.cpp, l
Event: 0.216 Thread 0x0000740c4c015000 Exception <a 'java/lang/NoSuchMethodError'{0x0000000686b4f948}: 'java.lang.Object java.lang.invoke.DirectMethodHandle$Holder.invokeSpecial(java.lang.Object, java.lang.Object, int, int, java.lang.Object, long, java.lang.Object)'> (0x0000000686b4f948) thrown at [./src/hotspot/share/interpreter/linkResolver.cpp, line 772]
Event: 0.216 Thread 0x0000740c4c015000 Exception <a 'java/lang/NoSuchMethodError'{0x0000000686b52de0}: 'java.lang.Object java.lang.invoke.DelegatingMethodHandle$Holder.reinvoke_L(java.lang.Object, int, int, java.lang.Object, long, java.lang.Object)'> (0x0000000686b52de0) thrown at [./src/hotspot/share/interpreter/linkResolver.cpp, line 772]
Event: 0.216 Thread 0x0000740c4c015000 Exception <a 'java/lang/NoSuchMethodError'{0x0000000686b57020}: 'java.lang.Object java.lang.invoke.DirectMethodHandle$Holder.invokeStatic(java.lang.Object, java.lang.Object, java.lang.Object, java.lang.Object, int)'> (0x0000000686b57020) thrown at [./src/hotspot/share/interpreter/linkResolver.cpp, line 772]
Event: 0.223 Thread 0x0000740c4c015000 Exception <a 'java/lang/NoSuchMethodError'{0x0000000686ba4cb0}: 'java.lang.Object java.lang.invoke.Invokers$Holder.linkToTargetMethod(java.lang.Object, long, java.lang.Object, java.lang.Object)'> (0x0000000686ba4cb0) thrown at [./src/hotspot/share/interpreter/linkResolver.cpp, line 772]
Event: 0.253 Thread 0x0000740c4c015000 Exception <a 'java/lang/NoSuchMethodError'{0x000000068692e568}: 'java.lang.Object java.lang.invoke.DirectMethodHandle$Holder.invokeSpecial(java.lang.Object, java.lang.Object, int, int, java.lang.Object, java.lang.Object, java.lang.Object)'> (0x000000068692e568) thrown at [./src/hotspot/share/interpreter/linkResolver.cpp, line 772]
Event: 0.253 Thread 0x0000740c4c015000 Exception <a 'java/lang/NoSuchMethodError'{0x0000000686931af8}: 'java.lang.Object java.lang.invoke.DelegatingMethodHandle$Holder.reinvoke_L(java.lang.Object, int, int, java.lang.Object, java.lang.Object, java.lang.Object)'> (0x0000000686931af8) thrown at [./src/hotspot/share/interpreter/linkResolver.cpp, line 772]

Events (20 events):
Event: 0.263 loading class com/sun/org/apache/xerces/internal/xni/parser/XMLComponent done
Event: 0.263 loading class com/sun/org/apache/xerces/internal/xni/parser/XMLEntityResolver
Event: 0.263 loading class com/sun/org/apache/xerces/internal/xni/parser/XMLEntityResolver done
Event: 0.263 loading class com/sun/org/apache/xerces/internal/impl/XMLEntityManager done
Event: 0.263 loading class java/util/Stack
Event: 0.263 loading class java/util/Stack done
Event: 0.263 loading class com/sun/org/apache/xerces/internal/util/XMLResourceIdentifierImpl
Event: 0.263 loading class com/sun/org/apache/xerces/internal/xni/XMLResourceIdentifier
Event: 0.263 loading class com/sun/org/apache/xerces/internal/xni/XMLResourceIdentifier done
Event: 0.263 loading class com/sun/org/apache/xerces/internal/util/XMLResourceIdentifierImpl done
Event: 0.263 loading class com/sun/org/apache/xerces/internal/util/AugmentationsImpl
Event: 0.263 loading class com/sun/org/apache/xerces/internal/xni/Augmentations
Event: 0.263 loading class com/sun/org/apache/xerces/internal/xni/Augmentations done
Event: 0.263 loading class com/sun/org/apache/xerces/internal/util/AugmentationsImpl done
Event: 0.263 loading class com/sun/org/apache/xerces/internal/util/AugmentationsImpl$SmallContainer
Event: 0.263 loading class com/sun/org/apache/xerces/internal/util/AugmentationsImpl$AugmentationsItemsContainer
Event: 0.263 loading class com/sun/org/apache/xerces/internal/util/AugmentationsImpl$AugmentationsItemsContainer done
Event: 0.263 loading class com/sun/org/apache/xerces/internal/util/AugmentationsImpl$SmallContainer done
Event: 0.264 loading class com/sun/xml/internal/stream/XMLEntityStorage
Event: 0.264 loading class com/sun/xml/internal/stream/XMLEntityStorage done


Dynamic libraries:
680000000-687000000 rw-p 00000000 00:00 0 
687000000-7bf800000 ---p 00000000 00:00 0 
7bf800000-7bf848000 rw-p 00b14000 00:47 11408112                         /usr/lib/jvm/java-11-openjdk-amd64/lib/server/classes.jsa
7bf848000-7bf900000 rw-p 00000000 00:00 0 
7bf900000-7bfc00000 ---p 00000000 00:00 0 
7bfc00000-7bfc6c000 rw-p 00aa8000 00:47 11408112                         /usr/lib/jvm/java-11-openjdk-amd64/lib/server/classes.jsa
7bfc6c000-7bfd00000 rw-p 00000000 00:00 0 
7bfd00000-800000000 ---p 00000000 00:00 0 
800000000-800002000 rwxp 00001000 00:47 11408112                         /usr/lib/jvm/java-11-openjdk-amd64/lib/server/classes.jsa
800002000-8003ce000 rw-p 00003000 00:47 11408112                         /usr/lib/jvm/java-11-openjdk-amd64/lib/server/classes.jsa
8003ce000-800aa6000 r--p 003cf000 00:47 11408112                         /usr/lib/jvm/java-11-openjdk-amd64/lib/server/classes.jsa
800aa6000-800aa7000 rw-p 00aa7000 00:47 11408112                         /usr/lib/jvm/java-11-openjdk-amd64/lib/server/classes.jsa
840000000-8400a0000 rw-p 00000000 00:00 0 
8400a0000-880000000 ---p 00000000 00:00 0 
609752775000-609752776000 r--p 00000000 00:47 11407850                   /usr/lib/jvm/java-11-openjdk-amd64/bin/java
609752776000-609752777000 r-xp 00001000 00:47 11407850                   /usr/lib/jvm/java-11-openjdk-amd64/bin/java
609752777000-609752778000 r--p 00002000 00:47 11407850                   /usr/lib/jvm/java-11-openjdk-amd64/bin/java
609752778000-609752779000 r--p 00002000 00:47 11407850                   /usr/lib/jvm/java-11-openjdk-amd64/bin/java
609752779000-60975277a000 rw-p 00003000 00:47 11407850                   /usr/lib/jvm/java-11-openjdk-amd64/bin/java
6097613b8000-6097613d9000 rw-p 00000000 00:00 0                          [heap]
740be4000000-740be4021000 rw-p 00000000 00:00 0 
740be4021000-740be8000000 ---p 00000000 00:00 0 
740be8000000-740be81af000 rw-p 00000000 00:00 0 
740be81af000-740bec000000 ---p 00000000 00:00 0 
740bec000000-740bec021000 rw-p 00000000 00:00 0 
740bec021000-740bf0000000 ---p 00000000 00:00 0 
740bf0000000-740bf0021000 rw-p 00000000 00:00 0 
740bf0021000-740bf4000000 ---p 00000000 00:00 0 
740bf4000000-740bf41ff000 rw-p 00000000 00:00 0 
740bf41ff000-740bf8000000 ---p 00000000 00:00 0 
740bf8000000-740bf8226000 rw-p 00000000 00:00 0 
740bf8226000-740bfc000000 ---p 00000000 00:00 0 
740bfc000000-740bfc021000 rw-p 00000000 00:00 0 
740bfc021000-740c00000000 ---p 00000000 00:00 0 
740c00000000-740c00021000 rw-p 00000000 00:00 0 
740c00021000-740c04000000 ---p 00000000 00:00 0 
740c04000000-740c04021000 rw-p 00000000 00:00 0 
740c04021000-740c08000000 ---p 00000000 00:00 0 
740c08000000-740c08021000 rw-p 00000000 00:00 0 
740c08021000-740c0c000000 ---p 00000000 00:00 0 
740c0c000000-740c0c021000 rw-p 00000000 00:00 0 
740c0c021000-740c10000000 ---p 00000000 00:00 0 
740c10000000-740c10021000 rw-p 00000000 00:00 0 
740c10021000-740c14000000 ---p 00000000 00:00 0 
740c14000000-740c14021000 rw-p 00000000 00:00 0 
740c14021000-740c18000000 ---p 00000000 00:00 0 
740c18000000-740c18021000 rw-p 00000000 00:00 0 
740c18021000-740c1c000000 ---p 00000000 00:00 0 
740c1c000000-740c1c021000 rw-p 00000000 00:00 0 
740c1c021000-740c20000000 ---p 00000000 00:00 0 
740c2004c000-740c203ff000 rw-p 00000000 00:00 0 
740c203ff000-740c20403000 ---p 00000000 00:00 0 
740c20403000-740c204ff000 rw-p 00000000 00:00 0 
740c204ff000-740c20503000 ---p 00000000 00:00 0 
740c20503000-740c205ff000 rw-p 00000000 00:00 0 
740c205ff000-740c20600000 ---p 00000000 00:00 0 
740c20600000-740c20700000 rw-p 00000000 00:00 0 
740c20700000-740c20704000 ---p 00000000 00:00 0 
740c20704000-740c20800000 rw-p 00000000 00:00 0 
740c20800000-740c20804000 ---p 00000000 00:00 0 
740c20804000-740c20900000 rw-p 00000000 00:00 0 
740c20900000-740c20904000 ---p 00000000 00:00 0 
740c20904000-740c20a00000 rw-p 00000000 00:00 0 
740c20a00000-740c20a04000 ---p 00000000 00:00 0 
740c20a04000-740c20b00000 rw-p 00000000 00:00 0 
740c20b00000-740c20b04000 ---p 00000000 00:00 0 
740c20b04000-740c20c00000 rw-p 00000000 00:00 0 
740c20c00000-740c210c0000 rw-p 00000000 00:00 0 
740c210c0000-740c21400000 ---p 00000000 00:00 0 
740c21400000-740c235c0000 rw-p 00000000 00:00 0 
740c235c0000-740c283e0000 ---p 00000000 00:00 0 
740c283e0000-740c283e4000 rw-p 00000000 00:00 0 
740c283e4000-740c283f0000 ---p 00000000 00:00 0 
740c283f0000-740c283f4000 rw-p 00000000 00:00 0 
740c283f4000-740c29400000 ---p 00000000 00:00 0 
740c29400000-740c295c0000 rw-p 00000000 00:00 0 
740c295c0000-740c2e3e0000 ---p 00000000 00:00 0 
740c2e3e0000-740c2e3e4000 rw-p 00000000 00:00 0 
740c2e3e4000-740c2e3f0000 ---p 00000000 00:00 0 
740c2e3f0000-740c2e3f4000 rw-p 00000000 00:00 0 
740c2e3f4000-740c2f400000 ---p 00000000 00:00 0 
740c2f400000-740c2f438000 rw-p 00000000 00:00 0 
740c2f438000-740c2fdfc000 ---p 00000000 00:00 0 
740c2fdfc000-740c2fdfd000 rw-p 00000000 00:00 0 
740c2fdfd000-740c2fdfe000 ---p 00000000 00:00 0 
740c2fdfe000-740c2fdff000 rw-p 00000000 00:00 0 
740c2fdff000-740c30000000 ---p 00000000 00:00 0 
740c30000000-740c30021000 rw-p 00000000 00:00 0 
740c30021000-740c34000000 ---p 00000000 00:00 0 
740c340a4000-740c340fd000 r--p 00000000 00:47 11404189                   /usr/lib/locale/C.utf8/LC_CTYPE
740c340fd000-740c34101000 ---p 00000000 00:00 0 
740c34101000-740c341fd000 rw-p 00000000 00:00 0 
740c341fd000-740c34201000 ---p 00000000 00:00 0 
740c34201000-740c342fd000 rw-p 00000000 00:00 0 
740c342fd000-740c342fe000 ---p 00000000 00:00 0 
740c342fe000-740c343fe000 rw-p 00000000 00:00 0 
740c343fe000-740c343ff000 ---p 00000000 00:00 0 
740c343ff000-740c344ff000 rw-p 00000000 00:00 0 
740c344ff000-740c34500000 ---p 00000000 00:00 0 
740c34500000-740c34600000 rw-p 00000000 00:00 0 
740c34600000-740c34870000 rwxp 00000000 00:00 0 
740c34870000-740c34b90000 ---p 00000000 00:00 0 
740c34b90000-740c34e00000 rwxp 00000000 00:00 0 
740c34e00000-740c3c0c8000 ---p 00000000 00:00 0 
740c3c0c8000-740c3c338000 rwxp 00000000 00:00 0 
740c3c338000-740c43600000 ---p 00000000 00:00 0 
740c4363d000-740c437bf000 rw-p 00000000 00:00 0 
740c437bf000-740c4c000000 r--s 00000000 00:47 11408101                   /usr/lib/jvm/java-11-openjdk-amd64/lib/modules
740c4c000000-740c4c3a1000 rw-p 00000000 00:00 0 
740c4c3a1000-740c50000000 ---p 00000000 00:00 0 
740c5002e000-740c50331000 rw-p 00000000 00:00 0 
740c50331000-740c50332000 ---p 00000000 00:00 0 
740c50332000-740c50432000 rw-p 00000000 00:00 0 
740c50432000-740c50433000 ---p 00000000 00:00 0 
740c50433000-740c50533000 rw-p 00000000 00:00 0 
740c50533000-740c50638000 rw-p 00000000 00:00 0 
740c50638000-740c50ffc000 ---p 00000000 00:00 0 
740c50ffc000-740c50ffd000 rw-p 00000000 00:00 0 
740c50ffd000-740c50ffe000 ---p 00000000 00:00 0 
740c50ffe000-740c50fff000 rw-p 00000000 00:00 0 
740c50fff000-740c51200000 ---p 00000000 00:00 0 
740c51200000-740c51238000 rw-p 00000000 00:00 0 
740c51238000-740c51bfc000 ---p 00000000 00:00 0 
740c51bfc000-740c51bfd000 rw-p 00000000 00:00 0 
740c51bfd000-740c51bfe000 ---p 00000000 00:00 0 
740c51bfe000-740c51bff000 rw-p 00000000 00:00 0 
740c51bff000-740c51e00000 ---p 00000000 00:00 0 
740c51e0c000-740c51e10000 r--p 00000000 00:47 11408091                   /usr/lib/jvm/java-11-openjdk-amd64/lib/libnet.so
740c51e10000-740c51e1e000 r-xp 00004000 00:47 11408091                   /usr/lib/jvm/java-11-openjdk-amd64/lib/libnet.so
740c51e1e000-740c51e22000 r--p 00012000 00:47 11408091                   /usr/lib/jvm/java-11-openjdk-amd64/lib/libnet.so
740c51e22000-740c51e23000 r--p 00015000 00:47 11408091                   /usr/lib/jvm/java-11-openjdk-amd64/lib/libnet.so
740c51e23000-740c51e24000 rw-p 00016000 00:47 11408091                   /usr/lib/jvm/java-11-openjdk-amd64/lib/libnet.so
740c51e24000-740c51e2b000 r--p 00000000 00:47 11408092                   /usr/lib/jvm/java-11-openjdk-amd64/lib/libnio.so
740c51e2b000-740c51e33000 r-xp 00007000 00:47 11408092                   /usr/lib/jvm/java-11-openjdk-amd64/lib/libnio.so
740c51e33000-740c51e36000 r--p 0000f000 00:47 11408092                   /usr/lib/jvm/java-11-openjdk-amd64/lib/libnio.so
740c51e36000-740c51e37000 r--p 00011000 00:47 11408092                   /usr/lib/jvm/java-11-openjdk-amd64/lib/libnio.so
740c51e37000-740c51e38000 rw-p 00012000 00:47 11408092                   /usr/lib/jvm/java-11-openjdk-amd64/lib/libnio.so
740c51e38000-740c51e39000 r--p 00000000 00:47 11404196                   /usr/lib/locale/C.utf8/LC_NUMERIC
740c51e39000-740c51e3a000 r--p 00000000 00:47 11404199                   /usr/lib/locale/C.utf8/LC_TIME
740c51e3a000-740c51e3b000 r--p 00000000 00:47 11404188                   /usr/lib/locale/C.utf8/LC_COLLATE
740c51e3b000-740c51e3c000 r--p 00000000 00:47 11404194                   /usr/lib/locale/C.utf8/LC_MONETARY
740c51e3c000-740c51e3d000 r--p 00000000 00:47 11404193                   /usr/lib/locale/C.utf8/LC_MESSAGES/SYS_LC_MESSAGES
740c51e3d000-740c51e3e000 r--p 00000000 00:47 11404197                   /usr/lib/locale/C.utf8/LC_PAPER
740c51e3e000-740c51e3f000 r--p 00000000 00:47 11404195                   /usr/lib/locale/C.utf8/LC_NAME
740c51e3f000-740c51e40000 r--p 00000000 00:47 11404187                   /usr/lib/locale/C.utf8/LC_ADDRESS
740c51e40000-740c51e47000 r--s 00000000 00:47 11404498                   /usr/lib/x86_64-linux-gnu/gconv/gconv-modules.cache
740c51e47000-740c522a6000 rw-p 00000000 00:00 0 
740c522a6000-740c522a7000 ---p 00000000 00:00 0 
740c522a7000-740c523a7000 rw-p 00000000 00:00 0 
740c523a7000-740c523ac000 rw-p 00000000 00:00 0 
740c523ac000-740c52492000 ---p 00000000 00:00 0 
740c52492000-740c52497000 rw-p 00000000 00:00 0 
740c52497000-740c5257d000 ---p 00000000 00:00 0 
740c5257d000-740c52582000 rw-p 00000000 00:00 0 
740c52582000-740c52589000 ---p 00000000 00:00 0 
740c52589000-740c5258b000 r--p 00000000 00:47 11408100                   /usr/lib/jvm/java-11-openjdk-amd64/lib/libzip.so
740c5258b000-740c52590000 r-xp 00002000 00:47 11408100                   /usr/lib/jvm/java-11-openjdk-amd64/lib/libzip.so
740c52590000-740c52592000 r--p 00007000 00:47 11408100                   /usr/lib/jvm/java-11-openjdk-amd64/lib/libzip.so
740c52592000-740c52593000 r--p 00008000 00:47 11408100                   /usr/lib/jvm/java-11-openjdk-amd64/lib/libzip.so
740c52593000-740c52594000 rw-p 00009000 00:47 11408100                   /usr/lib/jvm/java-11-openjdk-amd64/lib/libzip.so
740c52594000-740c5259c000 rw-s 00000000 00:47 11403593                   /tmp/hsperfdata_odkuser/318
740c5259c000-740c5259e000 r--p 00000000 00:47 11408083                   /usr/lib/jvm/java-11-openjdk-amd64/lib/libjimage.so
740c5259e000-740c525a1000 r-xp 00002000 00:47 11408083                   /usr/lib/jvm/java-11-openjdk-amd64/lib/libjimage.so
740c525a1000-740c525a2000 r--p 00005000 00:47 11408083                   /usr/lib/jvm/java-11-openjdk-amd64/lib/libjimage.so
740c525a2000-740c525a3000 r--p 00006000 00:47 11408083                   /usr/lib/jvm/java-11-openjdk-amd64/lib/libjimage.so
740c525a3000-740c525a4000 rw-p 00007000 00:47 11408083                   /usr/lib/jvm/java-11-openjdk-amd64/lib/libjimage.so
740c525a4000-740c525b2000 r--p 00000000 00:47 11408080                   /usr/lib/jvm/java-11-openjdk-amd64/lib/libjava.so
740c525b2000-740c525c9000 r-xp 0000e000 00:47 11408080                   /usr/lib/jvm/java-11-openjdk-amd64/lib/libjava.so
740c525c9000-740c525d0000 r--p 00025000 00:47 11408080                   /usr/lib/jvm/java-11-openjdk-amd64/lib/libjava.so
740c525d0000-740c525d1000 r--p 0002b000 00:47 11408080                   /usr/lib/jvm/java-11-openjdk-amd64/lib/libjava.so
740c525d1000-740c525d2000 rw-p 0002c000 00:47 11408080                   /usr/lib/jvm/java-11-openjdk-amd64/lib/libjava.so
740c525d2000-740c525d3000 rw-p 00000000 00:00 0 
740c525d3000-740c525d8000 r--p 00000000 00:47 11408099                   /usr/lib/jvm/java-11-openjdk-amd64/lib/libverify.so
740c525d8000-740c525df000 r-xp 00005000 00:47 11408099                   /usr/lib/jvm/java-11-openjdk-amd64/lib/libverify.so
740c525df000-740c525e1000 r--p 0000c000 00:47 11408099                   /usr/lib/jvm/java-11-openjdk-amd64/lib/libverify.so
740c525e1000-740c525e3000 r--p 0000d000 00:47 11408099                   /usr/lib/jvm/java-11-openjdk-amd64/lib/libverify.so
740c525e3000-740c525e4000 rw-p 0000f000 00:47 11408099                   /usr/lib/jvm/java-11-openjdk-amd64/lib/libverify.so
740c525e4000-740c525e5000 r--p 00000000 00:47 11404608                   /usr/lib/x86_64-linux-gnu/librt.so.1
740c525e5000-740c525e6000 r-xp 00001000 00:47 11404608                   /usr/lib/x86_64-linux-gnu/librt.so.1
740c525e6000-740c525e7000 r--p 00002000 00:47 11404608                   /usr/lib/x86_64-linux-gnu/librt.so.1
740c525e7000-740c525e8000 r--p 00002000 00:47 11404608                   /usr/lib/x86_64-linux-gnu/librt.so.1
740c525e8000-740c525e9000 rw-p 00003000 00:47 11404608                   /usr/lib/x86_64-linux-gnu/librt.so.1
740c525e9000-740c525ed000 ---p 00000000 00:00 0 
740c525ed000-740c526e9000 rw-p 00000000 00:00 0 
740c526e9000-740c526ed000 r--p 00000000 00:47 11404552                   /usr/lib/x86_64-linux-gnu/libgcc_s.so.1
740c526ed000-740c52711000 r-xp 00004000 00:47 11404552                   /usr/lib/x86_64-linux-gnu/libgcc_s.so.1
740c52711000-740c52715000 r--p 00028000 00:47 11404552                   /usr/lib/x86_64-linux-gnu/libgcc_s.so.1
740c52715000-740c52716000 r--p 0002b000 00:47 11404552                   /usr/lib/x86_64-linux-gnu/libgcc_s.so.1
740c52716000-740c52717000 rw-p 0002c000 00:47 11404552                   /usr/lib/x86_64-linux-gnu/libgcc_s.so.1
740c52717000-740c52727000 r--p 00000000 00:47 11404569                   /usr/lib/x86_64-linux-gnu/libm.so.6
740c52727000-740c527a6000 r-xp 00010000 00:47 11404569                   /usr/lib/x86_64-linux-gnu/libm.so.6
740c527a6000-740c527fe000 r--p 0008f000 00:47 11404569                   /usr/lib/x86_64-linux-gnu/libm.so.6
740c527fe000-740c527ff000 r--p 000e7000 00:47 11404569                   /usr/lib/x86_64-linux-gnu/libm.so.6
740c527ff000-740c52800000 rw-p 000e8000 00:47 11404569                   /usr/lib/x86_64-linux-gnu/libm.so.6
740c52800000-740c5289d000 r--p 00000000 00:47 11404620                   /usr/lib/x86_64-linux-gnu/libstdc++.so.6.0.33
740c5289d000-740c529e5000 r-xp 0009d000 00:47 11404620                   /usr/lib/x86_64-linux-gnu/libstdc++.so.6.0.33
740c529e5000-740c52a6c000 r--p 001e5000 00:47 11404620                   /usr/lib/x86_64-linux-gnu/libstdc++.so.6.0.33
740c52a6c000-740c52a77000 r--p 0026b000 00:47 11404620                   /usr/lib/x86_64-linux-gnu/libstdc++.so.6.0.33
740c52a77000-740c52a7a000 rw-p 00276000 00:47 11404620                   /usr/lib/x86_64-linux-gnu/libstdc++.so.6.0.33
740c52a7a000-740c52a7e000 rw-p 00000000 00:00 0 
740c52a7e000-740c52d01000 r--p 00000000 00:47 11408114                   /usr/lib/jvm/java-11-openjdk-amd64/lib/server/libjvm.so
740c52d01000-740c539b5000 r-xp 00283000 00:47 11408114                   /usr/lib/jvm/java-11-openjdk-amd64/lib/server/libjvm.so
740c539b5000-740c53c0f000 r--p 00f37000 00:47 11408114                   /usr/lib/jvm/java-11-openjdk-amd64/lib/server/libjvm.so
740c53c0f000-740c53cd3000 r--p 01191000 00:47 11408114                   /usr/lib/jvm/java-11-openjdk-amd64/lib/server/libjvm.so
740c53cd3000-740c53d0e000 rw-p 01255000 00:47 11408114                   /usr/lib/jvm/java-11-openjdk-amd64/lib/server/libjvm.so
740c53d0e000-740c53d67000 rw-p 00000000 00:00 0 
740c53d67000-740c53d8f000 r--p 00000000 00:47 11404527                   /usr/lib/x86_64-linux-gnu/libc.so.6
740c53d8f000-740c53f17000 r-xp 00028000 00:47 11404527                   /usr/lib/x86_64-linux-gnu/libc.so.6
740c53f17000-740c53f66000 r--p 001b0000 00:47 11404527                   /usr/lib/x86_64-linux-gnu/libc.so.6
740c53f66000-740c53f6a000 r--p 001fe000 00:47 11404527                   /usr/lib/x86_64-linux-gnu/libc.so.6
740c53f6a000-740c53f6c000 rw-p 00202000 00:47 11404527                   /usr/lib/x86_64-linux-gnu/libc.so.6
740c53f6c000-740c53f79000 rw-p 00000000 00:00 0 
740c53f79000-740c53f7c000 r--p 00000000 00:47 11408064                   /usr/lib/jvm/java-11-openjdk-amd64/lib/jli/libjli.so
740c53f7c000-740c53f86000 r-xp 00003000 00:47 11408064                   /usr/lib/jvm/java-11-openjdk-amd64/lib/jli/libjli.so
740c53f86000-740c53f89000 r--p 0000d000 00:47 11408064                   /usr/lib/jvm/java-11-openjdk-amd64/lib/jli/libjli.so
740c53f89000-740c53f8a000 r--p 00010000 00:47 11408064                   /usr/lib/jvm/java-11-openjdk-amd64/lib/jli/libjli.so
740c53f8a000-740c53f8b000 rw-p 00011000 00:47 11408064                   /usr/lib/jvm/java-11-openjdk-amd64/lib/jli/libjli.so
740c53f8b000-740c53f8d000 r--p 00000000 00:47 11404640                   /usr/lib/x86_64-linux-gnu/libz.so.1.3
740c53f8d000-740c53f9f000 r-xp 00002000 00:47 11404640                   /usr/lib/x86_64-linux-gnu/libz.so.1.3
740c53f9f000-740c53fa5000 r--p 00014000 00:47 11404640                   /usr/lib/x86_64-linux-gnu/libz.so.1.3
740c53fa5000-740c53fa6000 r--p 0001a000 00:47 11404640                   /usr/lib/x86_64-linux-gnu/libz.so.1.3
740c53fa6000-740c53fa7000 rw-p 0001b000 00:47 11404640                   /usr/lib/x86_64-linux-gnu/libz.so.1.3
740c53fa7000-740c53fa8000 r--p 00000000 00:47 11404198                   /usr/lib/locale/C.utf8/LC_TELEPHONE
740c53fa8000-740c53fa9000 r--p 00000000 00:47 11404191                   /usr/lib/locale/C.utf8/LC_MEASUREMENT
740c53fa9000-740c53faa000 r--p 00000000 00:47 11404190                   /usr/lib/locale/C.utf8/LC_IDENTIFICATION
740c53faa000-740c53fab000 ---p 00000000 00:00 0 
740c53fab000-740c53fac000 r--p 00000000 00:00 0 
740c53fac000-740c53fae000 rw-p 00000000 00:00 0 
740c53fae000-740c53fb0000 r--p 00000000 00:00 0                          [vvar]
740c53fb0000-740c53fb2000 r--p 00000000 00:00 0                          [vvar_vclock]
740c53fb2000-740c53fb4000 r-xp 00000000 00:00 0                          [vdso]
740c53fb4000-740c53fb5000 r--p 00000000 00:47 11404507                   /usr/lib/x86_64-linux-gnu/ld-linux-x86-64.so.2
740c53fb5000-740c53fe0000 r-xp 00001000 00:47 11404507                   /usr/lib/x86_64-linux-gnu/ld-linux-x86-64.so.2
740c53fe0000-740c53fea000 r--p 0002c000 00:47 11404507                   /usr/lib/x86_64-linux-gnu/ld-linux-x86-64.so.2
740c53fea000-740c53fec000 r--p 00036000 00:47 11404507                   /usr/lib/x86_64-linux-gnu/ld-linux-x86-64.so.2
740c53fec000-740c53fee000 rw-p 00038000 00:47 11404507                   /usr/lib/x86_64-linux-gnu/ld-linux-x86-64.so.2
7ffd1de8c000-7ffd1deae000 rw-p 00000000 00:00 0                          [stack]
ffffffffff600000-ffffffffff601000 --xp 00000000 00:00 0                  [vsyscall]


VM Arguments:
jvm_args: -Xmx6G 
java_command: /tools/robot.jar --catalog catalog-v001.xml verify -i tmp/merged-tfsco-edit.ofn --queries ../sparql/owldef-self-reference-violation.sparql ../sparql/iri-range-violation.sparql ../sparql/label-with-iri-violation.sparql ../sparql/multiple-replaced_by-violation.sparql -O reports
java_class_path (initial): /tools/robot.jar
Launcher Type: SUN_STANDARD

[Global flags]
     intx CICompilerCount                          = 3                                         {product} {ergonomic}
     uint ConcGCThreads                            = 1                                         {product} {ergonomic}
     uint G1ConcRefinementThreads                  = 4                                         {product} {ergonomic}
   size_t G1HeapRegionSize                         = 1048576                                   {product} {ergonomic}
    uintx GCDrainStackTargetSize                   = 64                                        {product} {ergonomic}
   size_t InitialHeapSize                          = 117440512                                 {product} {ergonomic}
   size_t MarkStackSize                            = 4194304                                   {product} {ergonomic}
   size_t MaxHeapSize                              = 6442450944                                {product} {command line}
   size_t MaxNewSize                               = 3865051136                                {product} {ergonomic}
   size_t MinHeapDeltaBytes                        = 1048576                                   {product} {ergonomic}
    uintx NonNMethodCodeHeapSize                   = 5830732                                {pd product} {ergonomic}
    uintx NonProfiledCodeHeapSize                  = 122913754                              {pd product} {ergonomic}
    uintx ProfiledCodeHeapSize                     = 122913754                              {pd product} {ergonomic}
    uintx ReservedCodeCacheSize                    = 251658240                              {pd product} {ergonomic}
     bool SegmentedCodeCache                       = true                                      {product} {ergonomic}
     bool UseCompressedClassPointers               = true                                 {lp64_product} {ergonomic}
     bool UseCompressedOops                        = true                                 {lp64_product} {ergonomic}
     bool UseG1GC                                  = true                                      {product} {ergonomic}

Logging:
Log output configuration:
 #0: stdout all=warning uptime,level,tags
 #1: stderr all=off uptime,level,tags

Environment Variables:
JAVA_HOME=/usr
PATH=/tools/apache-jena/bin:/usr/local/share/swi-prolog/pack/sparqlprog/bin:/tools:/tools/dosdptools/bin:/tools/relation-graph/bin:/usr/local/sbin:/usr/local/bin:/usr/sbin:/usr/bin:/sbin:/bin:/home/odkuser/.local/bin
SHELL=/bin/bash
LANG=C.UTF-8
LC_ALL=C.UTF-8
TERM=xterm

Signal Handlers:
SIGSEGV: [libjvm.so+0xec3eb0], sa_mask[0]=11111111011111111101111111111110, sa_flags=SA_RESTART|SA_SIGINFO
SIGBUS: [libjvm.so+0xec3eb0], sa_mask[0]=11111111011111111101111111111110, sa_flags=SA_RESTART|SA_SIGINFO
SIGFPE: [libjvm.so+0xec3eb0], sa_mask[0]=11111111011111111101111111111110, sa_flags=SA_RESTART|SA_SIGINFO
SIGPIPE: [libjvm.so+0xbff180], sa_mask[0]=11111111011111111101111111111110, sa_flags=SA_RESTART|SA_SIGINFO
SIGXFSZ: [libjvm.so+0xbff180], sa_mask[0]=11111111011111111101111111111110, sa_flags=SA_RESTART|SA_SIGINFO
SIGILL: [libjvm.so+0xec3eb0], sa_mask[0]=11111111011111111101111111111110, sa_flags=SA_RESTART|SA_SIGINFO
SIGUSR2: [libjvm.so+0xbff030], sa_mask[0]=00000000000000000000000000000000, sa_flags=SA_RESTART|SA_SIGINFO
SIGHUP: [libjvm.so+0xbff7e0], sa_mask[0]=11111111011111111101111111111110, sa_flags=SA_RESTART|SA_SIGINFO
SIGINT: [libjvm.so+0xbff7e0], sa_mask[0]=11111111011111111101111111111110, sa_flags=SA_RESTART|SA_SIGINFO
SIGTERM: [libjvm.so+0xbff7e0], sa_mask[0]=11111111011111111101111111111110, sa_flags=SA_RESTART|SA_SIGINFO
SIGQUIT: [libjvm.so+0xbff7e0], sa_mask[0]=11111111011111111101111111111110, sa_flags=SA_RESTART|SA_SIGINFO


---------------  S Y S T E M  ---------------

OS:DISTRIB_ID=Ubuntu
DISTRIB_RELEASE=24.04
DISTRIB_CODENAME=noble
DISTRIB_DESCRIPTION="Ubuntu 24.04.2 LTS"
uname:Linux 6.14.0-37-generic #37~24.04.1-Ubuntu SMP PREEMPT_DYNAMIC Thu Nov 20 10:25:38 UTC 2 x86_64
OS uptime: 0 days 0:33 hours
libc:glibc 2.39 NPTL 2.39 
rlimit (soft/hard): STACK 8192k/infinity , CORE 0k/0k , NPROC infinity/infinity , NOFILE 524288/524288 , AS infinity/infinity , CPU infinity/infinity , DATA infinity/infinity , FSIZE infinity/infinity , MEMLOCK 8192k/8192k
load average:1.87 1.21 0.93

/proc/meminfo:
MemTotal:        7331108 kB
MemFree:          784952 kB
MemAvailable:    3072388 kB
Buffers:           46588 kB
Cached:          2493752 kB
SwapCached:           28 kB
Active:          3890616 kB
Inactive:        1625108 kB
Active(anon):    2814712 kB
Inactive(anon):   235584 kB
Active(file):    1075904 kB
Inactive(file):  1389524 kB
Unevictable:          64 kB
Mlocked:              64 kB
SwapTotal:       2097148 kB
SwapFree:        2096892 kB
Zswap:                 0 kB
Zswapped:              0 kB
Dirty:               424 kB
Writeback:             0 kB
AnonPages:       2975476 kB
Mapped:           949928 kB
Shmem:             74920 kB
KReclaimable:      95908 kB
Slab:             249732 kB
SReclaimable:      95908 kB
SUnreclaim:       153824 kB
KernelStack:       20704 kB
PageTables:        50704 kB
SecPageTables:      3668 kB
NFS_Unstable:          0 kB
Bounce:                0 kB
WritebackTmp:          0 kB
CommitLimit:     5762700 kB
Committed_AS:   15007380 kB
VmallocTotal:   34359738367 kB
VmallocUsed:       77188 kB
VmallocChunk:          0 kB
Percpu:             3344 kB
HardwareCorrupted:     0 kB
AnonHugePages:         0 kB
ShmemHugePages:        0 kB
ShmemPmdMapped:        0 kB
FileHugePages:         0 kB
FilePmdMapped:         0 kB
Unaccepted:            0 kB
HugePages_Total:       0
HugePages_Free:        0
HugePages_Rsvd:        0
HugePages_Surp:        0
Hugepagesize:       2048 kB
Hugetlb:               0 kB
DirectMap4k:      741436 kB
DirectMap2M:     6836224 kB
DirectMap1G:     1048576 kB

/sys/kernel/mm/transparent_hugepage/enabled:
always [madvise] never
/sys/kernel/mm/transparent_hugepage/defrag (defrag/compaction efforts parameter):
always defer defer+madvise [madvise] never

Process Memory:
Virtual Size: 9184728K (peak: 17876280K)
Resident Set Size: 73392K (peak: 73392K) (anon: 44488K, file: 28904K, shmem: 0K)
Swapped out: 0K
C-Heap outstanding allocations: 21359K, retained: 3072K
glibc malloc tunables: (default)

/proc/sys/kernel/threads-max (system-wide limit on the number of threads):
56201
/proc/sys/vm/max_map_count (maximum number of memory map areas a process may have):
1048576
/proc/sys/kernel/pid_max (system-wide limit on number of process identifiers):
4194304

container (cgroup) information:
container_type: cgroupv2
cpu_cpuset_cpus: not supported
cpu_memory_nodes: not supported
active_processor_count: 4
cpu_quota: no quota
cpu_period: 100000
cpu_shares: no shares
memory_limit_in_bytes: unlimited
memory_and_swap_limit_in_bytes: unlimited
memory_soft_limit_in_bytes: unlimited
memory_usage_in_bytes: 80892 k
memory_max_usage_in_bytes: not supported
memory_swap_current_in_bytes: unlimited
memory_swap_max_limit_in_bytes: unlimited
maximum number of tasks: 8430
current number of tasks: 22

Steal ticks since vm start: 0
Steal ticks percentage since vm start:  0.000

CPU:total 4 (initial active 4) (4 cores per cpu, 1 threads per core) family 23 model 96 stepping 1 microcode 0x860010d, cmov, cx8, fxsr, mmx, sse, sse2, sse3, ssse3, sse4.1, sse4.2, popcnt, avx, avx2, aes, clmul, mmxext, 3dnowpref, lzcnt, sse4a, tsc, tscinvbit, tscinv, bmi1, bmi2, adx, sha, fma
CPU Model and flags from /proc/cpuinfo:
model name	: AMD Ryzen 3 4300U with Radeon Graphics
flags		: fpu vme de pse tsc msr pae mce cx8 apic sep mtrr pge mca cmov pat pse36 clflush mmx fxsr sse sse2 ht syscall nx mmxext fxsr_opt pdpe1gb rdtscp lm constant_tsc rep_good nopl xtopology nonstop_tsc cpuid extd_apicid aperfmperf rapl pni pclmulqdq monitor ssse3 fma cx16 sse4_1 sse4_2 movbe popcnt aes xsave avx f16c rdrand lahf_lm cmp_legacy svm extapic cr8_legacy abm sse4a misalignsse 3dnowprefetch osvw ibs skinit wdt tce topoext perfctr_core perfctr_nb bpext perfctr_llc mwaitx cpb cat_l3 cdp_l3 hw_pstate ssbd mba ibrs ibpb stibp vmmcall fsgsbase bmi1 avx2 smep bmi2 cqm rdt_a rdseed adx smap clflushopt clwb sha_ni xsaveopt xsavec xgetbv1 cqm_llc cqm_occup_llc cqm_mbm_total cqm_mbm_local clzero irperf xsaveerptr rdpru wbnoinvd cppc arat npt lbrv svm_lock nrip_save tsc_scale vmcb_clean flushbyasid decodeassists pausefilter pfthreshold avic v_vmsave_vmload vgif v_spec_ctrl umip rdpid overflow_recov succor smca
Online cpus:
0-3
Offline cpus:

BIOS frequency limitation:
2700000
Frequency switch latency (ns):
0
Available cpu frequencies:
2700000 1700000 1400000 
Current governor:
schedutil
Core performance/turbo boost:
1

Memory: 4k page, physical 7331108k(784952k free), swap 2097148k(2096892k free)

vm_info: OpenJDK 64-Bit Server VM (11.0.27+6-post-Ubuntu-0ubuntu124.04) for linux-amd64 JRE (11.0.27+6-post-Ubuntu-0ubuntu124.04), built on Apr 21 2025 06:05:47 by "unknown" with gcc 13.3.0

END.
