#
# A fatal error has been detected by the Java Runtime Environment:
#
#  SIGSEGV (0xb) at pc=0x000071890a302eff, pid=519, tid=526
#
# JRE version: OpenJDK Runtime Environment (11.0.27+6) (build 11.0.27+6-post-Ubuntu-0ubuntu124.04)
# Java VM: OpenJDK 64-Bit Server VM (11.0.27+6-post-Ubuntu-0ubuntu124.04, mixed mode, sharing, tiered, compressed oops, g1 gc, linux-amd64)
# Problematic frame:
# V  [libjvm.so+0x76eeff]  void OopOopIterateDispatch<G1RootRegionScanClosure>::Table::oop_oop_iterate<InstanceMirrorKlass, unsigned int>(G1RootRegionScanClosure*, oopDesc*, Klass*)+0xcf
#
# Core dump will be written. Default location: Core dumps may be processed with "/usr/lib/systemd/systemd-coredump %P %u %g %s %t 9223372036854775808 %h %d" (or dumping to /work/src/ontology/core.519)
#
# If you would like to submit a bug report, please visit:
#   https://bugs.launchpad.net/ubuntu/+source/openjdk-lts
#

---------------  S U M M A R Y ------------

Command Line: -Xmx6G /tools/robot.jar --catalog catalog-v001.xml annotate --input mirror/ro.owl --remove-annotations extract --term-file imports/ro_terms.txt --force true --copy-ontology-annotations true --individuals exclude --method SUBSET remove --term rdfs:label --term IAO:0000115 --term OMO:0002000 --term-file imports/ro_terms.txt --select complement --select annotation-properties annotate --ontology-iri http://purl.obolibrary.org/obo/tfsco/imports/ro_import.owl annotate -V http://purl.obolibrary.org/obo/tfsco/releases/2026-01-12/imports/ro_import.owl --annotation owl:versionInfo 2026-01-12 convert -f ofn --output imports/ro_import.owl.tmp.owl

Host: AMD Ryzen 3 4300U with Radeon Graphics, 4 cores, 6G, Ubuntu 24.04.2 LTS
Time: Mon Jan 12 12:30:13 2026 UTC elapsed time: 4.174436 seconds (0d 0h 0m 4s)

---------------  T H R E A D  ---------------

Current thread (0x00007189040be000):  ConcurrentGCThread "G1 Conc#0" [stack: 0x00007188fb6bf000,0x00007188fb7bf000] [id=526]

Stack: [0x00007188fb6bf000,0x00007188fb7bf000],  sp=0x00007188fb7bdcb0,  free space=1019k
Native frames: (J=compiled Java code, A=aot compiled Java code, j=interpreted, Vv=VM code, C=native code)
V  [libjvm.so+0x76eeff]  void OopOopIterateDispatch<G1RootRegionScanClosure>::Table::oop_oop_iterate<InstanceMirrorKlass, unsigned int>(G1RootRegionScanClosure*, oopDesc*, Klass*)+0xcf
V  [libjvm.so+0x768564]  G1ConcurrentMark::scan_root_region(HeapRegion*, unsigned int)+0xc4
V  [libjvm.so+0x76f93a]  G1CMRootRegionScanTask::work(unsigned int)+0x7a
V  [libjvm.so+0xef014d]  GangWorker::loop()+0x4d
V  [libjvm.so+0xe54fdd]  Thread::call_run()+0x14d
V  [libjvm.so+0xc08a3e]  thread_native_entry(Thread*)+0xee
C  [libc.so.6+0x9caa4]


siginfo: si_signo: 11 (SIGSEGV), si_code: 1 (SEGV_MAPERR), si_addr: 0x0000000000000160

Register to memory mapping:

RAX=0x0 is NULL
RBX=0x0000000000100000 is an unknown value
RCX=0x0000000000000014 is an unknown value
RDX=0x0000000000000001 is an unknown value
RSP=0x00007188fb7bdcb0 points into unknown readable memory: 0x000000080036ef78 | 78 ef 36 00 08 00 00 00
RBP=0x00007188fb7bdd00 points into unknown readable memory: 0x00007188fb7bdd90 | 90 dd 7b fb 88 71 00 00
RSI=0x00007188e0839368 points into unknown readable memory: 0x0200000000000004 | 04 00 00 00 00 00 00 02
RDI=0x0200000000000000 is an unknown value
R8 =0x0000000687a19578 points into unknown readable memory: 0x00000008403ae0b0 | b0 e0 3a 40 08 00 00 00
R9 =0x000000000000000c is an unknown value
R10=0x0 is NULL
R11=0x0000000004000000 is an unknown value
R12=0x0000000687a19550 points into unknown readable memory: 0x0000000000020000 | 00 00 02 00 00 00 00 00
R13=0x000000080036ef70 is pointing into metadata
R14=0x00007188fb7bdd30 points into unknown readable memory: 0x000071890ad311a8 | a8 11 d3 0a 89 71 00 00
R15=0x00007189040a3510 points into unknown readable memory: 0x00007189040bc000 | 00 c0 0b 04 89 71 00 00


Registers:
RAX=0x0000000000000000, RBX=0x0000000000100000, RCX=0x0000000000000014, RDX=0x0000000000000001
RSP=0x00007188fb7bdcb0, RBP=0x00007188fb7bdd00, RSI=0x00007188e0839368, RDI=0x0200000000000000
R8 =0x0000000687a19578, R9 =0x000000000000000c, R10=0x0000000000000000, R11=0x0000000004000000
R12=0x0000000687a19550, R13=0x000000080036ef70, R14=0x00007188fb7bdd30, R15=0x00007189040a3510
RIP=0x000071890a302eff, EFLAGS=0x0000000000010212, CSGSFS=0x002b000000000033, ERR=0x0000000000000004
  TRAPNO=0x000000000000000e

Top of Stack: (sp=0x00007188fb7bdcb0)
0x00007188fb7bdcb0:   000000080036ef78 0000000687a19528
0x00007188fb7bdcc0:   000000000000ad00 0000000680e864d0
0x00007188fb7bdcd0:   00000007bf800000 0000000687b00000
0x00007188fb7bdce0:   0000000000000240 000071890ae36580 

Instructions: (pc=0x000071890a302eff)
0x000071890a302dff:   00 48 83 46 58 01 eb de 66 0f 1f 84 00 00 00 00
0x000071890a302e0f:   00 48 8b 73 08 e9 5a ff ff ff 48 83 c4 28 5b 41
0x000071890a302e1f:   5c 41 5d 41 5e 41 5f 5d c3 0f 1f 84 00 00 00 00
0x000071890a302e2f:   00 f3 0f 1e fa 55 31 c9 48 89 e5 41 57 41 56 49
0x000071890a302e3f:   89 fe 41 55 41 54 53 48 89 d3 48 83 ec 28 48 8b
0x000071890a302e4f:   ba 98 00 00 00 48 89 75 b8 ba 01 00 00 00 4c 89
0x000071890a302e5f:   f6 e8 cb 9d e5 ff 48 89 df e8 a3 25 2d 00 48 63
0x000071890a302e6f:   8b 34 01 00 00 48 89 c2 48 63 83 c4 00 00 00 48
0x000071890a302e7f:   01 c8 4c 8d 2c c2 8b 83 30 01 00 00 49 8d 44 c5
0x000071890a302e8f:   00 48 89 45 b0 49 39 c5 0f 83 f1 00 00 00 0f 1f
0x000071890a302e9f:   00 48 8b 45 b8 4d 63 65 00 49 01 c4 41 8b 45 04
0x000071890a302eaf:   4d 8d 04 84 4d 39 c4 0f 83 c1 00 00 00 0f 1f 40
0x000071890a302ebf:   00 41 8b 1c 24 85 db 0f 84 a4 00 00 00 48 8d 05
0x000071890a302ecf:   8d 7a b0 00 4d 8b 7e 18 45 8b 56 20 8b 48 08 48
0x000071890a302edf:   d3 e3 48 03 18 49 8b 47 08 48 89 da 8b 88 c0 02
0x000071890a302eef:   00 00 48 8b 80 b0 02 00 00 48 d3 ea 48 8b 04 d0
0x000071890a302eff:   48 3b 98 60 01 00 00 73 68 49 8b 97 90 00 00 00
0x000071890a302f0f:   48 89 d9 bf 01 00 00 00 48 2b 0a 48 89 c8 8b 4a
0x000071890a302f1f:   10 48 c1 e8 03 48 d3 e8 48 89 c1 48 89 c6 48 8b
0x000071890a302f2f:   42 18 48 c1 ee 06 48 d3 e7 48 8d 34 f0 48 8b 0e
0x000071890a302f3f:   eb 1b 0f 1f 80 00 00 00 00 48 89 c8 f0 48 0f b1
0x000071890a302f4f:   16 48 39 c1 0f 84 c7 00 00 00 48 89 c1 48 89 fa
0x000071890a302f5f:   48 09 ca 48 39 d1 75 e1 66 0f 1f 84 00 00 00 00
0x000071890a302f6f:   00 49 83 c4 04 4d 39 c4 0f 82 43 ff ff ff 48 8b
0x000071890a302f7f:   45 b0 49 83 c5 08 49 39 c5 0f 82 12 ff ff ff 48
0x000071890a302f8f:   8b 7d b8 e8 c9 f0 10 00 48 85 c0 74 16 48 8b b8
0x000071890a302f9f:   98 00 00 00 31 c9 ba 01 00 00 00 4c 89 f6 e8 7e
0x000071890a302faf:   9c e5 ff 48 8d 05 17 65 b3 00 48 8b 7d b8 48 63
0x000071890a302fbf:   18 48 01 fb e8 18 ed 10 00 48 98 4c 8d 24 83 4c
0x000071890a302fcf:   39 e3 73 34 0f 1f 44 00 00 8b 03 85 c0 74 20 48
0x000071890a302fdf:   8d 15 7b 79 b0 00 41 8b 76 20 49 8b 7e 18 8b 4a
0x000071890a302fef:   08 48 d3 e0 48 03 02 48 89 c2 e8 62 84 ff ff 48 


Stack slot to memory mapping:
stack at sp + 0 slots: 0x000000080036ef78 is pointing into metadata
stack at sp + 1 slots: 0x0000000687a19528 points into unknown readable memory: 0x0000000000000065 | 65 00 00 00 00 00 00 00
stack at sp + 2 slots: 0x000000000000ad00 is an unknown value
stack at sp + 3 slots: 0x0000000680e864d0 points into unknown readable memory: 0x0000000000000009 | 09 00 00 00 00 00 00 00
stack at sp + 4 slots: 0x00000007bf800000 points into unknown readable memory: 0x00000057191ea201 | 01 a2 1e 19 57 00 00 00
stack at sp + 5 slots: 0x0000000687b00000 points into unknown readable memory: 0x0000000000000065 | 65 00 00 00 00 00 00 00
stack at sp + 6 slots: 0x0000000000000240 is an unknown value
stack at sp + 7 slots: 0x000071890ae36580: <offset 0x00000000012a2580> in /usr/lib/jvm/java-11-openjdk-amd64/lib/server/libjvm.so at 0x0000718909b94000


---------------  P R O C E S S  ---------------

Threads class SMR info:
_java_thread_list=0x00007188ac39e750, length=13, elements={
0x0000718904015800, 0x00007189041ed000, 0x00007189041ef000, 0x00007189041f6000,
0x00007189041f8000, 0x00007189041fa800, 0x00007189041fc800, 0x00007189041fe800,
0x0000718904261800, 0x000071890472c000, 0x00007189049da000, 0x0000718894001800,
0x00007188ac6b9800
}

Java Threads: ( => current thread )
  0x0000718904015800 JavaThread "main" [_thread_in_vm, id=523, stack(0x00007189096ff000,0x00007189097ff000)]
  0x00007189041ed000 JavaThread "Reference Handler" daemon [_thread_blocked, id=530, stack(0x00007188d84fe000,0x00007188d85fe000)]
  0x00007189041ef000 JavaThread "Finalizer" daemon [_thread_blocked, id=531, stack(0x00007188d83fe000,0x00007188d84fe000)]
  0x00007189041f6000 JavaThread "Signal Dispatcher" daemon [_thread_blocked, id=532, stack(0x00007188d82fe000,0x00007188d83fe000)]
  0x00007189041f8000 JavaThread "Service Thread" daemon [_thread_blocked, id=533, stack(0x00007188d81fe000,0x00007188d82fe000)]
  0x00007189041fa800 JavaThread "C2 CompilerThread0" daemon [_thread_in_native, id=534, stack(0x00007188d80fe000,0x00007188d81fe000)]
  0x00007189041fc800 JavaThread "C1 CompilerThread0" daemon [_thread_in_native, id=535, stack(0x00007188cb700000,0x00007188cb800000)]
  0x00007189041fe800 JavaThread "Sweeper thread" daemon [_thread_blocked, id=536, stack(0x00007188cb600000,0x00007188cb700000)]
  0x0000718904261800 JavaThread "Common-Cleaner" daemon [_thread_blocked, id=538, stack(0x00007188cb3ff000,0x00007188cb4ff000)]
  0x000071890472c000 JavaThread "ForkJoinPool.commonPool-worker-3" daemon [_thread_blocked, id=541, stack(0x00007188cb0fe000,0x00007188cb1fe000)]
  0x00007189049da000 JavaThread "ForkJoinPool.commonPool-worker-5" daemon [_thread_blocked, id=542, stack(0x00007188ca700000,0x00007188ca800000)]
  0x0000718894001800 JavaThread "ForkJoinPool.commonPool-worker-7" daemon [_thread_blocked, id=543, stack(0x00007188ca600000,0x00007188ca700000)]
  0x00007188ac6b9800 JavaThread "C2 CompilerThread1" daemon [_thread_in_native, id=546, stack(0x00007188cb2ff000,0x00007188cb3ff000)]

Other Threads:
  0x00007189041ea000 VMThread "VM Thread" [stack: 0x00007188d85ff000,0x00007188d86ff000] [id=529]
  0x000071890425f800 WatcherThread [stack: 0x00007188cb500000,0x00007188cb600000] [id=537]
  0x000071890402e800 GCTaskThread "GC Thread#0" [stack: 0x00007189093bd000,0x00007189094bd000] [id=524]
  0x00007188c0001000 GCTaskThread "GC Thread#1" [stack: 0x00007188cb1ff000,0x00007188cb2ff000] [id=540]
  0x00007188c0022800 GCTaskThread "GC Thread#2" [stack: 0x00007188c9b00000,0x00007188c9c00000] [id=544]
  0x00007188c0041000 GCTaskThread "GC Thread#3" [stack: 0x00007188c9500000,0x00007188c9600000] [id=545]
  0x00007189040bc000 ConcurrentGCThread "G1 Main Marker" [stack: 0x0000718908100000,0x0000718908200000] [id=525]
=>0x00007189040be000 ConcurrentGCThread "G1 Conc#0" [stack: 0x00007188fb6bf000,0x00007188fb7bf000] [id=526]
  0x000071890413b000 ConcurrentGCThread "G1 Refine#0" [stack: 0x00007188ec0fc000,0x00007188ec1fc000] [id=527]
  0x000071890413c800 ConcurrentGCThread "G1 Young RemSet Sampling" [stack: 0x00007188d8700000,0x00007188d8800000] [id=528]

Threads with active compile tasks:
C2 CompilerThread0     4177 3691       4       scala.collection.immutable.HashSet::map (6 bytes)
C1 CompilerThread0     4177 4214       2       org.geneontology.whelk.Reasoner$::processConceptInclusion (722 bytes)
C2 CompilerThread1     4177 3689       4       scala.collection.immutable.BitmapIndexedMapNode::updated (271 bytes)

VM state:not at safepoint (normal execution)

VM Mutex/Monitor currently owned by a thread: None

Heap address: 0x0000000680000000, size: 6144 MB, Compressed Oops mode: Zero based, Oop shift amount: 3
Narrow klass base: 0x0000000800000000, Narrow klass shift: 3
Compressed class space size: 1073741824 Address: 0x0000000840000000

Heap:
 garbage-first heap   total 208896K, used 23341K [0x0000000680000000, 0x0000000800000000)
  region size 1024K, 8 young (8192K), 6 survivors (6144K)
 Metaspace       used 34936K, capacity 36071K, committed 36252K, reserved 1079296K
  class space    used 5395K, capacity 5870K, committed 5920K, reserved 1048576K
Heap Regions: E=young(eden), S=young(survivor), O=old, HS=humongous(starts), HC=humongous(continues), CS=collection set, F=free, A=archive, TAMS=top-at-mark-start (previous, next)
|   0|0x0000000680000000, 0x0000000680100000, 0x0000000680100000|100%| O|  |TAMS 0x0000000680100000, 0x0000000680100000| Untracked 
|   1|0x0000000680100000, 0x0000000680200000, 0x0000000680200000|100%| O|  |TAMS 0x0000000680148600, 0x0000000680200000| Untracked 
|   2|0x0000000680200000, 0x0000000680300000, 0x0000000680300000|100%| O|  |TAMS 0x0000000680200000, 0x0000000680300000| Untracked 
|   3|0x0000000680300000, 0x0000000680400000, 0x0000000680400000|100%| O|  |TAMS 0x0000000680300000, 0x0000000680400000| Untracked 
|   4|0x0000000680400000, 0x0000000680500000, 0x0000000680500000|100%| O|  |TAMS 0x0000000680400000, 0x0000000680500000| Untracked 
|   5|0x0000000680500000, 0x0000000680600000, 0x0000000680600000|100%| O|  |TAMS 0x0000000680500000, 0x0000000680600000| Untracked 
|   6|0x0000000680600000, 0x0000000680700000, 0x0000000680700000|100%| O|  |TAMS 0x0000000680600000, 0x0000000680700000| Untracked 
|   7|0x0000000680700000, 0x0000000680800000, 0x0000000680800000|100%|HS|  |TAMS 0x0000000680800000, 0x0000000680800000| Complete 
|   8|0x0000000680800000, 0x0000000680900000, 0x0000000680900000|100%|HC|  |TAMS 0x0000000680900000, 0x0000000680900000| Complete 
|   9|0x0000000680900000, 0x0000000680a00000, 0x0000000680a00000|100%|HC|  |TAMS 0x0000000680a00000, 0x0000000680a00000| Complete 
|  10|0x0000000680a00000, 0x0000000680b00000, 0x0000000680b00000|100%|HC|  |TAMS 0x0000000680b00000, 0x0000000680b00000| Complete 
|  11|0x0000000680b00000, 0x0000000680c00000, 0x0000000680c00000|100%|HC|  |TAMS 0x0000000680c00000, 0x0000000680c00000| Complete 
|  12|0x0000000680c00000, 0x0000000680d00000, 0x0000000680d00000|100%|HC|  |TAMS 0x0000000680d00000, 0x0000000680d00000| Complete 
|  13|0x0000000680d00000, 0x0000000680e00000, 0x0000000680e00000|100%|HS|  |TAMS 0x0000000680e00000, 0x0000000680e00000| Complete 
|  14|0x0000000680e00000, 0x0000000680f00000, 0x0000000680f00000|100%| O|  |TAMS 0x0000000680f00000, 0x0000000680f00000| Untracked 
|  15|0x0000000680f00000, 0x0000000680f17600, 0x0000000681000000|  9%| O|  |TAMS 0x0000000680f00000, 0x0000000680f17600| Untracked 
|  16|0x0000000681000000, 0x0000000681000000, 0x0000000681100000|  0%| F|  |TAMS 0x0000000681000000, 0x0000000681000000| Untracked 
|  17|0x0000000681100000, 0x0000000681100000, 0x0000000681200000|  0%| F|  |TAMS 0x0000000681100000, 0x0000000681100000| Untracked 
|  18|0x0000000681200000, 0x0000000681200000, 0x0000000681300000|  0%| F|  |TAMS 0x0000000681200000, 0x0000000681200000| Untracked 
|  19|0x0000000681300000, 0x0000000681300000, 0x0000000681400000|  0%| F|  |TAMS 0x0000000681300000, 0x0000000681300000| Untracked 
|  20|0x0000000681400000, 0x0000000681400000, 0x0000000681500000|  0%| F|  |TAMS 0x0000000681400000, 0x0000000681400000| Untracked 
|  21|0x0000000681500000, 0x0000000681500000, 0x0000000681600000|  0%| F|  |TAMS 0x0000000681500000, 0x0000000681500000| Untracked 
|  22|0x0000000681600000, 0x0000000681600000, 0x0000000681700000|  0%| F|  |TAMS 0x0000000681600000, 0x0000000681600000| Untracked 
|  23|0x0000000681700000, 0x0000000681700000, 0x0000000681800000|  0%| F|  |TAMS 0x0000000681700000, 0x0000000681700000| Untracked 
|  24|0x0000000681800000, 0x0000000681800000, 0x0000000681900000|  0%| F|  |TAMS 0x0000000681800000, 0x0000000681800000| Untracked 
|  25|0x0000000681900000, 0x0000000681900000, 0x0000000681a00000|  0%| F|  |TAMS 0x0000000681900000, 0x0000000681900000| Untracked 
|  26|0x0000000681a00000, 0x0000000681a00000, 0x0000000681b00000|  0%| F|  |TAMS 0x0000000681a00000, 0x0000000681a00000| Untracked 
|  27|0x0000000681b00000, 0x0000000681b00000, 0x0000000681c00000|  0%| F|  |TAMS 0x0000000681b00000, 0x0000000681b00000| Untracked 
|  28|0x0000000681c00000, 0x0000000681c00000, 0x0000000681d00000|  0%| F|  |TAMS 0x0000000681c00000, 0x0000000681c00000| Untracked 
|  29|0x0000000681d00000, 0x0000000681d00000, 0x0000000681e00000|  0%| F|  |TAMS 0x0000000681d00000, 0x0000000681d00000| Untracked 
|  30|0x0000000681e00000, 0x0000000681e00000, 0x0000000681f00000|  0%| F|  |TAMS 0x0000000681e00000, 0x0000000681e00000| Untracked 
|  31|0x0000000681f00000, 0x0000000681f00000, 0x0000000682000000|  0%| F|  |TAMS 0x0000000681f00000, 0x0000000681f00000| Untracked 
|  32|0x0000000682000000, 0x0000000682000000, 0x0000000682100000|  0%| F|  |TAMS 0x0000000682000000, 0x0000000682000000| Untracked 
|  33|0x0000000682100000, 0x0000000682100000, 0x0000000682200000|  0%| F|  |TAMS 0x0000000682100000, 0x0000000682100000| Untracked 
|  34|0x0000000682200000, 0x0000000682200000, 0x0000000682300000|  0%| F|  |TAMS 0x0000000682200000, 0x0000000682200000| Untracked 
|  35|0x0000000682300000, 0x0000000682300000, 0x0000000682400000|  0%| F|  |TAMS 0x0000000682300000, 0x0000000682300000| Untracked 
|  36|0x0000000682400000, 0x0000000682400000, 0x0000000682500000|  0%| F|  |TAMS 0x0000000682400000, 0x0000000682400000| Untracked 
|  37|0x0000000682500000, 0x0000000682500000, 0x0000000682600000|  0%| F|  |TAMS 0x0000000682500000, 0x0000000682500000| Untracked 
|  38|0x0000000682600000, 0x0000000682600000, 0x0000000682700000|  0%| F|  |TAMS 0x0000000682600000, 0x0000000682600000| Untracked 
|  39|0x0000000682700000, 0x0000000682700000, 0x0000000682800000|  0%| F|  |TAMS 0x0000000682700000, 0x0000000682700000| Untracked 
|  40|0x0000000682800000, 0x0000000682800000, 0x0000000682900000|  0%| F|  |TAMS 0x0000000682800000, 0x0000000682800000| Untracked 
|  41|0x0000000682900000, 0x0000000682900000, 0x0000000682a00000|  0%| F|  |TAMS 0x0000000682900000, 0x0000000682900000| Untracked 
|  42|0x0000000682a00000, 0x0000000682a00000, 0x0000000682b00000|  0%| F|  |TAMS 0x0000000682a00000, 0x0000000682a00000| Untracked 
|  43|0x0000000682b00000, 0x0000000682b00000, 0x0000000682c00000|  0%| F|  |TAMS 0x0000000682b00000, 0x0000000682b00000| Untracked 
|  44|0x0000000682c00000, 0x0000000682c00000, 0x0000000682d00000|  0%| F|  |TAMS 0x0000000682c00000, 0x0000000682c00000| Untracked 
|  45|0x0000000682d00000, 0x0000000682d00000, 0x0000000682e00000|  0%| F|  |TAMS 0x0000000682d00000, 0x0000000682d00000| Untracked 
|  46|0x0000000682e00000, 0x0000000682e00000, 0x0000000682f00000|  0%| F|  |TAMS 0x0000000682e00000, 0x0000000682e00000| Untracked 
|  47|0x0000000682f00000, 0x0000000682f00000, 0x0000000683000000|  0%| F|  |TAMS 0x0000000682f00000, 0x0000000682f00000| Untracked 
|  48|0x0000000683000000, 0x0000000683000000, 0x0000000683100000|  0%| F|  |TAMS 0x0000000683000000, 0x0000000683000000| Untracked 
|  49|0x0000000683100000, 0x0000000683100000, 0x0000000683200000|  0%| F|  |TAMS 0x0000000683100000, 0x0000000683100000| Untracked 
|  50|0x0000000683200000, 0x0000000683200000, 0x0000000683300000|  0%| F|  |TAMS 0x0000000683200000, 0x0000000683200000| Untracked 
|  51|0x0000000683300000, 0x0000000683300000, 0x0000000683400000|  0%| F|  |TAMS 0x0000000683300000, 0x0000000683300000| Untracked 
|  52|0x0000000683400000, 0x0000000683400000, 0x0000000683500000|  0%| F|  |TAMS 0x0000000683400000, 0x0000000683400000| Untracked 
|  53|0x0000000683500000, 0x0000000683500000, 0x0000000683600000|  0%| F|  |TAMS 0x0000000683500000, 0x0000000683500000| Untracked 
|  54|0x0000000683600000, 0x0000000683600000, 0x0000000683700000|  0%| F|  |TAMS 0x0000000683600000, 0x0000000683600000| Untracked 
|  55|0x0000000683700000, 0x0000000683700000, 0x0000000683800000|  0%| F|  |TAMS 0x0000000683700000, 0x0000000683700000| Untracked 
|  56|0x0000000683800000, 0x0000000683800000, 0x0000000683900000|  0%| F|  |TAMS 0x0000000683800000, 0x0000000683800000| Untracked 
|  57|0x0000000683900000, 0x0000000683900000, 0x0000000683a00000|  0%| F|  |TAMS 0x0000000683900000, 0x0000000683900000| Untracked 
|  58|0x0000000683a00000, 0x0000000683a00000, 0x0000000683b00000|  0%| F|  |TAMS 0x0000000683a00000, 0x0000000683a00000| Untracked 
|  59|0x0000000683b00000, 0x0000000683b00000, 0x0000000683c00000|  0%| F|  |TAMS 0x0000000683b00000, 0x0000000683b00000| Untracked 
|  60|0x0000000683c00000, 0x0000000683c00000, 0x0000000683d00000|  0%| F|  |TAMS 0x0000000683c00000, 0x0000000683c00000| Untracked 
|  61|0x0000000683d00000, 0x0000000683d00000, 0x0000000683e00000|  0%| F|  |TAMS 0x0000000683d00000, 0x0000000683d00000| Untracked 
|  62|0x0000000683e00000, 0x0000000683e00000, 0x0000000683f00000|  0%| F|  |TAMS 0x0000000683e00000, 0x0000000683e00000| Untracked 
|  63|0x0000000683f00000, 0x0000000683f00000, 0x0000000684000000|  0%| F|  |TAMS 0x0000000683f00000, 0x0000000683f00000| Untracked 
|  64|0x0000000684000000, 0x0000000684000000, 0x0000000684100000|  0%| F|  |TAMS 0x0000000684000000, 0x0000000684000000| Untracked 
|  65|0x0000000684100000, 0x0000000684100000, 0x0000000684200000|  0%| F|  |TAMS 0x0000000684100000, 0x0000000684100000| Untracked 
|  66|0x0000000684200000, 0x0000000684200000, 0x0000000684300000|  0%| F|  |TAMS 0x0000000684200000, 0x0000000684200000| Untracked 
|  67|0x0000000684300000, 0x0000000684300000, 0x0000000684400000|  0%| F|  |TAMS 0x0000000684300000, 0x0000000684300000| Untracked 
|  68|0x0000000684400000, 0x0000000684400000, 0x0000000684500000|  0%| F|  |TAMS 0x0000000684400000, 0x0000000684400000| Untracked 
|  69|0x0000000684500000, 0x0000000684500000, 0x0000000684600000|  0%| F|  |TAMS 0x0000000684500000, 0x0000000684500000| Untracked 
|  70|0x0000000684600000, 0x0000000684600000, 0x0000000684700000|  0%| F|  |TAMS 0x0000000684600000, 0x0000000684600000| Untracked 
|  71|0x0000000684700000, 0x0000000684700000, 0x0000000684800000|  0%| F|  |TAMS 0x0000000684700000, 0x0000000684700000| Untracked 
|  72|0x0000000684800000, 0x0000000684800000, 0x0000000684900000|  0%| F|  |TAMS 0x0000000684800000, 0x0000000684800000| Untracked 
|  73|0x0000000684900000, 0x0000000684900000, 0x0000000684a00000|  0%| F|  |TAMS 0x0000000684900000, 0x0000000684900000| Untracked 
|  74|0x0000000684a00000, 0x0000000684a00000, 0x0000000684b00000|  0%| F|  |TAMS 0x0000000684a00000, 0x0000000684a00000| Untracked 
|  75|0x0000000684b00000, 0x0000000684b00000, 0x0000000684c00000|  0%| F|  |TAMS 0x0000000684b00000, 0x0000000684b00000| Untracked 
|  76|0x0000000684c00000, 0x0000000684c00000, 0x0000000684d00000|  0%| F|  |TAMS 0x0000000684c00000, 0x0000000684c00000| Untracked 
|  77|0x0000000684d00000, 0x0000000684d00000, 0x0000000684e00000|  0%| F|  |TAMS 0x0000000684d00000, 0x0000000684d00000| Untracked 
|  78|0x0000000684e00000, 0x0000000684e00000, 0x0000000684f00000|  0%| F|  |TAMS 0x0000000684e00000, 0x0000000684e00000| Untracked 
|  79|0x0000000684f00000, 0x0000000684f00000, 0x0000000685000000|  0%| F|  |TAMS 0x0000000684f00000, 0x0000000684f00000| Untracked 
|  80|0x0000000685000000, 0x0000000685000000, 0x0000000685100000|  0%| F|  |TAMS 0x0000000685000000, 0x0000000685000000| Untracked 
|  81|0x0000000685100000, 0x0000000685100000, 0x0000000685200000|  0%| F|  |TAMS 0x0000000685100000, 0x0000000685100000| Untracked 
|  82|0x0000000685200000, 0x0000000685200000, 0x0000000685300000|  0%| F|  |TAMS 0x0000000685200000, 0x0000000685200000| Untracked 
|  83|0x0000000685300000, 0x0000000685300000, 0x0000000685400000|  0%| F|  |TAMS 0x0000000685300000, 0x0000000685300000| Untracked 
|  84|0x0000000685400000, 0x0000000685400000, 0x0000000685500000|  0%| F|  |TAMS 0x0000000685400000, 0x0000000685400000| Untracked 
|  85|0x0000000685500000, 0x0000000685500000, 0x0000000685600000|  0%| F|  |TAMS 0x0000000685500000, 0x0000000685500000| Untracked 
|  86|0x0000000685600000, 0x0000000685600000, 0x0000000685700000|  0%| F|  |TAMS 0x0000000685600000, 0x0000000685600000| Untracked 
|  87|0x0000000685700000, 0x0000000685700000, 0x0000000685800000|  0%| F|  |TAMS 0x0000000685700000, 0x0000000685700000| Untracked 
|  88|0x0000000685800000, 0x0000000685800000, 0x0000000685900000|  0%| F|  |TAMS 0x0000000685800000, 0x0000000685800000| Untracked 
|  89|0x0000000685900000, 0x0000000685900000, 0x0000000685a00000|  0%| F|  |TAMS 0x0000000685900000, 0x0000000685900000| Untracked 
|  90|0x0000000685a00000, 0x0000000685a00000, 0x0000000685b00000|  0%| F|  |TAMS 0x0000000685a00000, 0x0000000685a00000| Untracked 
|  91|0x0000000685b00000, 0x0000000685b00000, 0x0000000685c00000|  0%| F|  |TAMS 0x0000000685b00000, 0x0000000685b00000| Untracked 
|  92|0x0000000685c00000, 0x0000000685c00000, 0x0000000685d00000|  0%| F|  |TAMS 0x0000000685c00000, 0x0000000685c00000| Untracked 
|  93|0x0000000685d00000, 0x0000000685d00000, 0x0000000685e00000|  0%| F|  |TAMS 0x0000000685d00000, 0x0000000685d00000| Untracked 
|  94|0x0000000685e00000, 0x0000000685e00000, 0x0000000685f00000|  0%| F|  |TAMS 0x0000000685e00000, 0x0000000685e00000| Untracked 
|  95|0x0000000685f00000, 0x0000000685f00000, 0x0000000686000000|  0%| F|  |TAMS 0x0000000685f00000, 0x0000000685f00000| Untracked 
|  96|0x0000000686000000, 0x0000000686000000, 0x0000000686100000|  0%| F|  |TAMS 0x0000000686000000, 0x0000000686000000| Untracked 
|  97|0x0000000686100000, 0x0000000686100000, 0x0000000686200000|  0%| F|  |TAMS 0x0000000686100000, 0x0000000686100000| Untracked 
|  98|0x0000000686200000, 0x0000000686200000, 0x0000000686300000|  0%| F|  |TAMS 0x0000000686200000, 0x0000000686200000| Untracked 
|  99|0x0000000686300000, 0x0000000686300000, 0x0000000686400000|  0%| F|  |TAMS 0x0000000686300000, 0x0000000686300000| Untracked 
| 100|0x0000000686400000, 0x0000000686400000, 0x0000000686500000|  0%| F|  |TAMS 0x0000000686400000, 0x0000000686400000| Untracked 
| 101|0x0000000686500000, 0x0000000686500000, 0x0000000686600000|  0%| F|  |TAMS 0x0000000686500000, 0x0000000686500000| Untracked 
| 102|0x0000000686600000, 0x0000000686600000, 0x0000000686700000|  0%| F|  |TAMS 0x0000000686600000, 0x0000000686600000| Untracked 
| 103|0x0000000686700000, 0x0000000686700000, 0x0000000686800000|  0%| F|  |TAMS 0x0000000686700000, 0x0000000686700000| Untracked 
| 104|0x0000000686800000, 0x0000000686800000, 0x0000000686900000|  0%| F|  |TAMS 0x0000000686800000, 0x0000000686800000| Untracked 
| 105|0x0000000686900000, 0x0000000686900000, 0x0000000686a00000|  0%| F|  |TAMS 0x0000000686900000, 0x0000000686900000| Untracked 
| 106|0x0000000686a00000, 0x0000000686a00000, 0x0000000686b00000|  0%| F|  |TAMS 0x0000000686a00000, 0x0000000686a00000| Untracked 
| 107|0x0000000686b00000, 0x0000000686b00000, 0x0000000686c00000|  0%| F|  |TAMS 0x0000000686b00000, 0x0000000686b00000| Untracked 
| 108|0x0000000686c00000, 0x0000000686c00000, 0x0000000686d00000|  0%| F|  |TAMS 0x0000000686c00000, 0x0000000686c00000| Untracked 
| 109|0x0000000686d00000, 0x0000000686d00000, 0x0000000686e00000|  0%| F|  |TAMS 0x0000000686d00000, 0x0000000686d00000| Untracked 
| 110|0x0000000686e00000, 0x0000000686e00000, 0x0000000686f00000|  0%| F|  |TAMS 0x0000000686e00000, 0x0000000686e00000| Untracked 
| 111|0x0000000686f00000, 0x0000000686f00000, 0x0000000687000000|  0%| F|  |TAMS 0x0000000686f00000, 0x0000000686f00000| Untracked 
| 112|0x0000000687000000, 0x0000000687000000, 0x0000000687100000|  0%| F|  |TAMS 0x0000000687000000, 0x0000000687000000| Untracked 
| 113|0x0000000687100000, 0x0000000687100000, 0x0000000687200000|  0%| F|  |TAMS 0x0000000687100000, 0x0000000687100000| Untracked 
| 114|0x0000000687200000, 0x0000000687200000, 0x0000000687300000|  0%| F|  |TAMS 0x0000000687200000, 0x0000000687200000| Untracked 
| 115|0x0000000687300000, 0x0000000687300000, 0x0000000687400000|  0%| F|  |TAMS 0x0000000687300000, 0x0000000687300000| Untracked 
| 116|0x0000000687400000, 0x0000000687400000, 0x0000000687500000|  0%| F|  |TAMS 0x0000000687400000, 0x0000000687400000| Untracked 
| 117|0x0000000687500000, 0x0000000687500000, 0x0000000687600000|  0%| F|  |TAMS 0x0000000687500000, 0x0000000687500000| Untracked 
| 118|0x0000000687600000, 0x0000000687600000, 0x0000000687700000|  0%| F|  |TAMS 0x0000000687600000, 0x0000000687600000| Untracked 
| 119|0x0000000687700000, 0x0000000687700000, 0x0000000687800000|  0%| F|  |TAMS 0x0000000687700000, 0x0000000687700000| Untracked 
| 120|0x0000000687800000, 0x0000000687800000, 0x0000000687900000|  0%| F|  |TAMS 0x0000000687800000, 0x0000000687800000| Untracked 
| 121|0x0000000687900000, 0x0000000687a00000, 0x0000000687a00000|100%| S|CS|TAMS 0x0000000687900000, 0x0000000687900000| Complete 
| 122|0x0000000687a00000, 0x0000000687b00000, 0x0000000687b00000|100%| S|CS|TAMS 0x0000000687a00000, 0x0000000687a00000| Complete 
| 123|0x0000000687b00000, 0x0000000687c00000, 0x0000000687c00000|100%| S|CS|TAMS 0x0000000687b00000, 0x0000000687b00000| Complete 
| 124|0x0000000687c00000, 0x0000000687d00000, 0x0000000687d00000|100%| S|CS|TAMS 0x0000000687c00000, 0x0000000687c00000| Complete 
| 125|0x0000000687d00000, 0x0000000687e00000, 0x0000000687e00000|100%| S|CS|TAMS 0x0000000687d00000, 0x0000000687d00000| Complete 
| 126|0x0000000687e00000, 0x0000000687f00000, 0x0000000687f00000|100%| S|CS|TAMS 0x0000000687e00000, 0x0000000687e00000| Complete 
| 127|0x0000000687f00000, 0x0000000687f00000, 0x0000000688000000|  0%| F|  |TAMS 0x0000000687f00000, 0x0000000687f00000| Untracked 
| 128|0x0000000688000000, 0x0000000688000000, 0x0000000688100000|  0%| F|  |TAMS 0x0000000688000000, 0x0000000688000000| Untracked 
| 129|0x0000000688100000, 0x0000000688100000, 0x0000000688200000|  0%| F|  |TAMS 0x0000000688100000, 0x0000000688100000| Untracked 
| 130|0x0000000688200000, 0x0000000688200000, 0x0000000688300000|  0%| F|  |TAMS 0x0000000688200000, 0x0000000688200000| Untracked 
| 131|0x0000000688300000, 0x0000000688300000, 0x0000000688400000|  0%| F|  |TAMS 0x0000000688300000, 0x0000000688300000| Untracked 
| 132|0x0000000688400000, 0x0000000688400000, 0x0000000688500000|  0%| F|  |TAMS 0x0000000688400000, 0x0000000688400000| Untracked 
| 133|0x0000000688500000, 0x0000000688500000, 0x0000000688600000|  0%| F|  |TAMS 0x0000000688500000, 0x0000000688500000| Untracked 
| 134|0x0000000688600000, 0x0000000688600000, 0x0000000688700000|  0%| F|  |TAMS 0x0000000688600000, 0x0000000688600000| Untracked 
| 135|0x0000000688700000, 0x0000000688700000, 0x0000000688800000|  0%| F|  |TAMS 0x0000000688700000, 0x0000000688700000| Untracked 
| 136|0x0000000688800000, 0x0000000688800000, 0x0000000688900000|  0%| F|  |TAMS 0x0000000688800000, 0x0000000688800000| Untracked 
| 137|0x0000000688900000, 0x0000000688900000, 0x0000000688a00000|  0%| F|  |TAMS 0x0000000688900000, 0x0000000688900000| Untracked 
| 138|0x0000000688a00000, 0x0000000688a00000, 0x0000000688b00000|  0%| F|  |TAMS 0x0000000688a00000, 0x0000000688a00000| Untracked 
| 139|0x0000000688b00000, 0x0000000688b00000, 0x0000000688c00000|  0%| F|  |TAMS 0x0000000688b00000, 0x0000000688b00000| Untracked 
| 140|0x0000000688c00000, 0x0000000688c00000, 0x0000000688d00000|  0%| F|  |TAMS 0x0000000688c00000, 0x0000000688c00000| Untracked 
| 141|0x0000000688d00000, 0x0000000688d00000, 0x0000000688e00000|  0%| F|  |TAMS 0x0000000688d00000, 0x0000000688d00000| Untracked 
| 142|0x0000000688e00000, 0x0000000688e00000, 0x0000000688f00000|  0%| F|  |TAMS 0x0000000688e00000, 0x0000000688e00000| Untracked 
| 143|0x0000000688f00000, 0x0000000688f00000, 0x0000000689000000|  0%| F|  |TAMS 0x0000000688f00000, 0x0000000688f00000| Untracked 
| 144|0x0000000689000000, 0x0000000689000000, 0x0000000689100000|  0%| F|  |TAMS 0x0000000689000000, 0x0000000689000000| Untracked 
| 145|0x0000000689100000, 0x0000000689100000, 0x0000000689200000|  0%| F|  |TAMS 0x0000000689100000, 0x0000000689100000| Untracked 
| 146|0x0000000689200000, 0x0000000689200000, 0x0000000689300000|  0%| F|  |TAMS 0x0000000689200000, 0x0000000689200000| Untracked 
| 147|0x0000000689300000, 0x0000000689300000, 0x0000000689400000|  0%| F|  |TAMS 0x0000000689300000, 0x0000000689300000| Untracked 
| 148|0x0000000689400000, 0x0000000689400000, 0x0000000689500000|  0%| F|  |TAMS 0x0000000689400000, 0x0000000689400000| Untracked 
| 149|0x0000000689500000, 0x0000000689500000, 0x0000000689600000|  0%| F|  |TAMS 0x0000000689500000, 0x0000000689500000| Untracked 
| 150|0x0000000689600000, 0x0000000689600000, 0x0000000689700000|  0%| F|  |TAMS 0x0000000689600000, 0x0000000689600000| Untracked 
| 151|0x0000000689700000, 0x0000000689700000, 0x0000000689800000|  0%| F|  |TAMS 0x0000000689700000, 0x0000000689700000| Untracked 
| 152|0x0000000689800000, 0x0000000689800000, 0x0000000689900000|  0%| F|  |TAMS 0x0000000689800000, 0x0000000689800000| Untracked 
| 153|0x0000000689900000, 0x0000000689900000, 0x0000000689a00000|  0%| F|  |TAMS 0x0000000689900000, 0x0000000689900000| Untracked 
| 154|0x0000000689a00000, 0x0000000689a00000, 0x0000000689b00000|  0%| F|  |TAMS 0x0000000689a00000, 0x0000000689a00000| Untracked 
| 155|0x0000000689b00000, 0x0000000689b00000, 0x0000000689c00000|  0%| F|  |TAMS 0x0000000689b00000, 0x0000000689b00000| Untracked 
| 156|0x0000000689c00000, 0x0000000689c00000, 0x0000000689d00000|  0%| F|  |TAMS 0x0000000689c00000, 0x0000000689c00000| Untracked 
| 157|0x0000000689d00000, 0x0000000689d00000, 0x0000000689e00000|  0%| F|  |TAMS 0x0000000689d00000, 0x0000000689d00000| Untracked 
| 158|0x0000000689e00000, 0x0000000689e00000, 0x0000000689f00000|  0%| F|  |TAMS 0x0000000689e00000, 0x0000000689e00000| Untracked 
| 159|0x0000000689f00000, 0x0000000689f00000, 0x000000068a000000|  0%| F|  |TAMS 0x0000000689f00000, 0x0000000689f00000| Untracked 
| 160|0x000000068a000000, 0x000000068a000000, 0x000000068a100000|  0%| F|  |TAMS 0x000000068a000000, 0x000000068a000000| Untracked 
| 161|0x000000068a100000, 0x000000068a100000, 0x000000068a200000|  0%| F|  |TAMS 0x000000068a100000, 0x000000068a100000| Untracked 
| 162|0x000000068a200000, 0x000000068a200000, 0x000000068a300000|  0%| F|  |TAMS 0x000000068a200000, 0x000000068a200000| Untracked 
| 163|0x000000068a300000, 0x000000068a300000, 0x000000068a400000|  0%| F|  |TAMS 0x000000068a300000, 0x000000068a300000| Untracked 
| 164|0x000000068a400000, 0x000000068a400000, 0x000000068a500000|  0%| F|  |TAMS 0x000000068a400000, 0x000000068a400000| Untracked 
| 165|0x000000068a500000, 0x000000068a500000, 0x000000068a600000|  0%| F|  |TAMS 0x000000068a500000, 0x000000068a500000| Untracked 
| 166|0x000000068a600000, 0x000000068a600000, 0x000000068a700000|  0%| F|  |TAMS 0x000000068a600000, 0x000000068a600000| Untracked 
| 167|0x000000068a700000, 0x000000068a700000, 0x000000068a800000|  0%| F|  |TAMS 0x000000068a700000, 0x000000068a700000| Untracked 
| 168|0x000000068a800000, 0x000000068a800000, 0x000000068a900000|  0%| F|  |TAMS 0x000000068a800000, 0x000000068a800000| Untracked 
| 169|0x000000068a900000, 0x000000068a900000, 0x000000068aa00000|  0%| F|  |TAMS 0x000000068a900000, 0x000000068a900000| Untracked 
| 170|0x000000068aa00000, 0x000000068aa00000, 0x000000068ab00000|  0%| F|  |TAMS 0x000000068aa00000, 0x000000068aa00000| Untracked 
| 171|0x000000068ab00000, 0x000000068ab00000, 0x000000068ac00000|  0%| F|  |TAMS 0x000000068ab00000, 0x000000068ab00000| Untracked 
| 172|0x000000068ac00000, 0x000000068ac00000, 0x000000068ad00000|  0%| F|  |TAMS 0x000000068ac00000, 0x000000068ac00000| Untracked 
| 173|0x000000068ad00000, 0x000000068ad00000, 0x000000068ae00000|  0%| F|  |TAMS 0x000000068ad00000, 0x000000068ad00000| Untracked 
| 174|0x000000068ae00000, 0x000000068ae00000, 0x000000068af00000|  0%| F|  |TAMS 0x000000068ae00000, 0x000000068ae00000| Untracked 
| 175|0x000000068af00000, 0x000000068af00000, 0x000000068b000000|  0%| F|  |TAMS 0x000000068af00000, 0x000000068af00000| Untracked 
| 176|0x000000068b000000, 0x000000068b000000, 0x000000068b100000|  0%| F|  |TAMS 0x000000068b000000, 0x000000068b000000| Untracked 
| 177|0x000000068b100000, 0x000000068b100000, 0x000000068b200000|  0%| F|  |TAMS 0x000000068b100000, 0x000000068b100000| Untracked 
| 178|0x000000068b200000, 0x000000068b200000, 0x000000068b300000|  0%| F|  |TAMS 0x000000068b200000, 0x000000068b200000| Untracked 
| 179|0x000000068b300000, 0x000000068b300000, 0x000000068b400000|  0%| F|  |TAMS 0x000000068b300000, 0x000000068b300000| Untracked 
| 180|0x000000068b400000, 0x000000068b400000, 0x000000068b500000|  0%| F|  |TAMS 0x000000068b400000, 0x000000068b400000| Untracked 
| 181|0x000000068b500000, 0x000000068b500000, 0x000000068b600000|  0%| F|  |TAMS 0x000000068b500000, 0x000000068b500000| Untracked 
| 182|0x000000068b600000, 0x000000068b600000, 0x000000068b700000|  0%| F|  |TAMS 0x000000068b600000, 0x000000068b600000| Untracked 
| 183|0x000000068b700000, 0x000000068b700000, 0x000000068b800000|  0%| F|  |TAMS 0x000000068b700000, 0x000000068b700000| Untracked 
| 184|0x000000068b800000, 0x000000068b800000, 0x000000068b900000|  0%| F|  |TAMS 0x000000068b800000, 0x000000068b800000| Untracked 
| 185|0x000000068b900000, 0x000000068b900000, 0x000000068ba00000|  0%| F|  |TAMS 0x000000068b900000, 0x000000068b900000| Untracked 
| 186|0x000000068ba00000, 0x000000068ba00000, 0x000000068bb00000|  0%| F|  |TAMS 0x000000068ba00000, 0x000000068ba00000| Untracked 
| 187|0x000000068bb00000, 0x000000068bb00000, 0x000000068bc00000|  0%| F|  |TAMS 0x000000068bb00000, 0x000000068bb00000| Untracked 
| 188|0x000000068bc00000, 0x000000068bc00000, 0x000000068bd00000|  0%| F|  |TAMS 0x000000068bc00000, 0x000000068bc00000| Untracked 
| 189|0x000000068bd00000, 0x000000068bd00000, 0x000000068be00000|  0%| F|  |TAMS 0x000000068bd00000, 0x000000068bd00000| Untracked 
| 190|0x000000068be00000, 0x000000068be00000, 0x000000068bf00000|  0%| F|  |TAMS 0x000000068be00000, 0x000000068be00000| Untracked 
| 191|0x000000068bf00000, 0x000000068bf00000, 0x000000068c000000|  0%| F|  |TAMS 0x000000068bf00000, 0x000000068bf00000| Untracked 
| 192|0x000000068c000000, 0x000000068c000000, 0x000000068c100000|  0%| F|  |TAMS 0x000000068c000000, 0x000000068c000000| Untracked 
| 193|0x000000068c100000, 0x000000068c100000, 0x000000068c200000|  0%| F|  |TAMS 0x000000068c100000, 0x000000068c100000| Untracked 
| 194|0x000000068c200000, 0x000000068c200000, 0x000000068c300000|  0%| F|  |TAMS 0x000000068c200000, 0x000000068c200000| Untracked 
| 195|0x000000068c300000, 0x000000068c300000, 0x000000068c400000|  0%| F|  |TAMS 0x000000068c300000, 0x000000068c300000| Untracked 
| 196|0x000000068c400000, 0x000000068c400000, 0x000000068c500000|  0%| F|  |TAMS 0x000000068c400000, 0x000000068c400000| Untracked 
| 197|0x000000068c500000, 0x000000068c500000, 0x000000068c600000|  0%| F|  |TAMS 0x000000068c500000, 0x000000068c500000| Untracked 
| 198|0x000000068c600000, 0x000000068c600000, 0x000000068c700000|  0%| F|  |TAMS 0x000000068c600000, 0x000000068c600000| Untracked 
| 199|0x000000068c700000, 0x000000068c700000, 0x000000068c800000|  0%| F|  |TAMS 0x000000068c700000, 0x000000068c700000| Untracked 
| 200|0x000000068c800000, 0x000000068c880800, 0x000000068c900000| 50%| E|  |TAMS 0x000000068c800000, 0x000000068c800000| Complete 
| 201|0x000000068c900000, 0x000000068ca00000, 0x000000068ca00000|100%| E|CS|TAMS 0x000000068c900000, 0x000000068c900000| Complete 
|5112|0x00000007bf800000, 0x00000007bf848000, 0x00000007bf900000| 28%|OA|  |TAMS 0x00000007bf848000, 0x00000007bf848000| Untracked 
|5116|0x00000007bfc00000, 0x00000007bfc6c000, 0x00000007bfd00000| 42%|CA|  |TAMS 0x00000007bfc6c000, 0x00000007bfc6c000| Untracked 

Card table byte_map: [0x00007188e7400000,0x00007188e8000000] _byte_map_base: 0x00007188e4000000

Marking Bits (Prev, Next): (CMBitMap*) 0x00007189040a3560, (CMBitMap*) 0x00007189040a3528
 Prev Bits: [0x00007188da800000, 0x00007188e0800000)
 Next Bits: [0x00007188e0800000, 0x00007188e6800000)

Polling page: 0x000071890b0c0000

Metaspace:

Usage:
  Non-class:     29.50 MB capacity,    28.85 MB ( 98%) used,   538.51 KB (  2%) free+waste,   121.19 KB ( <1%) overhead. 
      Class:      5.74 MB capacity,     5.27 MB ( 92%) used,   411.55 KB (  7%) free+waste,    65.06 KB (  1%) overhead. 
       Both:     35.24 MB capacity,    34.13 MB ( 97%) used,   950.06 KB (  3%) free+waste,   186.25 KB ( <1%) overhead. 

Virtual space:
  Non-class space:       30.00 MB reserved,      29.62 MB ( 99%) committed 
      Class space:        1.00 GB reserved,       5.78 MB ( <1%) committed 
             Both:        1.03 GB reserved,      35.40 MB (  3%) committed 

Chunk freelists:
   Non-Class:  0 bytes
       Class:  0 bytes
        Both:  0 bytes

MaxMetaspaceSize: unlimited
CompressedClassSpaceSize: 1.00 GB
Initial GC threshold: 20.80 MB
Current GC threshold: 35.40 MB
CDS: on

CodeHeap 'non-profiled nmethods': size=120032Kb used=1986Kb max_used=1986Kb free=118045Kb
 bounds [0x00007188f40c8000, 0x00007188f4338000, 0x00007188fb600000]
CodeHeap 'profiled nmethods': size=120032Kb used=8210Kb max_used=8210Kb free=111821Kb
 bounds [0x00007188ecb90000, 0x00007188ed3a0000, 0x00007188f40c8000]
CodeHeap 'non-nmethods': size=5696Kb used=1266Kb max_used=1316Kb free=4429Kb
 bounds [0x00007188ec600000, 0x00007188ec870000, 0x00007188ecb90000]
 total_blobs=4723 nmethods=4166 adapters=470
 compilation: enabled
              stopped_count=0, restarted_count=0
 full_count=0

Compilation events (20 events):
Event: 4.148 Thread 0x00007189041fc800 nmethod 4197 0x00007188ed38bb10 code [0x00007188ed38bcc0, 0x00007188ed38bdb0]
Event: 4.148 Thread 0x00007189041fc800 4198       2       org.geneontology.whelk.Reasoner$$$Lambda$438/0x000000084058e040::apply (16 bytes)
Event: 4.148 Thread 0x00007189041fc800 nmethod 4198 0x00007188ed38be90 code [0x00007188ed38c040, 0x00007188ed38c1e0]
Event: 4.148 Thread 0x00007189041fc800 4199       2       org.geneontology.whelk.Reasoner$::$anonfun$R$plus$u2203left$5$adapted (10 bytes)
Event: 4.148 Thread 0x00007189041fc800 nmethod 4199 0x00007188ed38c310 code [0x00007188ed38c4c0, 0x00007188ed38c5c0]
Event: 4.148 Thread 0x00007189041fc800 4200       2       org.geneontology.whelk.Reasoner$::$anonfun$R$plus$u2203left$5 (60 bytes)
Event: 4.148 Thread 0x00007189041fc800 nmethod 4200 0x00007188ed38c690 code [0x00007188ed38c880, 0x00007188ed38cb70]
Event: 4.148 Thread 0x00007189041fc800 4192       2       org.geneontology.whelk.Reasoner$::$anonfun$R$plus$u2203left$3 (10 bytes)
Event: 4.148 Thread 0x00007189041fc800 nmethod 4192 0x00007188ed38cd90 code [0x00007188ed38cf40, 0x00007188ed38d010]
Event: 4.148 Thread 0x00007189041fc800 4201       2       scala.collection.immutable.HashSet::size (8 bytes)
Event: 4.148 Thread 0x00007189041fc800 nmethod 4201 0x00007188ed38d090 code [0x00007188ed38d240, 0x00007188ed38d350]
Event: 4.160 Thread 0x00007189041fc800 4202       2       jdk.internal.misc.InnocuousThread::eraseThreadLocals (23 bytes)
Event: 4.160 Thread 0x00007189041fc800 nmethod 4202 0x00007188ed38d410 code [0x00007188ed38d5c0, 0x00007188ed38d7d0]
Event: 4.160 Thread 0x00007189041fc800 4204       2       scala.collection.immutable.Map$Map4::getOrElse (71 bytes)
Event: 4.161 Thread 0x00007189041fc800 nmethod 4204 0x00007188ed38d890 code [0x00007188ed38da80, 0x00007188ed38dd80]
Event: 4.162 Thread 0x00007189041fc800 4205       2       scala.collection.immutable.Map$Map2$Map2Iterator::<init> (21 bytes)
Event: 4.163 Thread 0x00007189041fc800 nmethod 4205 0x00007188ed38df10 code [0x00007188ed38e0c0, 0x00007188ed38e250]
Event: 4.163 Thread 0x00007189041fc800 4206       2       org.geneontology.whelk.Reasoner$::processAssertedConceptInclusion (282 bytes)
Event: 4.164 Thread 0x00007189041fc800 nmethod 4206 0x00007188ed38e310 code [0x00007188ed38e580, 0x00007188ed38eef0]
Event: 4.164 Thread 0x00007189041fc800 4207       2       org.geneontology.whelk.Reasoner$::R$plus$u2203a (265 bytes)

GC Heap History (20 events):
Event: 2.805 GC heap before
{Heap before GC invocations=7 (full 0):
 garbage-first heap   total 144384K, used 94430K [0x0000000680000000, 0x0000000800000000)
  region size 1024K, 77 young (78848K), 5 survivors (5120K)
 Metaspace       used 33135K, capacity 34028K, committed 34224K, reserved 1079296K
  class space    used 5020K, capacity 5353K, committed 5376K, reserved 1048576K
}
Event: 2.809 GC heap after
{Heap after GC invocations=8 (full 0):
 garbage-first heap   total 144384K, used 20560K [0x0000000680000000, 0x0000000800000000)
  region size 1024K, 5 young (5120K), 5 survivors (5120K)
 Metaspace       used 33135K, capacity 34028K, committed 34224K, reserved 1079296K
  class space    used 5020K, capacity 5353K, committed 5376K, reserved 1048576K
}
Event: 2.909 GC heap before
{Heap before GC invocations=8 (full 0):
 garbage-first heap   total 144384K, used 101456K [0x0000000680000000, 0x0000000800000000)
  region size 1024K, 84 young (86016K), 5 survivors (5120K)
 Metaspace       used 33136K, capacity 34028K, committed 34224K, reserved 1079296K
  class space    used 5020K, capacity 5353K, committed 5376K, reserved 1048576K
}
Event: 2.912 GC heap after
{Heap after GC invocations=9 (full 0):
 garbage-first heap   total 144384K, used 20497K [0x0000000680000000, 0x0000000800000000)
  region size 1024K, 5 young (5120K), 5 survivors (5120K)
 Metaspace       used 33136K, capacity 34028K, committed 34224K, reserved 1079296K
  class space    used 5020K, capacity 5353K, committed 5376K, reserved 1048576K
}
Event: 3.012 GC heap before
{Heap before GC invocations=9 (full 0):
 garbage-first heap   total 144384K, used 101393K [0x0000000680000000, 0x0000000800000000)
  region size 1024K, 84 young (86016K), 5 survivors (5120K)
 Metaspace       used 33136K, capacity 34028K, committed 34224K, reserved 1079296K
  class space    used 5020K, capacity 5353K, committed 5376K, reserved 1048576K
}
Event: 3.016 GC heap after
{Heap after GC invocations=10 (full 0):
 garbage-first heap   total 144384K, used 20490K [0x0000000680000000, 0x0000000800000000)
  region size 1024K, 5 young (5120K), 5 survivors (5120K)
 Metaspace       used 33136K, capacity 34028K, committed 34224K, reserved 1079296K
  class space    used 5020K, capacity 5353K, committed 5376K, reserved 1048576K
}
Event: 3.115 GC heap before
{Heap before GC invocations=10 (full 0):
 garbage-first heap   total 144384K, used 101386K [0x0000000680000000, 0x0000000800000000)
  region size 1024K, 84 young (86016K), 5 survivors (5120K)
 Metaspace       used 33138K, capacity 34028K, committed 34224K, reserved 1079296K
  class space    used 5020K, capacity 5353K, committed 5376K, reserved 1048576K
}
Event: 3.120 GC heap after
{Heap after GC invocations=11 (full 0):
 garbage-first heap   total 174080K, used 20693K [0x0000000680000000, 0x0000000800000000)
  region size 1024K, 5 young (5120K), 5 survivors (5120K)
 Metaspace       used 33138K, capacity 34028K, committed 34224K, reserved 1079296K
  class space    used 5020K, capacity 5353K, committed 5376K, reserved 1048576K
}
Event: 3.252 GC heap before
{Heap before GC invocations=11 (full 0):
 garbage-first heap   total 174080K, used 120021K [0x0000000680000000, 0x0000000800000000)
  region size 1024K, 102 young (104448K), 5 survivors (5120K)
 Metaspace       used 33138K, capacity 34028K, committed 34224K, reserved 1079296K
  class space    used 5020K, capacity 5353K, committed 5376K, reserved 1048576K
}
Event: 3.257 GC heap after
{Heap after GC invocations=12 (full 0):
 garbage-first heap   total 174080K, used 20748K [0x0000000680000000, 0x0000000800000000)
  region size 1024K, 5 young (5120K), 5 survivors (5120K)
 Metaspace       used 33138K, capacity 34028K, committed 34224K, reserved 1079296K
  class space    used 5020K, capacity 5353K, committed 5376K, reserved 1048576K
}
Event: 3.380 GC heap before
{Heap before GC invocations=12 (full 0):
 garbage-first heap   total 174080K, used 120076K [0x0000000680000000, 0x0000000800000000)
  region size 1024K, 102 young (104448K), 5 survivors (5120K)
 Metaspace       used 33140K, capacity 34033K, committed 34224K, reserved 1079296K
  class space    used 5020K, capacity 5353K, committed 5376K, reserved 1048576K
}
Event: 3.385 GC heap after
{Heap after GC invocations=13 (full 0):
 garbage-first heap   total 174080K, used 20913K [0x0000000680000000, 0x0000000800000000)
  region size 1024K, 5 young (5120K), 5 survivors (5120K)
 Metaspace       used 33140K, capacity 34033K, committed 34224K, reserved 1079296K
  class space    used 5020K, capacity 5353K, committed 5376K, reserved 1048576K
}
Event: 3.508 GC heap before
{Heap before GC invocations=13 (full 0):
 garbage-first heap   total 174080K, used 120241K [0x0000000680000000, 0x0000000800000000)
  region size 1024K, 102 young (104448K), 5 survivors (5120K)
 Metaspace       used 33140K, capacity 34033K, committed 34224K, reserved 1079296K
  class space    used 5020K, capacity 5353K, committed 5376K, reserved 1048576K
}
Event: 3.514 GC heap after
{Heap after GC invocations=14 (full 0):
 garbage-first heap   total 174080K, used 20767K [0x0000000680000000, 0x0000000800000000)
  region size 1024K, 5 young (5120K), 5 survivors (5120K)
 Metaspace       used 33140K, capacity 34033K, committed 34224K, reserved 1079296K
  class space    used 5020K, capacity 5353K, committed 5376K, reserved 1048576K
}
Event: 3.636 GC heap before
{Heap before GC invocations=14 (full 0):
 garbage-first heap   total 174080K, used 120095K [0x0000000680000000, 0x0000000800000000)
  region size 1024K, 102 young (104448K), 5 survivors (5120K)
 Metaspace       used 33140K, capacity 34033K, committed 34224K, reserved 1079296K
  class space    used 5020K, capacity 5353K, committed 5376K, reserved 1048576K
}
Event: 3.640 GC heap after
{Heap after GC invocations=15 (full 0):
 garbage-first heap   total 208896K, used 20945K [0x0000000680000000, 0x0000000800000000)
  region size 1024K, 5 young (5120K), 5 survivors (5120K)
 Metaspace       used 33140K, capacity 34033K, committed 34224K, reserved 1079296K
  class space    used 5020K, capacity 5353K, committed 5376K, reserved 1048576K
}
Event: 3.798 GC heap before
{Heap before GC invocations=15 (full 0):
 garbage-first heap   total 208896K, used 140753K [0x0000000680000000, 0x0000000800000000)
  region size 1024K, 122 young (124928K), 5 survivors (5120K)
 Metaspace       used 33140K, capacity 34033K, committed 34224K, reserved 1079296K
  class space    used 5020K, capacity 5353K, committed 5376K, reserved 1048576K
}
Event: 3.804 GC heap after
{Heap after GC invocations=16 (full 0):
 garbage-first heap   total 208896K, used 21123K [0x0000000680000000, 0x0000000800000000)
  region size 1024K, 5 young (5120K), 5 survivors (5120K)
 Metaspace       used 33140K, capacity 34033K, committed 34224K, reserved 1079296K
  class space    used 5020K, capacity 5353K, committed 5376K, reserved 1048576K
}
Event: 4.149 GC heap before
{Heap before GC invocations=16 (full 0):
 garbage-first heap   total 208896K, used 96899K [0x0000000680000000, 0x0000000800000000)
  region size 1024K, 80 young (81920K), 5 survivors (5120K)
 Metaspace       used 34782K, capacity 35864K, committed 35920K, reserved 1079296K
  class space    used 5358K, capacity 5792K, committed 5792K, reserved 1048576K
}
Event: 4.159 GC heap after
{Heap after GC invocations=17 (full 0):
 garbage-first heap   total 208896K, used 22317K [0x0000000680000000, 0x0000000800000000)
  region size 1024K, 6 young (6144K), 6 survivors (6144K)
 Metaspace       used 34782K, capacity 35864K, committed 35920K, reserved 1079296K
  class space    used 5358K, capacity 5792K, committed 5792K, reserved 1048576K
}

Deoptimization events (20 events):
Event: 4.082 Thread 0x0000718904015800 Uncommon trap: trap_request=0xffffffc6 fr.pc=0x00007188f42a37e8 relative=0x0000000000002188
Event: 4.082 Thread 0x0000718904015800 Uncommon trap: reason=bimorphic_or_optimized_type_check action=maybe_recompile pc=0x00007188f42a37e8 method=scala.collection.StrictOptimizedIterableOps.map(Lscala/Function1;)Ljava/lang/Object; @ 1 c2
Event: 4.082 Thread 0x0000718904015800 DEOPT PACKING pc=0x00007188f42a37e8 sp=0x00007189097fcc90
Event: 4.082 Thread 0x0000718904015800 DEOPT UNPACKING pc=0x00007188ec649ea5 sp=0x00007189097fcc88 mode 2
Event: 4.123 Thread 0x0000718904015800 Uncommon trap: trap_request=0xffffffde fr.pc=0x00007188f428a510 relative=0x0000000000000a50
Event: 4.123 Thread 0x0000718904015800 Uncommon trap: reason=class_check action=maybe_recompile pc=0x00007188f428a510 method=scala.collection.IterableOps$WithFilter.$anonfun$withFilter$1(Lscala/collection/IterableOps$WithFilter;Lscala/Function1;Ljava/lang/Object;)Z @ 5 c2
Event: 4.123 Thread 0x0000718904015800 DEOPT PACKING pc=0x00007188f428a510 sp=0x00007189097fc860
Event: 4.123 Thread 0x0000718904015800 DEOPT UNPACKING pc=0x00007188ec649ea5 sp=0x00007189097fc748 mode 2
Event: 4.125 Thread 0x0000718904015800 Uncommon trap: trap_request=0xffffffde fr.pc=0x00007188f428a510 relative=0x0000000000000a50
Event: 4.125 Thread 0x0000718904015800 Uncommon trap: reason=class_check action=maybe_recompile pc=0x00007188f428a510 method=scala.collection.IterableOps$WithFilter.$anonfun$withFilter$1(Lscala/collection/IterableOps$WithFilter;Lscala/Function1;Ljava/lang/Object;)Z @ 5 c2
Event: 4.125 Thread 0x0000718904015800 DEOPT PACKING pc=0x00007188f428a510 sp=0x00007189097fc860
Event: 4.125 Thread 0x0000718904015800 DEOPT UNPACKING pc=0x00007188ec649ea5 sp=0x00007189097fc748 mode 2
Event: 4.125 Thread 0x0000718904015800 Uncommon trap: trap_request=0xffffffde fr.pc=0x00007188f428a510 relative=0x0000000000000a50
Event: 4.125 Thread 0x0000718904015800 Uncommon trap: reason=class_check action=maybe_recompile pc=0x00007188f428a510 method=scala.collection.IterableOps$WithFilter.$anonfun$withFilter$1(Lscala/collection/IterableOps$WithFilter;Lscala/Function1;Ljava/lang/Object;)Z @ 5 c2
Event: 4.125 Thread 0x0000718904015800 DEOPT PACKING pc=0x00007188f428a510 sp=0x00007189097fc860
Event: 4.125 Thread 0x0000718904015800 DEOPT UNPACKING pc=0x00007188ec649ea5 sp=0x00007189097fc748 mode 2
Event: 4.134 Thread 0x0000718904015800 Uncommon trap: trap_request=0xffffffde fr.pc=0x00007188f428a510 relative=0x0000000000000a50
Event: 4.134 Thread 0x0000718904015800 Uncommon trap: reason=class_check action=maybe_recompile pc=0x00007188f428a510 method=scala.collection.IterableOps$WithFilter.$anonfun$withFilter$1(Lscala/collection/IterableOps$WithFilter;Lscala/Function1;Ljava/lang/Object;)Z @ 5 c2
Event: 4.134 Thread 0x0000718904015800 DEOPT PACKING pc=0x00007188f428a510 sp=0x00007189097fc860
Event: 4.134 Thread 0x0000718904015800 DEOPT UNPACKING pc=0x00007188ec649ea5 sp=0x00007189097fc748 mode 2

Classes redefined (0 events):
No events

Internal exceptions (20 events):
Event: 0.395 Thread 0x0000718904015800 Exception <a 'java/lang/NoSuchMethodError'{0x00000006864bb390}: 'java.lang.Object java.lang.invoke.DirectMethodHandle$Holder.invokeStatic(java.lang.Object, java.lang.Object, java.lang.Object, java.lang.Object, java.lang.Object, java.lang.Object, java.lang.Object, java.lang.Object, java.lang.Object, java.lang.Object, java.lang.Object, java.lang.Object, java.lang.Object, int)'> (0x00000006864bb390) thrown at [./src/hotspot/share/interpreter/linkResolver.cpp, line 772]
Event: 0.396 Thread 0x0000718904015800 Exception <a 'java/lang/NoSuchMethodError'{0x00000006864c78d0}: 'java.lang.Object java.lang.invoke.DirectMethodHandle$Holder.invokeStatic(java.lang.Object, java.lang.Object, java.lang.Object, java.lang.Object, java.lang.Object, java.lang.Object, java.lang.Object, java.lang.Object, java.lang.Object, java.lang.Object, java.lang.Object, java.lang.Object, java.lang.Object, int, int)'> (0x00000006864c78d0) thrown at [./src/hotspot/share/interpreter/linkResolver.cpp, line 772]
Event: 0.397 Thread 0x0000718904015800 Exception <a 'java/lang/NoSuchMethodError'{0x00000006864d4040}: 'java.lang.Object java.lang.invoke.DirectMethodHandle$Holder.invokeStatic(java.lang.Object, java.lang.Object, java.lang.Object, java.lang.Object, java.lang.Object, java.lang.Object, java.lang.Object, java.lang.Object, java.lang.Object, java.lang.Object, java.lang.Object, java.lang.Object, java.lang.Object, int, int, java.lang.Object)'> (0x00000006864d4040) thrown at [./src/hotspot/share/interpreter/linkResolver.cpp, line 772]
Event: 0.417 Thread 0x0000718904015800 Exception <a 'java/lang/NoSuchMethodError'{0x00000006863cf5b0}: 'void java.lang.invoke.DirectMethodHandle$Holder.invokeStaticInit(java.lang.Object, java.lang.Object, java.lang.Object)'> (0x00000006863cf5b0) thrown at [./src/hotspot/share/interpreter/linkResolver.cpp, line 772]
Event: 0.594 Thread 0x0000718904015800 Exception <a 'java/lang/NoSuchMethodError'{0x00000006867b00f8}: 'int java.lang.invoke.DirectMethodHandle$Holder.invokeSpecialIFC(java.lang.Object, java.lang.Object, int)'> (0x00000006867b00f8) thrown at [./src/hotspot/share/interpreter/linkResolver.cpp, line 772]
Event: 0.847 Thread 0x0000718904015800 Exception <a 'java/lang/NoSuchMethodError'{0x0000000685da3dc0}: 'void java.lang.invoke.DirectMethodHandle$Holder.invokeStatic(java.lang.Object, java.lang.Object, java.lang.Object, java.lang.Object, java.lang.Object)'> (0x0000000685da3dc0) thrown at [./src/hotspot/share/interpreter/linkResolver.cpp, line 772]
Event: 0.862 Thread 0x0000718904015800 Exception <a 'java/lang/NoSuchMethodError'{0x0000000685cc4cc8}: 'int java.lang.invoke.DirectMethodHandle$Holder.invokeInterface(java.lang.Object, java.lang.Object)'> (0x0000000685cc4cc8) thrown at [./src/hotspot/share/interpreter/linkResolver.cpp, line 772]
Event: 0.910 Thread 0x0000718904015800 Exception <a 'java/lang/NoSuchMethodError'{0x0000000686f15e98}: 'int java.lang.invoke.DirectMethodHandle$Holder.invokeVirtual(java.lang.Object, java.lang.Object)'> (0x0000000686f15e98) thrown at [./src/hotspot/share/interpreter/linkResolver.cpp, line 772]
Event: 1.312 Thread 0x0000718904015800 Exception <a 'java/lang/NoSuchMethodError'{0x00000006853d01b0}: 'void java.lang.invoke.DirectMethodHandle$Holder.invokeStaticInit(java.lang.Object, java.lang.Object)'> (0x00000006853d01b0) thrown at [./src/hotspot/share/interpreter/linkResolver.cpp, line 772]
Event: 1.323 Thread 0x0000718904015800 Exception <a 'java/lang/NoSuchMethodError'{0x000000068522f190}: 'void java.lang.invoke.DirectMethodHandle$Holder.invokeSpecial(java.lang.Object, java.lang.Object, java.lang.Object, java.lang.Object, java.lang.Object)'> (0x000000068522f190) thrown at [./src/hotspot/share/interpreter/linkResolver.cpp, line 772]
Event: 1.533 Thread 0x0000718904015800 Exception <a 'java/lang/NoSuchMethodError'{0x0000000683ad9280}: 'void java.lang.invoke.DirectMethodHandle$Holder.invokeVirtual(java.lang.Object, java.lang.Object)'> (0x0000000683ad9280) thrown at [./src/hotspot/share/interpreter/linkResolver.cpp, line 772]
Event: 1.565 Thread 0x0000718904015800 Exception <a 'java/lang/NoSuchMethodError'{0x00000006837214d0}: 'int java.lang.invoke.DirectMethodHandle$Holder.invokeSpecial(java.lang.Object, java.lang.Object, java.lang.Object, java.lang.Object)'> (0x00000006837214d0) thrown at [./src/hotspot/share/interpreter/linkResolver.cpp, line 772]
Event: 1.566 Thread 0x0000718904015800 Exception <a 'java/lang/NoSuchMethodError'{0x0000000683728b68}: 'void java.lang.invoke.DirectMethodHandle$Holder.invokeSpecial(java.lang.Object, java.lang.Object, java.lang.Object, java.lang.Object)'> (0x0000000683728b68) thrown at [./src/hotspot/share/interpreter/linkResolver.cpp, line 772]
Event: 1.622 Thread 0x0000718904015800 Exception <a 'java/lang/NoSuchMethodError'{0x0000000686e95de0}: 'int java.lang.invoke.DirectMethodHandle$Holder.invokeStaticInit(java.lang.Object, java.lang.Object, java.lang.Object)'> (0x0000000686e95de0) thrown at [./src/hotspot/share/interpreter/linkResolver.cpp, line 772]
Event: 1.717 Thread 0x0000718904015800 Exception <a 'java/lang/NoSuchMethodError'{0x0000000686992388}: 'int java.lang.invoke.DirectMethodHandle$Holder.invokeStaticInit(java.lang.Object, java.lang.Object)'> (0x0000000686992388) thrown at [./src/hotspot/share/interpreter/linkResolver.cpp, line 772]
Event: 1.850 Thread 0x0000718904015800 Exception <a 'java/lang/NoSuchMethodError'{0x00000006861954a0}: 'void java.lang.invoke.DirectMethodHandle$Holder.invokeVirtual(java.lang.Object, java.lang.Object, java.lang.Object, java.lang.Object)'> (0x00000006861954a0) thrown at [./src/hotspot/share/interpreter/linkResolver.cpp, line 772]
Event: 1.856 Thread 0x0000718904015800 Exception <a 'java/lang/NoSuchMethodError'{0x00000006861f12b0}: 'java.lang.Object java.lang.invoke.DirectMethodHandle$Holder.invokeStaticInit(java.lang.Object, java.lang.Object, java.lang.Object, java.lang.Object)'> (0x00000006861f12b0) thrown at [./src/hotspot/share/interpreter/linkResolver.cpp, line 772]
Event: 1.999 Thread 0x0000718904015800 Exception <a 'java/lang/NoSuchMethodError'{0x0000000685a72218}: 'void java.lang.invoke.DirectMethodHandle$Holder.invokeSpecial(java.lang.Object, java.lang.Object)'> (0x0000000685a72218) thrown at [./src/hotspot/share/interpreter/linkResolver.cpp, line 772]
Event: 1.999 Thread 0x0000718904015800 Exception <a 'java/lang/NoSuchMethodError'{0x0000000685a74e80}: 'void java.lang.invoke.Invokers$Holder.invoke_MT(java.lang.Object, java.lang.Object)'> (0x0000000685a74e80) thrown at [./src/hotspot/share/interpreter/linkResolver.cpp, line 772]
Event: 2.117 Thread 0x0000718904015800 Exception <a 'java/lang/NoSuchMethodError'{0x00000006854d3010}: 'void java.lang.invoke.DirectMethodHandle$Holder.invokeStatic(java.lang.Object, java.lang.Object, int)'> (0x00000006854d3010) thrown at [./src/hotspot/share/interpreter/linkResolver.cpp, line 772]

Events (20 events):
Event: 4.148 loading class scala/collection/immutable/Nil$
Event: 4.148 loading class scala/collection/immutable/Nil$ done
Event: 4.148 loading class scala/Function0
Event: 4.148 loading class scala/Function0 done
Event: 4.149 loading class org/geneontology/whelk/ReasonerState
Event: 4.149 loading class org/geneontology/whelk/ReasonerState done
Event: 4.149 loading class org/geneontology/whelk/ReasonerState
Event: 4.149 loading class org/geneontology/whelk/ReasonerState done
Event: 4.149 loading class scala/collection/mutable/Stack
Event: 4.149 loading class scala/collection/mutable/Stack done
Event: 4.149 loading class org/geneontology/whelk/SelfRestriction
Event: 4.149 loading class org/geneontology/whelk/SelfRestriction done
Event: 4.149 loading class scala/collection/mutable/Stack
Event: 4.149 loading class scala/collection/mutable/Stack done
Event: 4.149 Executing VM operation: CollectForMetadataAllocation
Event: 4.159 Executing VM operation: CollectForMetadataAllocation done
Event: 4.160 loading class scala/collection/immutable/Map$Map3$$anon$4
Event: 4.160 loading class scala/collection/immutable/Map$Map3$$anon$4 done
Event: 4.164 loading class org/geneontology/whelk/MaxCardinalityRestriction
Event: 4.164 loading class org/geneontology/whelk/MaxCardinalityRestriction done


Dynamic libraries:
680000000-68ca00000 rw-p 00000000 00:00 0 
68ca00000-7bf800000 ---p 00000000 00:00 0 
7bf800000-7bf848000 rw-p 00b14000 00:54 11408112                         /usr/lib/jvm/java-11-openjdk-amd64/lib/server/classes.jsa
7bf848000-7bf900000 rw-p 00000000 00:00 0 
7bf900000-7bfc00000 ---p 00000000 00:00 0 
7bfc00000-7bfc6c000 rw-p 00aa8000 00:54 11408112                         /usr/lib/jvm/java-11-openjdk-amd64/lib/server/classes.jsa
7bfc6c000-7bfd00000 rw-p 00000000 00:00 0 
7bfd00000-800000000 ---p 00000000 00:00 0 
800000000-800002000 rwxp 00001000 00:54 11408112                         /usr/lib/jvm/java-11-openjdk-amd64/lib/server/classes.jsa
800002000-8003ce000 rw-p 00003000 00:54 11408112                         /usr/lib/jvm/java-11-openjdk-amd64/lib/server/classes.jsa
8003ce000-800aa6000 r--p 003cf000 00:54 11408112                         /usr/lib/jvm/java-11-openjdk-amd64/lib/server/classes.jsa
800aa6000-800aa7000 rw-p 00aa7000 00:54 11408112                         /usr/lib/jvm/java-11-openjdk-amd64/lib/server/classes.jsa
840000000-8405c8000 rw-p 00000000 00:00 0 
8405c8000-880000000 ---p 00000000 00:00 0 
59dd2fb57000-59dd2fb58000 r--p 00000000 00:54 11407850                   /usr/lib/jvm/java-11-openjdk-amd64/bin/java
59dd2fb58000-59dd2fb59000 r-xp 00001000 00:54 11407850                   /usr/lib/jvm/java-11-openjdk-amd64/bin/java
59dd2fb59000-59dd2fb5a000 r--p 00002000 00:54 11407850                   /usr/lib/jvm/java-11-openjdk-amd64/bin/java
59dd2fb5a000-59dd2fb5b000 r--p 00002000 00:54 11407850                   /usr/lib/jvm/java-11-openjdk-amd64/bin/java
59dd2fb5b000-59dd2fb5c000 rw-p 00003000 00:54 11407850                   /usr/lib/jvm/java-11-openjdk-amd64/bin/java
59dd584aa000-59dd584cb000 rw-p 00000000 00:00 0                          [heap]
718880000000-718880021000 rw-p 00000000 00:00 0 
718880021000-718884000000 ---p 00000000 00:00 0 
718884000000-71888469c000 rw-p 00000000 00:00 0 
71888469c000-718888000000 ---p 00000000 00:00 0 
718888000000-718888021000 rw-p 00000000 00:00 0 
718888021000-71888c000000 ---p 00000000 00:00 0 
71888c000000-71888c021000 rw-p 00000000 00:00 0 
71888c021000-718890000000 ---p 00000000 00:00 0 
718890000000-718890021000 rw-p 00000000 00:00 0 
718890021000-718894000000 ---p 00000000 00:00 0 
718894000000-718894021000 rw-p 00000000 00:00 0 
718894021000-718898000000 ---p 00000000 00:00 0 
718898000000-718898021000 rw-p 00000000 00:00 0 
718898021000-71889c000000 ---p 00000000 00:00 0 
71889c000000-71889dc1d000 rw-p 00000000 00:00 0 
71889dc1d000-7188a0000000 ---p 00000000 00:00 0 
7188a0000000-7188a0021000 rw-p 00000000 00:00 0 
7188a0021000-7188a4000000 ---p 00000000 00:00 0 
7188a4000000-7188a4021000 rw-p 00000000 00:00 0 
7188a4021000-7188a8000000 ---p 00000000 00:00 0 
7188a8000000-7188a9107000 rw-p 00000000 00:00 0 
7188a9107000-7188ac000000 ---p 00000000 00:00 0 
7188ac000000-7188acee8000 rw-p 00000000 00:00 0 
7188acee8000-7188b0000000 ---p 00000000 00:00 0 
7188b0000000-7188b0021000 rw-p 00000000 00:00 0 
7188b0021000-7188b4000000 ---p 00000000 00:00 0 
7188b4000000-7188b4021000 rw-p 00000000 00:00 0 
7188b4021000-7188b8000000 ---p 00000000 00:00 0 
7188b8000000-7188b8021000 rw-p 00000000 00:00 0 
7188b8021000-7188bc000000 ---p 00000000 00:00 0 
7188bc000000-7188bc021000 rw-p 00000000 00:00 0 
7188bc021000-7188c0000000 ---p 00000000 00:00 0 
7188c0000000-7188c0066000 rw-p 00000000 00:00 0 
7188c0066000-7188c4000000 ---p 00000000 00:00 0 
7188c4000000-7188c4021000 rw-p 00000000 00:00 0 
7188c4021000-7188c8000000 ---p 00000000 00:00 0 
7188c9297000-7188c94ff000 rw-p 00000000 00:00 0 
7188c94ff000-7188c9500000 ---p 00000000 00:00 0 
7188c9500000-7188c9600000 rw-p 00000000 00:00 0 
7188c9600000-7188c97b3000 rw-p 00000000 00:00 0 
7188c97b3000-7188c9800000 ---p 00000000 00:00 0 
7188c9800000-7188c9a00000 rw-p 00000000 00:00 0 
7188c9aff000-7188c9b00000 ---p 00000000 00:00 0 
7188c9b00000-7188c9c00000 rw-p 00000000 00:00 0 
7188c9c00000-7188c9e00000 rw-p 00000000 00:00 0 
7188c9e00000-7188ca000000 rw-p 00000000 00:00 0 
7188ca000000-7188ca200000 rw-p 00000000 00:00 0 
7188ca200000-7188ca400000 rw-p 00000000 00:00 0 
7188ca400000-7188ca5ec000 rw-p 00000000 00:00 0 
7188ca5ec000-7188ca600000 ---p 00000000 00:00 0 
7188ca600000-7188ca604000 ---p 00000000 00:00 0 
7188ca604000-7188ca700000 rw-p 00000000 00:00 0 
7188ca700000-7188ca704000 ---p 00000000 00:00 0 
7188ca704000-7188ca800000 rw-p 00000000 00:00 0 
7188ca800000-7188caa00000 rw-p 00000000 00:00 0 
7188caa00000-7188cac00000 rw-p 00000000 00:00 0 
7188cac00000-7188cae00000 rw-p 00000000 00:00 0 
7188cae00000-7188cb000000 rw-p 00000000 00:00 0 
7188cb0fe000-7188cb102000 ---p 00000000 00:00 0 
7188cb102000-7188cb1fe000 rw-p 00000000 00:00 0 
7188cb1fe000-7188cb1ff000 ---p 00000000 00:00 0 
7188cb1ff000-7188cb2ff000 rw-p 00000000 00:00 0 
7188cb2ff000-7188cb303000 ---p 00000000 00:00 0 
7188cb303000-7188cb3ff000 rw-p 00000000 00:00 0 
7188cb3ff000-7188cb403000 ---p 00000000 00:00 0 
7188cb403000-7188cb4ff000 rw-p 00000000 00:00 0 
7188cb4ff000-7188cb500000 ---p 00000000 00:00 0 
7188cb500000-7188cb600000 rw-p 00000000 00:00 0 
7188cb600000-7188cb604000 ---p 00000000 00:00 0 
7188cb604000-7188cb700000 rw-p 00000000 00:00 0 
7188cb700000-7188cb704000 ---p 00000000 00:00 0 
7188cb704000-7188cb800000 rw-p 00000000 00:00 0 
7188cb800000-7188cc000000 rw-p 00000000 00:00 0 
7188cc000000-7188cc170000 rw-p 00000000 00:00 0 
7188cc170000-7188d0000000 ---p 00000000 00:00 0 
7188d0000000-7188d0021000 rw-p 00000000 00:00 0 
7188d0021000-7188d4000000 ---p 00000000 00:00 0 
7188d4000000-7188d4021000 rw-p 00000000 00:00 0 
7188d4021000-7188d8000000 ---p 00000000 00:00 0 
7188d80fe000-7188d8102000 ---p 00000000 00:00 0 
7188d8102000-7188d81fe000 rw-p 00000000 00:00 0 
7188d81fe000-7188d8202000 ---p 00000000 00:00 0 
7188d8202000-7188d82fe000 rw-p 00000000 00:00 0 
7188d82fe000-7188d8302000 ---p 00000000 00:00 0 
7188d8302000-7188d83fe000 rw-p 00000000 00:00 0 
7188d83fe000-7188d8402000 ---p 00000000 00:00 0 
7188d8402000-7188d84fe000 rw-p 00000000 00:00 0 
7188d84fe000-7188d8502000 ---p 00000000 00:00 0 
7188d8502000-7188d85fe000 rw-p 00000000 00:00 0 
7188d85fe000-7188d85ff000 ---p 00000000 00:00 0 
7188d85ff000-7188d86ff000 rw-p 00000000 00:00 0 
7188d86ff000-7188d8700000 ---p 00000000 00:00 0 
7188d8700000-7188d8800000 rw-p 00000000 00:00 0 
7188d8800000-7188dab28000 rw-p 00000000 00:00 0 
7188dab28000-7188df7e0000 ---p 00000000 00:00 0 
7188df7e0000-7188df7e4000 rw-p 00000000 00:00 0 
7188df7e4000-7188df7f0000 ---p 00000000 00:00 0 
7188df7f0000-7188df7f4000 rw-p 00000000 00:00 0 
7188df7f4000-7188e0800000 ---p 00000000 00:00 0 
7188e0800000-7188e0b28000 rw-p 00000000 00:00 0 
7188e0b28000-7188e57e0000 ---p 00000000 00:00 0 
7188e57e0000-7188e57e4000 rw-p 00000000 00:00 0 
7188e57e4000-7188e57f0000 ---p 00000000 00:00 0 
7188e57f0000-7188e57f4000 rw-p 00000000 00:00 0 
7188e57f4000-7188e6800000 ---p 00000000 00:00 0 
7188e6800000-7188e6865000 rw-p 00000000 00:00 0 
7188e6865000-7188e71fc000 ---p 00000000 00:00 0 
7188e71fc000-7188e71fd000 rw-p 00000000 00:00 0 
7188e71fd000-7188e71fe000 ---p 00000000 00:00 0 
7188e71fe000-7188e71ff000 rw-p 00000000 00:00 0 
7188e71ff000-7188e7400000 ---p 00000000 00:00 0 
7188e7400000-7188e7465000 rw-p 00000000 00:00 0 
7188e7465000-7188e7dfc000 ---p 00000000 00:00 0 
7188e7dfc000-7188e7dfd000 rw-p 00000000 00:00 0 
7188e7dfd000-7188e7dfe000 ---p 00000000 00:00 0 
7188e7dfe000-7188e7dff000 rw-p 00000000 00:00 0 
7188e7dff000-7188e8000000 ---p 00000000 00:00 0 
7188e8000000-7188e8021000 rw-p 00000000 00:00 0 
7188e8021000-7188ec000000 ---p 00000000 00:00 0 
7188ec0fb000-7188ec0fc000 ---p 00000000 00:00 0 
7188ec0fc000-7188ec1fc000 rw-p 00000000 00:00 0 
7188ec1fc000-7188ec600000 rw-p 00000000 00:00 0 
7188ec600000-7188ec870000 rwxp 00000000 00:00 0 
7188ec870000-7188ecb90000 ---p 00000000 00:00 0 
7188ecb90000-7188ed3a0000 rwxp 00000000 00:00 0 
7188ed3a0000-7188f40c8000 ---p 00000000 00:00 0 
7188f40c8000-7188f4338000 rwxp 00000000 00:00 0 
7188f4338000-7188fb600000 ---p 00000000 00:00 0 
7188fb6be000-7188fb6bf000 ---p 00000000 00:00 0 
7188fb6bf000-7188fb7bf000 rw-p 00000000 00:00 0 
7188fb7bf000-718904000000 r--s 00000000 00:54 11408101                   /usr/lib/jvm/java-11-openjdk-amd64/lib/modules
718904000000-71890533c000 rw-p 00000000 00:00 0 
71890533c000-718908000000 ---p 00000000 00:00 0 
71890807a000-71890807e000 r--p 00000000 00:54 11408091                   /usr/lib/jvm/java-11-openjdk-amd64/lib/libnet.so
71890807e000-71890808c000 r-xp 00004000 00:54 11408091                   /usr/lib/jvm/java-11-openjdk-amd64/lib/libnet.so
71890808c000-718908090000 r--p 00012000 00:54 11408091                   /usr/lib/jvm/java-11-openjdk-amd64/lib/libnet.so
718908090000-718908091000 r--p 00015000 00:54 11408091                   /usr/lib/jvm/java-11-openjdk-amd64/lib/libnet.so
718908091000-718908092000 rw-p 00016000 00:54 11408091                   /usr/lib/jvm/java-11-openjdk-amd64/lib/libnet.so
718908092000-718908099000 r--p 00000000 00:54 11408092                   /usr/lib/jvm/java-11-openjdk-amd64/lib/libnio.so
718908099000-7189080a1000 r-xp 00007000 00:54 11408092                   /usr/lib/jvm/java-11-openjdk-amd64/lib/libnio.so
7189080a1000-7189080a4000 r--p 0000f000 00:54 11408092                   /usr/lib/jvm/java-11-openjdk-amd64/lib/libnio.so
7189080a4000-7189080a5000 r--p 00011000 00:54 11408092                   /usr/lib/jvm/java-11-openjdk-amd64/lib/libnio.so
7189080a5000-7189080a6000 rw-p 00012000 00:54 11408092                   /usr/lib/jvm/java-11-openjdk-amd64/lib/libnio.so
7189080a6000-7189080ff000 r--p 00000000 00:54 11404189                   /usr/lib/locale/C.utf8/LC_CTYPE
7189080ff000-718908100000 ---p 00000000 00:00 0 
718908100000-718908200000 rw-p 00000000 00:00 0 
718908200000-718908265000 rw-p 00000000 00:00 0 
718908265000-718908bfc000 ---p 00000000 00:00 0 
718908bfc000-718908bfd000 rw-p 00000000 00:00 0 
718908bfd000-718908bfe000 ---p 00000000 00:00 0 
718908bfe000-718908bff000 rw-p 00000000 00:00 0 
718908bff000-718908e00000 ---p 00000000 00:00 0 
718908e00000-718908e01000 r--p 00000000 00:54 11404196                   /usr/lib/locale/C.utf8/LC_NUMERIC
718908e01000-718908e02000 r--p 00000000 00:54 11404199                   /usr/lib/locale/C.utf8/LC_TIME
718908e02000-718908e03000 r--p 00000000 00:54 11404188                   /usr/lib/locale/C.utf8/LC_COLLATE
718908e03000-718908e04000 r--p 00000000 00:54 11404194                   /usr/lib/locale/C.utf8/LC_MONETARY
718908e04000-718908e05000 r--p 00000000 00:54 11404193                   /usr/lib/locale/C.utf8/LC_MESSAGES/SYS_LC_MESSAGES
718908e05000-718908e06000 r--p 00000000 00:54 11404197                   /usr/lib/locale/C.utf8/LC_PAPER
718908e06000-718908e07000 r--p 00000000 00:54 11404195                   /usr/lib/locale/C.utf8/LC_NAME
718908e07000-718908e08000 r--p 00000000 00:54 11404187                   /usr/lib/locale/C.utf8/LC_ADDRESS
718908e08000-718908e0f000 r--s 00000000 00:54 11404498                   /usr/lib/x86_64-linux-gnu/gconv/gconv-modules.cache
718908e0f000-7189093bc000 rw-p 00000000 00:00 0 
7189093bc000-7189093bd000 ---p 00000000 00:00 0 
7189093bd000-7189094bd000 rw-p 00000000 00:00 0 
7189094bd000-7189094c2000 rw-p 00000000 00:00 0 
7189094c2000-7189095a8000 ---p 00000000 00:00 0 
7189095a8000-7189095b9000 rw-p 00000000 00:00 0 
7189095b9000-718909693000 ---p 00000000 00:00 0 
718909693000-718909698000 rw-p 00000000 00:00 0 
718909698000-71890969f000 ---p 00000000 00:00 0 
71890969f000-7189096a1000 r--p 00000000 00:54 11408100                   /usr/lib/jvm/java-11-openjdk-amd64/lib/libzip.so
7189096a1000-7189096a6000 r-xp 00002000 00:54 11408100                   /usr/lib/jvm/java-11-openjdk-amd64/lib/libzip.so
7189096a6000-7189096a8000 r--p 00007000 00:54 11408100                   /usr/lib/jvm/java-11-openjdk-amd64/lib/libzip.so
7189096a8000-7189096a9000 r--p 00008000 00:54 11408100                   /usr/lib/jvm/java-11-openjdk-amd64/lib/libzip.so
7189096a9000-7189096aa000 rw-p 00009000 00:54 11408100                   /usr/lib/jvm/java-11-openjdk-amd64/lib/libzip.so
7189096aa000-7189096b2000 rw-s 00000000 00:54 11955534                   /tmp/hsperfdata_odkuser/519
7189096b2000-7189096b4000 r--p 00000000 00:54 11408083                   /usr/lib/jvm/java-11-openjdk-amd64/lib/libjimage.so
7189096b4000-7189096b7000 r-xp 00002000 00:54 11408083                   /usr/lib/jvm/java-11-openjdk-amd64/lib/libjimage.so
7189096b7000-7189096b8000 r--p 00005000 00:54 11408083                   /usr/lib/jvm/java-11-openjdk-amd64/lib/libjimage.so
7189096b8000-7189096b9000 r--p 00006000 00:54 11408083                   /usr/lib/jvm/java-11-openjdk-amd64/lib/libjimage.so
7189096b9000-7189096ba000 rw-p 00007000 00:54 11408083                   /usr/lib/jvm/java-11-openjdk-amd64/lib/libjimage.so
7189096ba000-7189096c8000 r--p 00000000 00:54 11408080                   /usr/lib/jvm/java-11-openjdk-amd64/lib/libjava.so
7189096c8000-7189096df000 r-xp 0000e000 00:54 11408080                   /usr/lib/jvm/java-11-openjdk-amd64/lib/libjava.so
7189096df000-7189096e6000 r--p 00025000 00:54 11408080                   /usr/lib/jvm/java-11-openjdk-amd64/lib/libjava.so
7189096e6000-7189096e7000 r--p 0002b000 00:54 11408080                   /usr/lib/jvm/java-11-openjdk-amd64/lib/libjava.so
7189096e7000-7189096e8000 rw-p 0002c000 00:54 11408080                   /usr/lib/jvm/java-11-openjdk-amd64/lib/libjava.so
7189096e8000-7189096e9000 rw-p 00000000 00:00 0 
7189096e9000-7189096ee000 r--p 00000000 00:54 11408099                   /usr/lib/jvm/java-11-openjdk-amd64/lib/libverify.so
7189096ee000-7189096f5000 r-xp 00005000 00:54 11408099                   /usr/lib/jvm/java-11-openjdk-amd64/lib/libverify.so
7189096f5000-7189096f7000 r--p 0000c000 00:54 11408099                   /usr/lib/jvm/java-11-openjdk-amd64/lib/libverify.so
7189096f7000-7189096f9000 r--p 0000d000 00:54 11408099                   /usr/lib/jvm/java-11-openjdk-amd64/lib/libverify.so
7189096f9000-7189096fa000 rw-p 0000f000 00:54 11408099                   /usr/lib/jvm/java-11-openjdk-amd64/lib/libverify.so
7189096fa000-7189096fb000 r--p 00000000 00:54 11404608                   /usr/lib/x86_64-linux-gnu/librt.so.1
7189096fb000-7189096fc000 r-xp 00001000 00:54 11404608                   /usr/lib/x86_64-linux-gnu/librt.so.1
7189096fc000-7189096fd000 r--p 00002000 00:54 11404608                   /usr/lib/x86_64-linux-gnu/librt.so.1
7189096fd000-7189096fe000 r--p 00002000 00:54 11404608                   /usr/lib/x86_64-linux-gnu/librt.so.1
7189096fe000-7189096ff000 rw-p 00003000 00:54 11404608                   /usr/lib/x86_64-linux-gnu/librt.so.1
7189096ff000-718909703000 ---p 00000000 00:00 0 
718909703000-7189097ff000 rw-p 00000000 00:00 0 
7189097ff000-718909803000 r--p 00000000 00:54 11404552                   /usr/lib/x86_64-linux-gnu/libgcc_s.so.1
718909803000-718909827000 r-xp 00004000 00:54 11404552                   /usr/lib/x86_64-linux-gnu/libgcc_s.so.1
718909827000-71890982b000 r--p 00028000 00:54 11404552                   /usr/lib/x86_64-linux-gnu/libgcc_s.so.1
71890982b000-71890982c000 r--p 0002b000 00:54 11404552                   /usr/lib/x86_64-linux-gnu/libgcc_s.so.1
71890982c000-71890982d000 rw-p 0002c000 00:54 11404552                   /usr/lib/x86_64-linux-gnu/libgcc_s.so.1
71890982d000-71890983d000 r--p 00000000 00:54 11404569                   /usr/lib/x86_64-linux-gnu/libm.so.6
71890983d000-7189098bc000 r-xp 00010000 00:54 11404569                   /usr/lib/x86_64-linux-gnu/libm.so.6
7189098bc000-718909914000 r--p 0008f000 00:54 11404569                   /usr/lib/x86_64-linux-gnu/libm.so.6
718909914000-718909915000 r--p 000e7000 00:54 11404569                   /usr/lib/x86_64-linux-gnu/libm.so.6
718909915000-718909916000 rw-p 000e8000 00:54 11404569                   /usr/lib/x86_64-linux-gnu/libm.so.6
718909916000-7189099b3000 r--p 00000000 00:54 11404620                   /usr/lib/x86_64-linux-gnu/libstdc++.so.6.0.33
7189099b3000-718909afb000 r-xp 0009d000 00:54 11404620                   /usr/lib/x86_64-linux-gnu/libstdc++.so.6.0.33
718909afb000-718909b82000 r--p 001e5000 00:54 11404620                   /usr/lib/x86_64-linux-gnu/libstdc++.so.6.0.33
718909b82000-718909b8d000 r--p 0026b000 00:54 11404620                   /usr/lib/x86_64-linux-gnu/libstdc++.so.6.0.33
718909b8d000-718909b90000 rw-p 00276000 00:54 11404620                   /usr/lib/x86_64-linux-gnu/libstdc++.so.6.0.33
718909b90000-718909b94000 rw-p 00000000 00:00 0 
718909b94000-718909e17000 r--p 00000000 00:54 11408114                   /usr/lib/jvm/java-11-openjdk-amd64/lib/server/libjvm.so
718909e17000-71890aacb000 r-xp 00283000 00:54 11408114                   /usr/lib/jvm/java-11-openjdk-amd64/lib/server/libjvm.so
71890aacb000-71890ad25000 r--p 00f37000 00:54 11408114                   /usr/lib/jvm/java-11-openjdk-amd64/lib/server/libjvm.so
71890ad25000-71890ade9000 r--p 01191000 00:54 11408114                   /usr/lib/jvm/java-11-openjdk-amd64/lib/server/libjvm.so
71890ade9000-71890ae24000 rw-p 01255000 00:54 11408114                   /usr/lib/jvm/java-11-openjdk-amd64/lib/server/libjvm.so
71890ae24000-71890ae7d000 rw-p 00000000 00:00 0 
71890ae7d000-71890aea5000 r--p 00000000 00:54 11404527                   /usr/lib/x86_64-linux-gnu/libc.so.6
71890aea5000-71890b02d000 r-xp 00028000 00:54 11404527                   /usr/lib/x86_64-linux-gnu/libc.so.6
71890b02d000-71890b07c000 r--p 001b0000 00:54 11404527                   /usr/lib/x86_64-linux-gnu/libc.so.6
71890b07c000-71890b080000 r--p 001fe000 00:54 11404527                   /usr/lib/x86_64-linux-gnu/libc.so.6
71890b080000-71890b082000 rw-p 00202000 00:54 11404527                   /usr/lib/x86_64-linux-gnu/libc.so.6
71890b082000-71890b08f000 rw-p 00000000 00:00 0 
71890b08f000-71890b092000 r--p 00000000 00:54 11408064                   /usr/lib/jvm/java-11-openjdk-amd64/lib/jli/libjli.so
71890b092000-71890b09c000 r-xp 00003000 00:54 11408064                   /usr/lib/jvm/java-11-openjdk-amd64/lib/jli/libjli.so
71890b09c000-71890b09f000 r--p 0000d000 00:54 11408064                   /usr/lib/jvm/java-11-openjdk-amd64/lib/jli/libjli.so
71890b09f000-71890b0a0000 r--p 00010000 00:54 11408064                   /usr/lib/jvm/java-11-openjdk-amd64/lib/jli/libjli.so
71890b0a0000-71890b0a1000 rw-p 00011000 00:54 11408064                   /usr/lib/jvm/java-11-openjdk-amd64/lib/jli/libjli.so
71890b0a1000-71890b0a3000 r--p 00000000 00:54 11404640                   /usr/lib/x86_64-linux-gnu/libz.so.1.3
71890b0a3000-71890b0b5000 r-xp 00002000 00:54 11404640                   /usr/lib/x86_64-linux-gnu/libz.so.1.3
71890b0b5000-71890b0bb000 r--p 00014000 00:54 11404640                   /usr/lib/x86_64-linux-gnu/libz.so.1.3
71890b0bb000-71890b0bc000 r--p 0001a000 00:54 11404640                   /usr/lib/x86_64-linux-gnu/libz.so.1.3
71890b0bc000-71890b0bd000 rw-p 0001b000 00:54 11404640                   /usr/lib/x86_64-linux-gnu/libz.so.1.3
71890b0bd000-71890b0be000 r--p 00000000 00:54 11404198                   /usr/lib/locale/C.utf8/LC_TELEPHONE
71890b0be000-71890b0bf000 r--p 00000000 00:54 11404191                   /usr/lib/locale/C.utf8/LC_MEASUREMENT
71890b0bf000-71890b0c0000 r--p 00000000 00:54 11404190                   /usr/lib/locale/C.utf8/LC_IDENTIFICATION
71890b0c0000-71890b0c1000 ---p 00000000 00:00 0 
71890b0c1000-71890b0c2000 r--p 00000000 00:00 0 
71890b0c2000-71890b0c4000 rw-p 00000000 00:00 0 
71890b0c4000-71890b0c6000 r--p 00000000 00:00 0                          [vvar]
71890b0c6000-71890b0c8000 r--p 00000000 00:00 0                          [vvar_vclock]
71890b0c8000-71890b0ca000 r-xp 00000000 00:00 0                          [vdso]
71890b0ca000-71890b0cb000 r--p 00000000 00:54 11404507                   /usr/lib/x86_64-linux-gnu/ld-linux-x86-64.so.2
71890b0cb000-71890b0f6000 r-xp 00001000 00:54 11404507                   /usr/lib/x86_64-linux-gnu/ld-linux-x86-64.so.2
71890b0f6000-71890b100000 r--p 0002c000 00:54 11404507                   /usr/lib/x86_64-linux-gnu/ld-linux-x86-64.so.2
71890b100000-71890b102000 r--p 00036000 00:54 11404507                   /usr/lib/x86_64-linux-gnu/ld-linux-x86-64.so.2
71890b102000-71890b104000 rw-p 00038000 00:54 11404507                   /usr/lib/x86_64-linux-gnu/ld-linux-x86-64.so.2
7fff5a85c000-7fff5a87e000 rw-p 00000000 00:00 0                          [stack]
ffffffffff600000-ffffffffff601000 --xp 00000000 00:00 0                  [vsyscall]


VM Arguments:
jvm_args: -Xmx6G 
java_command: /tools/robot.jar --catalog catalog-v001.xml annotate --input mirror/ro.owl --remove-annotations extract --term-file imports/ro_terms.txt --force true --copy-ontology-annotations true --individuals exclude --method SUBSET remove --term rdfs:label --term IAO:0000115 --term OMO:0002000 --term-file imports/ro_terms.txt --select complement --select annotation-properties annotate --ontology-iri http://purl.obolibrary.org/obo/tfsco/imports/ro_import.owl annotate -V http://purl.obolibrary.org/obo/tfsco/releases/2026-01-12/imports/ro_import.owl --annotation owl:versionInfo 2026-01-12 convert -f ofn --output imports/ro_import.owl.tmp.owl
java_class_path (initial): /tools/robot.jar
Launcher Type: SUN_STANDARD

[Global flags]
     intx CICompilerCount                          = 3                                         {product} {ergonomic}
     uint ConcGCThreads                            = 1                                         {product} {ergonomic}
     uint G1ConcRefinementThreads                  = 4                                         {product} {ergonomic}
   size_t G1HeapRegionSize                         = 1048576                                   {product} {ergonomic}
    uintx GCDrainStackTargetSize                   = 64                                        {product} {ergonomic}
   size_t InitialHeapSize                          = 117440512                                 {product} {ergonomic}
   size_t MarkStackSize                            = 4194304                                   {product} {ergonomic}
   size_t MaxHeapSize                              = 6442450944                                {product} {command line}
   size_t MaxNewSize                               = 3865051136                                {product} {ergonomic}
   size_t MinHeapDeltaBytes                        = 1048576                                   {product} {ergonomic}
    uintx NonNMethodCodeHeapSize                   = 5830732                                {pd product} {ergonomic}
    uintx NonProfiledCodeHeapSize                  = 122913754                              {pd product} {ergonomic}
    uintx ProfiledCodeHeapSize                     = 122913754                              {pd product} {ergonomic}
    uintx ReservedCodeCacheSize                    = 251658240                              {pd product} {ergonomic}
     bool SegmentedCodeCache                       = true                                      {product} {ergonomic}
     bool UseCompressedClassPointers               = true                                 {lp64_product} {ergonomic}
     bool UseCompressedOops                        = true                                 {lp64_product} {ergonomic}
     bool UseG1GC                                  = true                                      {product} {ergonomic}

Logging:
Log output configuration:
 #0: stdout all=warning uptime,level,tags
 #1: stderr all=off uptime,level,tags

Environment Variables:
JAVA_HOME=/usr
PATH=/tools/apache-jena/bin:/usr/local/share/swi-prolog/pack/sparqlprog/bin:/tools:/tools/dosdptools/bin:/tools/relation-graph/bin:/usr/local/sbin:/usr/local/bin:/usr/sbin:/usr/bin:/sbin:/bin:/home/odkuser/.local/bin
SHELL=/bin/bash
LANG=C.UTF-8
LC_ALL=C.UTF-8
TERM=xterm

Signal Handlers:
SIGSEGV: [libjvm.so+0xec3eb0], sa_mask[0]=11111111011111111101111111111110, sa_flags=SA_RESTART|SA_SIGINFO
SIGBUS: [libjvm.so+0xec3eb0], sa_mask[0]=11111111011111111101111111111110, sa_flags=SA_RESTART|SA_SIGINFO
SIGFPE: [libjvm.so+0xec3eb0], sa_mask[0]=11111111011111111101111111111110, sa_flags=SA_RESTART|SA_SIGINFO
SIGPIPE: [libjvm.so+0xbff180], sa_mask[0]=11111111011111111101111111111110, sa_flags=SA_RESTART|SA_SIGINFO
SIGXFSZ: [libjvm.so+0xbff180], sa_mask[0]=11111111011111111101111111111110, sa_flags=SA_RESTART|SA_SIGINFO
SIGILL: [libjvm.so+0xec3eb0], sa_mask[0]=11111111011111111101111111111110, sa_flags=SA_RESTART|SA_SIGINFO
SIGUSR2: [libjvm.so+0xbff030], sa_mask[0]=00000000000000000000000000000000, sa_flags=SA_RESTART|SA_SIGINFO
SIGHUP: [libjvm.so+0xbff7e0], sa_mask[0]=11111111011111111101111111111110, sa_flags=SA_RESTART|SA_SIGINFO
SIGINT: [libjvm.so+0xbff7e0], sa_mask[0]=11111111011111111101111111111110, sa_flags=SA_RESTART|SA_SIGINFO
SIGTERM: [libjvm.so+0xbff7e0], sa_mask[0]=11111111011111111101111111111110, sa_flags=SA_RESTART|SA_SIGINFO
SIGQUIT: [libjvm.so+0xbff7e0], sa_mask[0]=11111111011111111101111111111110, sa_flags=SA_RESTART|SA_SIGINFO


---------------  S Y S T E M  ---------------

OS:DISTRIB_ID=Ubuntu
DISTRIB_RELEASE=24.04
DISTRIB_CODENAME=noble
DISTRIB_DESCRIPTION="Ubuntu 24.04.2 LTS"
uname:Linux 6.14.0-37-generic #37~24.04.1-Ubuntu SMP PREEMPT_DYNAMIC Thu Nov 20 10:25:38 UTC 2 x86_64
OS uptime: 0 days 0:50 hours
libc:glibc 2.39 NPTL 2.39 
rlimit (soft/hard): STACK 8192k/infinity , CORE 0k/0k , NPROC infinity/infinity , NOFILE 524288/524288 , AS infinity/infinity , CPU infinity/infinity , DATA infinity/infinity , FSIZE infinity/infinity , MEMLOCK 8192k/8192k
load average:1.00 0.56 0.77

/proc/meminfo:
MemTotal:        7331108 kB
MemFree:          945036 kB
MemAvailable:    3054844 kB
Buffers:           35040 kB
Cached:          2328240 kB
SwapCached:        12912 kB
Active:          1581052 kB
Inactive:        3481852 kB
Active(anon):    1054496 kB
Inactive(anon):  1730552 kB
Active(file):     526556 kB
Inactive(file):  1751300 kB
Unevictable:          64 kB
Mlocked:              64 kB
SwapTotal:       2097148 kB
SwapFree:        1892824 kB
Zswap:                 0 kB
Zswapped:              0 kB
Dirty:               920 kB
Writeback:             0 kB
AnonPages:       2692700 kB
Mapped:          1237976 kB
Shmem:             85596 kB
KReclaimable:      99416 kB
Slab:             256168 kB
SReclaimable:      99416 kB
SUnreclaim:       156752 kB
KernelStack:       20864 kB
PageTables:        49864 kB
SecPageTables:      3700 kB
NFS_Unstable:          0 kB
Bounce:                0 kB
WritebackTmp:          0 kB
CommitLimit:     5762700 kB
Committed_AS:   17707908 kB
VmallocTotal:   34359738367 kB
VmallocUsed:       77376 kB
VmallocChunk:          0 kB
Percpu:             3200 kB
HardwareCorrupted:     0 kB
AnonHugePages:         0 kB
ShmemHugePages:        0 kB
ShmemPmdMapped:        0 kB
FileHugePages:         0 kB
FilePmdMapped:         0 kB
Unaccepted:            0 kB
HugePages_Total:       0
HugePages_Free:        0
HugePages_Rsvd:        0
HugePages_Surp:        0
Hugepagesize:       2048 kB
Hugetlb:               0 kB
DirectMap4k:     1171516 kB
DirectMap2M:     6406144 kB
DirectMap1G:     1048576 kB

/sys/kernel/mm/transparent_hugepage/enabled:
always [madvise] never
/sys/kernel/mm/transparent_hugepage/defrag (defrag/compaction efforts parameter):
always defer defer+madvise [madvise] never

Process Memory:
Virtual Size: 9605304K (peak: 17876280K)
Resident Set Size: 357724K (peak: 357724K) (anon: 329160K, file: 28564K, shmem: 0K)
Swapped out: 0K
C-Heap outstanding allocations: 82703K, retained: 20960K
glibc malloc tunables: (default)

/proc/sys/kernel/threads-max (system-wide limit on the number of threads):
56201
/proc/sys/vm/max_map_count (maximum number of memory map areas a process may have):
1048576
/proc/sys/kernel/pid_max (system-wide limit on number of process identifiers):
4194304

container (cgroup) information:
container_type: cgroupv2
cpu_cpuset_cpus: not supported
cpu_memory_nodes: not supported
active_processor_count: 4
cpu_quota: no quota
cpu_period: 100000
cpu_shares: no shares
memory_limit_in_bytes: unlimited
memory_and_swap_limit_in_bytes: unlimited
memory_soft_limit_in_bytes: unlimited
memory_usage_in_bytes: 429588 k
memory_max_usage_in_bytes: not supported
memory_swap_current_in_bytes: unlimited
memory_swap_max_limit_in_bytes: unlimited
maximum number of tasks: 8430
current number of tasks: 28

Steal ticks since vm start: 0
Steal ticks percentage since vm start:  0.000

CPU:total 4 (initial active 4) (4 cores per cpu, 1 threads per core) family 23 model 96 stepping 1 microcode 0x860010d, cmov, cx8, fxsr, mmx, sse, sse2, sse3, ssse3, sse4.1, sse4.2, popcnt, avx, avx2, aes, clmul, mmxext, 3dnowpref, lzcnt, sse4a, tsc, tscinvbit, tscinv, bmi1, bmi2, adx, sha, fma
CPU Model and flags from /proc/cpuinfo:
model name	: AMD Ryzen 3 4300U with Radeon Graphics
flags		: fpu vme de pse tsc msr pae mce cx8 apic sep mtrr pge mca cmov pat pse36 clflush mmx fxsr sse sse2 ht syscall nx mmxext fxsr_opt pdpe1gb rdtscp lm constant_tsc rep_good nopl xtopology nonstop_tsc cpuid extd_apicid aperfmperf rapl pni pclmulqdq monitor ssse3 fma cx16 sse4_1 sse4_2 movbe popcnt aes xsave avx f16c rdrand lahf_lm cmp_legacy svm extapic cr8_legacy abm sse4a misalignsse 3dnowprefetch osvw ibs skinit wdt tce topoext perfctr_core perfctr_nb bpext perfctr_llc mwaitx cpb cat_l3 cdp_l3 hw_pstate ssbd mba ibrs ibpb stibp vmmcall fsgsbase bmi1 avx2 smep bmi2 cqm rdt_a rdseed adx smap clflushopt clwb sha_ni xsaveopt xsavec xgetbv1 cqm_llc cqm_occup_llc cqm_mbm_total cqm_mbm_local clzero irperf xsaveerptr rdpru wbnoinvd cppc arat npt lbrv svm_lock nrip_save tsc_scale vmcb_clean flushbyasid decodeassists pausefilter pfthreshold avic v_vmsave_vmload vgif v_spec_ctrl umip rdpid overflow_recov succor smca
Online cpus:
0-3
Offline cpus:

BIOS frequency limitation:
2700000
Frequency switch latency (ns):
0
Available cpu frequencies:
2700000 1700000 1400000 
Current governor:
schedutil
Core performance/turbo boost:
1

Memory: 4k page, physical 7331108k(945036k free), swap 2097148k(1892824k free)

vm_info: OpenJDK 64-Bit Server VM (11.0.27+6-post-Ubuntu-0ubuntu124.04) for linux-amd64 JRE (11.0.27+6-post-Ubuntu-0ubuntu124.04), built on Apr 21 2025 06:05:47 by "unknown" with gcc 13.3.0

END.
